ℹ WandB tracking disabled
Producing dataset ptb...
Path being used: data/ptb/train.txt
Current working directory: /home/rajeev-kumar/Desktop/LoT
Path being used: data/ptb/valid.txt
Current working directory: /home/rajeev-kumar/Desktop/LoT
Path being used: data/ptb/test.txt
Current working directory: /home/rajeev-kumar/Desktop/LoT
building vocab with min_freq=0, max_size=None
final vocab size 10000 from 9999 unique tokens
================================================================================
PHASE 1: NEGATIVE FEEDBACK VARIANT
================================================================================
{
    "exp_name": "LoT_Phase1",
    "track": false,
    "feedback_type": "negative",
    "alpha": 0.1,
    "models_num": 2,
    "detach": 1,
    "gpu": 0,
    "seed": 0,
    "T": 1.5,
    "data": "ptb",
    "emsize": 650,
    "nhid": 650,
    "nlayers": 2,
    "lr": 20.0,
    "clip": 0.25,
    "epochs": 40,
    "batch_size": 20,
    "batch_chunk": 1,
    "bptt": 35,
    "dropout": 0.5,
    "student_steps_ratio": 4,
    "save": "ckpt/Phase1/negative_alpha0.1_seed0.pt",
    "opt": "SGD",
    "eval_interval": 1000,
    "max_step": 53120
}
================================================================================
Model 0: 19780400 parameters
Model 1: 19780400 parameters

Starting training...
Batch 200/1327 | T_Loss: 6.5061 | S_Loss: 6.3988 | KL(T→S): 0.0389 | KL(S→T): 0.0421 | Time: 8.34s
Batch 400/1327 | T_Loss: 6.0958 | S_Loss: 5.9939 | KL(T→S): 0.0876 | KL(S→T): 0.0953 | Time: 16.60s
Batch 600/1327 | T_Loss: 5.9620 | S_Loss: 5.9569 | KL(T→S): 0.0795 | KL(S→T): 0.0883 | Time: 24.86s
Batch 800/1327 | T_Loss: 5.5713 | S_Loss: 5.5893 | KL(T→S): 0.0969 | KL(S→T): 0.0975 | Time: 33.12s
Batch 1000/1327 | T_Loss: 5.5898 | S_Loss: 5.5739 | KL(T→S): 0.1467 | KL(S→T): 0.1486 | Time: 41.38s
Batch 1200/1327 | T_Loss: 5.0202 | S_Loss: 5.0178 | KL(T→S): 0.1745 | KL(S→T): 0.1738 | Time: 49.65s
================================================================================
Epoch 1/40 | Time: 56.34s
Train - Teacher Loss: 6.0247 | Student Loss: 6.0308
Valid - Teacher PPL: 221.51 | Student PPL: 225.15
KL(T→S): 0.1092 | KL(S→T): 0.1085
================================================================================
✓ Saved best model (PPL: 225.15)
Batch 200/1327 | T_Loss: 5.3422 | S_Loss: 5.3829 | KL(T→S): 0.1535 | KL(S→T): 0.1557 | Time: 8.26s
Batch 400/1327 | T_Loss: 5.0989 | S_Loss: 5.0711 | KL(T→S): 0.1927 | KL(S→T): 0.1961 | Time: 16.51s
Batch 600/1327 | T_Loss: 5.3737 | S_Loss: 5.3806 | KL(T→S): 0.1764 | KL(S→T): 0.1774 | Time: 24.78s
Batch 800/1327 | T_Loss: 5.1174 | S_Loss: 5.1270 | KL(T→S): 0.2033 | KL(S→T): 0.2058 | Time: 33.05s
Batch 1000/1327 | T_Loss: 5.1467 | S_Loss: 5.1459 | KL(T→S): 0.2294 | KL(S→T): 0.2290 | Time: 41.33s
Batch 1200/1327 | T_Loss: 4.6384 | S_Loss: 4.5797 | KL(T→S): 0.2748 | KL(S→T): 0.2717 | Time: 49.60s
================================================================================
Epoch 2/40 | Time: 56.30s
Train - Teacher Loss: 5.2469 | Student Loss: 5.2517
Valid - Teacher PPL: 166.44 | Student PPL: 167.74
KL(T→S): 0.2012 | KL(S→T): 0.2014
================================================================================
✓ Saved best model (PPL: 167.74)
Batch 200/1327 | T_Loss: 5.2228 | S_Loss: 5.2088 | KL(T→S): 0.2052 | KL(S→T): 0.2062 | Time: 8.27s
Batch 400/1327 | T_Loss: 4.9410 | S_Loss: 4.8941 | KL(T→S): 0.2449 | KL(S→T): 0.2471 | Time: 16.54s
Batch 600/1327 | T_Loss: 5.2355 | S_Loss: 5.2032 | KL(T→S): 0.2106 | KL(S→T): 0.2131 | Time: 24.80s
Batch 800/1327 | T_Loss: 4.9606 | S_Loss: 4.9930 | KL(T→S): 0.2325 | KL(S→T): 0.2333 | Time: 33.07s
Batch 1000/1327 | T_Loss: 4.9648 | S_Loss: 4.9687 | KL(T→S): 0.2600 | KL(S→T): 0.2618 | Time: 41.35s
Batch 1200/1327 | T_Loss: 4.5528 | S_Loss: 4.5164 | KL(T→S): 0.2953 | KL(S→T): 0.3003 | Time: 49.61s
================================================================================
Epoch 3/40 | Time: 56.31s
Train - Teacher Loss: 5.0898 | Student Loss: 5.0967
Valid - Teacher PPL: 154.68 | Student PPL: 155.87
KL(T→S): 0.2471 | KL(S→T): 0.2472
================================================================================
✓ Saved best model (PPL: 155.87)
Batch 200/1327 | T_Loss: 5.1640 | S_Loss: 5.1956 | KL(T→S): 0.2234 | KL(S→T): 0.2238 | Time: 8.27s
Batch 400/1327 | T_Loss: 4.9012 | S_Loss: 4.8710 | KL(T→S): 0.2855 | KL(S→T): 0.2803 | Time: 16.54s
Batch 600/1327 | T_Loss: 5.1678 | S_Loss: 5.1657 | KL(T→S): 0.2355 | KL(S→T): 0.2346 | Time: 24.84s
Batch 800/1327 | T_Loss: 4.9826 | S_Loss: 4.9156 | KL(T→S): 0.2564 | KL(S→T): 0.2561 | Time: 33.12s
Batch 1000/1327 | T_Loss: 4.9338 | S_Loss: 4.9722 | KL(T→S): 0.2765 | KL(S→T): 0.2737 | Time: 41.39s
Batch 1200/1327 | T_Loss: 4.4878 | S_Loss: 4.4943 | KL(T→S): 0.2956 | KL(S→T): 0.2944 | Time: 49.65s
================================================================================
Epoch 4/40 | Time: 56.34s
Train - Teacher Loss: 5.0449 | Student Loss: 5.0515
Valid - Teacher PPL: 151.93 | Student PPL: 153.23
KL(T→S): 0.2645 | KL(S→T): 0.2644
================================================================================
✓ Saved best model (PPL: 153.23)
Batch 200/1327 | T_Loss: 5.1492 | S_Loss: 5.2204 | KL(T→S): 0.2365 | KL(S→T): 0.2360 | Time: 8.27s
Batch 400/1327 | T_Loss: 4.8496 | S_Loss: 4.8180 | KL(T→S): 0.2818 | KL(S→T): 0.2783 | Time: 16.54s
Batch 600/1327 | T_Loss: 5.1881 | S_Loss: 5.1593 | KL(T→S): 0.2393 | KL(S→T): 0.2407 | Time: 24.80s
Batch 800/1327 | T_Loss: 4.9111 | S_Loss: 4.9313 | KL(T→S): 0.2558 | KL(S→T): 0.2562 | Time: 33.06s
Batch 1000/1327 | T_Loss: 4.9271 | S_Loss: 4.9407 | KL(T→S): 0.2756 | KL(S→T): 0.2760 | Time: 41.33s
Batch 1200/1327 | T_Loss: 4.5017 | S_Loss: 4.4424 | KL(T→S): 0.3036 | KL(S→T): 0.3025 | Time: 49.58s
================================================================================
Epoch 5/40 | Time: 56.28s
Train - Teacher Loss: 5.0340 | Student Loss: 5.0390
Valid - Teacher PPL: 151.23 | Student PPL: 152.43
KL(T→S): 0.2699 | KL(S→T): 0.2699
================================================================================
✓ Saved best model (PPL: 152.43)
Batch 200/1327 | T_Loss: 5.1795 | S_Loss: 5.1792 | KL(T→S): 0.2318 | KL(S→T): 0.2320 | Time: 8.25s
Batch 400/1327 | T_Loss: 4.8598 | S_Loss: 4.8179 | KL(T→S): 0.2865 | KL(S→T): 0.2870 | Time: 16.52s
Batch 600/1327 | T_Loss: 5.1679 | S_Loss: 5.1333 | KL(T→S): 0.2545 | KL(S→T): 0.2547 | Time: 24.78s
Batch 800/1327 | T_Loss: 4.9326 | S_Loss: 4.9463 | KL(T→S): 0.2703 | KL(S→T): 0.2700 | Time: 33.05s
Batch 1000/1327 | T_Loss: 4.9240 | S_Loss: 4.9656 | KL(T→S): 0.2742 | KL(S→T): 0.2722 | Time: 41.31s
Batch 1200/1327 | T_Loss: 4.4549 | S_Loss: 4.4389 | KL(T→S): 0.2825 | KL(S→T): 0.2864 | Time: 49.57s
================================================================================
Epoch 6/40 | Time: 56.27s
Train - Teacher Loss: 5.0303 | Student Loss: 5.0364
Valid - Teacher PPL: 151.05 | Student PPL: 152.23
KL(T→S): 0.2720 | KL(S→T): 0.2720
================================================================================
✓ Saved best model (PPL: 152.23)
Batch 200/1327 | T_Loss: 5.1377 | S_Loss: 5.1947 | KL(T→S): 0.2350 | KL(S→T): 0.2327 | Time: 8.27s
Batch 400/1327 | T_Loss: 4.8469 | S_Loss: 4.8339 | KL(T→S): 0.2990 | KL(S→T): 0.3060 | Time: 16.53s
Batch 600/1327 | T_Loss: 5.1489 | S_Loss: 5.1489 | KL(T→S): 0.2460 | KL(S→T): 0.2454 | Time: 24.80s
Batch 800/1327 | T_Loss: 4.9266 | S_Loss: 4.9388 | KL(T→S): 0.2668 | KL(S→T): 0.2685 | Time: 33.05s
Batch 1000/1327 | T_Loss: 4.9057 | S_Loss: 4.9628 | KL(T→S): 0.2743 | KL(S→T): 0.2751 | Time: 41.30s
Batch 1200/1327 | T_Loss: 4.4966 | S_Loss: 4.4677 | KL(T→S): 0.3026 | KL(S→T): 0.2989 | Time: 49.57s
================================================================================
Epoch 7/40 | Time: 56.27s
Train - Teacher Loss: 5.0294 | Student Loss: 5.0340
Valid - Teacher PPL: 151.02 | Student PPL: 152.20
KL(T→S): 0.2723 | KL(S→T): 0.2723
================================================================================
✓ Saved best model (PPL: 152.20)
Batch 200/1327 | T_Loss: 5.1740 | S_Loss: 5.1614 | KL(T→S): 0.2349 | KL(S→T): 0.2385 | Time: 8.27s
Batch 400/1327 | T_Loss: 4.8236 | S_Loss: 4.8095 | KL(T→S): 0.2913 | KL(S→T): 0.2874 | Time: 16.53s
Batch 600/1327 | T_Loss: 5.1795 | S_Loss: 5.1541 | KL(T→S): 0.2503 | KL(S→T): 0.2461 | Time: 24.78s
Batch 800/1327 | T_Loss: 4.9184 | S_Loss: 4.9345 | KL(T→S): 0.2548 | KL(S→T): 0.2530 | Time: 33.05s
Batch 1000/1327 | T_Loss: 4.9379 | S_Loss: 4.9132 | KL(T→S): 0.2813 | KL(S→T): 0.2821 | Time: 41.31s
Batch 1200/1327 | T_Loss: 4.4640 | S_Loss: 4.4566 | KL(T→S): 0.2923 | KL(S→T): 0.2946 | Time: 49.57s
================================================================================
Epoch 8/40 | Time: 56.27s
Train - Teacher Loss: 5.0289 | Student Loss: 5.0354
Valid - Teacher PPL: 151.01 | Student PPL: 152.19
KL(T→S): 0.2722 | KL(S→T): 0.2723
================================================================================
✓ Saved best model (PPL: 152.19)
Batch 200/1327 | T_Loss: 5.1739 | S_Loss: 5.1925 | KL(T→S): 0.2423 | KL(S→T): 0.2411 | Time: 8.26s
Batch 400/1327 | T_Loss: 4.8706 | S_Loss: 4.8233 | KL(T→S): 0.2964 | KL(S→T): 0.3007 | Time: 16.53s
Batch 600/1327 | T_Loss: 5.2028 | S_Loss: 5.1693 | KL(T→S): 0.2463 | KL(S→T): 0.2445 | Time: 24.79s
Batch 800/1327 | T_Loss: 4.9272 | S_Loss: 4.9473 | KL(T→S): 0.2660 | KL(S→T): 0.2635 | Time: 33.06s
Batch 1000/1327 | T_Loss: 4.9571 | S_Loss: 4.9522 | KL(T→S): 0.2658 | KL(S→T): 0.2687 | Time: 41.32s
Batch 1200/1327 | T_Loss: 4.5278 | S_Loss: 4.4598 | KL(T→S): 0.2983 | KL(S→T): 0.2951 | Time: 49.58s
================================================================================
Epoch 9/40 | Time: 56.27s
Train - Teacher Loss: 5.0296 | Student Loss: 5.0344
Valid - Teacher PPL: 151.01 | Student PPL: 152.19
KL(T→S): 0.2724 | KL(S→T): 0.2725
================================================================================
✓ Saved best model (PPL: 152.19)
Batch 200/1327 | T_Loss: 5.1712 | S_Loss: 5.1806 | KL(T→S): 0.2384 | KL(S→T): 0.2402 | Time: 8.27s
Batch 400/1327 | T_Loss: 4.8771 | S_Loss: 4.8084 | KL(T→S): 0.2919 | KL(S→T): 0.2895 | Time: 16.53s
Batch 600/1327 | T_Loss: 5.1882 | S_Loss: 5.1738 | KL(T→S): 0.2479 | KL(S→T): 0.2478 | Time: 24.79s
Batch 800/1327 | T_Loss: 4.8989 | S_Loss: 4.9656 | KL(T→S): 0.2662 | KL(S→T): 0.2647 | Time: 33.06s
Batch 1000/1327 | T_Loss: 4.9454 | S_Loss: 4.9189 | KL(T→S): 0.2815 | KL(S→T): 0.2807 | Time: 41.33s
Batch 1200/1327 | T_Loss: 4.4948 | S_Loss: 4.4803 | KL(T→S): 0.2891 | KL(S→T): 0.2921 | Time: 49.61s
================================================================================
Epoch 10/40 | Time: 56.31s
Train - Teacher Loss: 5.0295 | Student Loss: 5.0351
Valid - Teacher PPL: 151.01 | Student PPL: 152.19
KL(T→S): 0.2724 | KL(S→T): 0.2723
================================================================================
✓ Saved best model (PPL: 152.19)
Batch 200/1327 | T_Loss: 5.1794 | S_Loss: 5.1298 | KL(T→S): 0.2421 | KL(S→T): 0.2400 | Time: 8.26s
Batch 400/1327 | T_Loss: 4.8598 | S_Loss: 4.8337 | KL(T→S): 0.2953 | KL(S→T): 0.2990 | Time: 16.53s
Batch 600/1327 | T_Loss: 5.1386 | S_Loss: 5.1565 | KL(T→S): 0.2458 | KL(S→T): 0.2461 | Time: 24.80s
Batch 800/1327 | T_Loss: 4.9037 | S_Loss: 4.9194 | KL(T→S): 0.2725 | KL(S→T): 0.2734 | Time: 33.07s
Batch 1000/1327 | T_Loss: 4.9017 | S_Loss: 4.9616 | KL(T→S): 0.2808 | KL(S→T): 0.2801 | Time: 41.33s
Batch 1200/1327 | T_Loss: 4.4812 | S_Loss: 4.4867 | KL(T→S): 0.3052 | KL(S→T): 0.3029 | Time: 49.58s
================================================================================
Epoch 11/40 | Time: 56.28s
Train - Teacher Loss: 5.0288 | Student Loss: 5.0352
Valid - Teacher PPL: 151.01 | Student PPL: 152.19
KL(T→S): 0.2721 | KL(S→T): 0.2721
================================================================================
✓ Saved best model (PPL: 152.19)
Batch 200/1327 | T_Loss: 5.1564 | S_Loss: 5.1598 | KL(T→S): 0.2309 | KL(S→T): 0.2317 | Time: 8.27s
Batch 400/1327 | T_Loss: 4.8911 | S_Loss: 4.8317 | KL(T→S): 0.3034 | KL(S→T): 0.3041 | Time: 16.53s
Batch 600/1327 | T_Loss: 5.1618 | S_Loss: 5.1596 | KL(T→S): 0.2428 | KL(S→T): 0.2404 | Time: 24.79s
Batch 800/1327 | T_Loss: 4.9087 | S_Loss: 4.9293 | KL(T→S): 0.2733 | KL(S→T): 0.2747 | Time: 33.05s
Batch 1000/1327 | T_Loss: 4.9168 | S_Loss: 4.9470 | KL(T→S): 0.2757 | KL(S→T): 0.2747 | Time: 41.31s
Batch 1200/1327 | T_Loss: 4.4664 | S_Loss: 4.4722 | KL(T→S): 0.2860 | KL(S→T): 0.2889 | Time: 49.55s
================================================================================
Epoch 12/40 | Time: 56.24s
Train - Teacher Loss: 5.0282 | Student Loss: 5.0349
Valid - Teacher PPL: 151.01 | Student PPL: 152.19
KL(T→S): 0.2719 | KL(S→T): 0.2721
================================================================================
Batch 200/1327 | T_Loss: 5.1850 | S_Loss: 5.1604 | KL(T→S): 0.2410 | KL(S→T): 0.2411 | Time: 8.27s
Batch 400/1327 | T_Loss: 4.8224 | S_Loss: 4.8396 | KL(T→S): 0.2948 | KL(S→T): 0.2959 | Time: 16.53s
Batch 600/1327 | T_Loss: 5.1791 | S_Loss: 5.1439 | KL(T→S): 0.2537 | KL(S→T): 0.2546 | Time: 24.80s
Batch 800/1327 | T_Loss: 4.8970 | S_Loss: 4.9184 | KL(T→S): 0.2497 | KL(S→T): 0.2502 | Time: 33.07s
Batch 1000/1327 | T_Loss: 4.9291 | S_Loss: 4.9239 | KL(T→S): 0.2722 | KL(S→T): 0.2734 | Time: 41.33s
Batch 1200/1327 | T_Loss: 4.4774 | S_Loss: 4.4709 | KL(T→S): 0.2780 | KL(S→T): 0.2765 | Time: 49.59s
================================================================================
Epoch 13/40 | Time: 56.30s
Train - Teacher Loss: 5.0294 | Student Loss: 5.0353
Valid - Teacher PPL: 151.01 | Student PPL: 152.19
KL(T→S): 0.2722 | KL(S→T): 0.2722
================================================================================
Batch 200/1327 | T_Loss: 5.1659 | S_Loss: 5.1697 | KL(T→S): 0.2385 | KL(S→T): 0.2387 | Time: 8.27s
Batch 400/1327 | T_Loss: 4.8814 | S_Loss: 4.8257 | KL(T→S): 0.2922 | KL(S→T): 0.2902 | Time: 16.54s
Batch 600/1327 | T_Loss: 5.1611 | S_Loss: 5.1874 | KL(T→S): 0.2507 | KL(S→T): 0.2497 | Time: 24.80s
Batch 800/1327 | T_Loss: 4.9258 | S_Loss: 4.9170 | KL(T→S): 0.2683 | KL(S→T): 0.2704 | Time: 33.07s
Batch 1000/1327 | T_Loss: 4.9305 | S_Loss: 4.9091 | KL(T→S): 0.2766 | KL(S→T): 0.2766 | Time: 41.33s
Batch 1200/1327 | T_Loss: 4.4903 | S_Loss: 4.4730 | KL(T→S): 0.2855 | KL(S→T): 0.2846 | Time: 49.60s
================================================================================
Epoch 14/40 | Time: 56.30s
Train - Teacher Loss: 5.0293 | Student Loss: 5.0344
Valid - Teacher PPL: 151.01 | Student PPL: 152.19
KL(T→S): 0.2722 | KL(S→T): 0.2722
================================================================================
Batch 200/1327 | T_Loss: 5.1377 | S_Loss: 5.1741 | KL(T→S): 0.2322 | KL(S→T): 0.2318 | Time: 8.27s
Batch 400/1327 | T_Loss: 4.8617 | S_Loss: 4.8762 | KL(T→S): 0.2899 | KL(S→T): 0.2859 | Time: 16.53s
Batch 600/1327 | T_Loss: 5.1517 | S_Loss: 5.1566 | KL(T→S): 0.2415 | KL(S→T): 0.2381 | Time: 24.79s
Batch 800/1327 | T_Loss: 4.8997 | S_Loss: 4.9319 | KL(T→S): 0.2687 | KL(S→T): 0.2701 | Time: 33.06s
Batch 1000/1327 | T_Loss: 4.9255 | S_Loss: 4.9401 | KL(T→S): 0.2780 | KL(S→T): 0.2781 | Time: 41.32s
Batch 1200/1327 | T_Loss: 4.4833 | S_Loss: 4.4995 | KL(T→S): 0.2976 | KL(S→T): 0.2985 | Time: 49.58s
================================================================================
Epoch 15/40 | Time: 56.27s
Train - Teacher Loss: 5.0294 | Student Loss: 5.0356
Valid - Teacher PPL: 151.01 | Student PPL: 152.19
KL(T→S): 0.2722 | KL(S→T): 0.2723
================================================================================
Batch 200/1327 | T_Loss: 5.1539 | S_Loss: 5.1423 | KL(T→S): 0.2312 | KL(S→T): 0.2314 | Time: 8.25s
Batch 400/1327 | T_Loss: 4.8633 | S_Loss: 4.8238 | KL(T→S): 0.2946 | KL(S→T): 0.2898 | Time: 16.52s
Batch 600/1327 | T_Loss: 5.1435 | S_Loss: 5.1233 | KL(T→S): 0.2487 | KL(S→T): 0.2464 | Time: 24.78s
Batch 800/1327 | T_Loss: 4.9138 | S_Loss: 4.9306 | KL(T→S): 0.2730 | KL(S→T): 0.2698 | Time: 33.05s
Batch 1000/1327 | T_Loss: 4.9111 | S_Loss: 4.9178 | KL(T→S): 0.2746 | KL(S→T): 0.2765 | Time: 41.31s
Batch 1200/1327 | T_Loss: 4.4980 | S_Loss: 4.4466 | KL(T→S): 0.2919 | KL(S→T): 0.2944 | Time: 49.57s
================================================================================
Epoch 16/40 | Time: 56.26s
Train - Teacher Loss: 5.0296 | Student Loss: 5.0348
Valid - Teacher PPL: 151.01 | Student PPL: 152.19
KL(T→S): 0.2722 | KL(S→T): 0.2724
================================================================================
Batch 200/1327 | T_Loss: 5.1904 | S_Loss: 5.1458 | KL(T→S): 0.2429 | KL(S→T): 0.2417 | Time: 8.27s
Batch 400/1327 | T_Loss: 4.8867 | S_Loss: 4.8176 | KL(T→S): 0.3016 | KL(S→T): 0.3041 | Time: 16.52s
Batch 600/1327 | T_Loss: 5.1723 | S_Loss: 5.1580 | KL(T→S): 0.2553 | KL(S→T): 0.2514 | Time: 24.79s
Batch 800/1327 | T_Loss: 4.9101 | S_Loss: 4.9482 | KL(T→S): 0.2621 | KL(S→T): 0.2613 | Time: 33.05s
Batch 1000/1327 | T_Loss: 4.9096 | S_Loss: 4.9223 | KL(T→S): 0.2730 | KL(S→T): 0.2710 | Time: 41.33s
Batch 1200/1327 | T_Loss: 4.4859 | S_Loss: 4.4538 | KL(T→S): 0.2971 | KL(S→T): 0.2940 | Time: 49.60s
================================================================================
Epoch 17/40 | Time: 56.33s
Train - Teacher Loss: 5.0289 | Student Loss: 5.0339
Valid - Teacher PPL: 151.01 | Student PPL: 152.19
KL(T→S): 0.2720 | KL(S→T): 0.2721
================================================================================
Batch 200/1327 | T_Loss: 5.1756 | S_Loss: 5.1387 | KL(T→S): 0.2330 | KL(S→T): 0.2359 | Time: 8.27s
Batch 400/1327 | T_Loss: 4.8698 | S_Loss: 4.8540 | KL(T→S): 0.2951 | KL(S→T): 0.3053 | Time: 16.54s
Batch 600/1327 | T_Loss: 5.1536 | S_Loss: 5.1363 | KL(T→S): 0.2455 | KL(S→T): 0.2481 | Time: 24.79s
Batch 800/1327 | T_Loss: 4.9109 | S_Loss: 4.8981 | KL(T→S): 0.2608 | KL(S→T): 0.2616 | Time: 33.05s
Batch 1000/1327 | T_Loss: 4.9314 | S_Loss: 4.9269 | KL(T→S): 0.2748 | KL(S→T): 0.2738 | Time: 41.32s
Batch 1200/1327 | T_Loss: 4.4826 | S_Loss: 4.4321 | KL(T→S): 0.2890 | KL(S→T): 0.2903 | Time: 49.58s
================================================================================
Epoch 18/40 | Time: 56.28s
Train - Teacher Loss: 5.0276 | Student Loss: 5.0346
Valid - Teacher PPL: 151.01 | Student PPL: 152.19
KL(T→S): 0.2721 | KL(S→T): 0.2723
================================================================================
Batch 200/1327 | T_Loss: 5.1431 | S_Loss: 5.1722 | KL(T→S): 0.2274 | KL(S→T): 0.2270 | Time: 8.26s
Batch 400/1327 | T_Loss: 4.8383 | S_Loss: 4.8450 | KL(T→S): 0.2926 | KL(S→T): 0.2954 | Time: 16.53s
Batch 600/1327 | T_Loss: 5.1430 | S_Loss: 5.1547 | KL(T→S): 0.2567 | KL(S→T): 0.2560 | Time: 24.78s
Batch 800/1327 | T_Loss: 4.9463 | S_Loss: 4.9039 | KL(T→S): 0.2627 | KL(S→T): 0.2628 | Time: 33.05s
Batch 1000/1327 | T_Loss: 4.9595 | S_Loss: 4.9359 | KL(T→S): 0.2740 | KL(S→T): 0.2772 | Time: 41.30s
Batch 1200/1327 | T_Loss: 4.4916 | S_Loss: 4.4637 | KL(T→S): 0.3064 | KL(S→T): 0.3008 | Time: 49.57s
================================================================================
Epoch 19/40 | Time: 56.27s
Train - Teacher Loss: 5.0299 | Student Loss: 5.0357
Valid - Teacher PPL: 151.01 | Student PPL: 152.19
KL(T→S): 0.2722 | KL(S→T): 0.2723
================================================================================
Batch 200/1327 | T_Loss: 5.1858 | S_Loss: 5.1858 | KL(T→S): 0.2340 | KL(S→T): 0.2356 | Time: 8.27s
Batch 400/1327 | T_Loss: 4.8583 | S_Loss: 4.8280 | KL(T→S): 0.2969 | KL(S→T): 0.2961 | Time: 16.53s
Batch 600/1327 | T_Loss: 5.1844 | S_Loss: 5.1646 | KL(T→S): 0.2436 | KL(S→T): 0.2426 | Time: 24.79s
Batch 800/1327 | T_Loss: 4.9224 | S_Loss: 4.8909 | KL(T→S): 0.2718 | KL(S→T): 0.2727 | Time: 33.06s
Batch 1000/1327 | T_Loss: 4.9501 | S_Loss: 4.9372 | KL(T→S): 0.2756 | KL(S→T): 0.2731 | Time: 41.32s
Batch 1200/1327 | T_Loss: 4.4996 | S_Loss: 4.4483 | KL(T→S): 0.2867 | KL(S→T): 0.2850 | Time: 49.58s
================================================================================
Epoch 20/40 | Time: 56.28s
Train - Teacher Loss: 5.0295 | Student Loss: 5.0346
Valid - Teacher PPL: 151.01 | Student PPL: 152.19
KL(T→S): 0.2720 | KL(S→T): 0.2721
================================================================================
Batch 200/1327 | T_Loss: 5.1601 | S_Loss: 5.2093 | KL(T→S): 0.2351 | KL(S→T): 0.2344 | Time: 8.27s
Batch 400/1327 | T_Loss: 4.8578 | S_Loss: 4.8241 | KL(T→S): 0.2849 | KL(S→T): 0.2809 | Time: 16.54s
Batch 600/1327 | T_Loss: 5.1768 | S_Loss: 5.1719 | KL(T→S): 0.2600 | KL(S→T): 0.2575 | Time: 24.80s
Batch 800/1327 | T_Loss: 4.9393 | S_Loss: 4.9090 | KL(T→S): 0.2676 | KL(S→T): 0.2666 | Time: 33.06s
Batch 1000/1327 | T_Loss: 4.9310 | S_Loss: 4.9548 | KL(T→S): 0.2862 | KL(S→T): 0.2879 | Time: 41.32s
Batch 1200/1327 | T_Loss: 4.4817 | S_Loss: 4.4794 | KL(T→S): 0.2945 | KL(S→T): 0.2916 | Time: 49.59s
================================================================================
Epoch 21/40 | Time: 56.30s
Train - Teacher Loss: 5.0290 | Student Loss: 5.0347
Valid - Teacher PPL: 151.01 | Student PPL: 152.19
KL(T→S): 0.2722 | KL(S→T): 0.2723
================================================================================
Batch 200/1327 | T_Loss: 5.1394 | S_Loss: 5.1769 | KL(T→S): 0.2353 | KL(S→T): 0.2345 | Time: 8.27s
Batch 400/1327 | T_Loss: 4.8597 | S_Loss: 4.8117 | KL(T→S): 0.2788 | KL(S→T): 0.2813 | Time: 16.54s
Batch 600/1327 | T_Loss: 5.1418 | S_Loss: 5.1502 | KL(T→S): 0.2519 | KL(S→T): 0.2517 | Time: 24.80s
Batch 800/1327 | T_Loss: 4.9305 | S_Loss: 4.9427 | KL(T→S): 0.2689 | KL(S→T): 0.2690 | Time: 33.06s
Batch 1000/1327 | T_Loss: 4.9556 | S_Loss: 4.9437 | KL(T→S): 0.2758 | KL(S→T): 0.2747 | Time: 41.31s
Batch 1200/1327 | T_Loss: 4.4624 | S_Loss: 4.4749 | KL(T→S): 0.3078 | KL(S→T): 0.3054 | Time: 49.58s
================================================================================
Epoch 22/40 | Time: 56.28s
Train - Teacher Loss: 5.0292 | Student Loss: 5.0343
Valid - Teacher PPL: 151.01 | Student PPL: 152.19
KL(T→S): 0.2721 | KL(S→T): 0.2723
================================================================================
Batch 200/1327 | T_Loss: 5.1999 | S_Loss: 5.1772 | KL(T→S): 0.2349 | KL(S→T): 0.2356 | Time: 8.26s
Batch 400/1327 | T_Loss: 4.8584 | S_Loss: 4.8104 | KL(T→S): 0.2873 | KL(S→T): 0.2914 | Time: 16.53s
Batch 600/1327 | T_Loss: 5.1637 | S_Loss: 5.1684 | KL(T→S): 0.2511 | KL(S→T): 0.2484 | Time: 24.80s
Batch 800/1327 | T_Loss: 4.9342 | S_Loss: 4.9413 | KL(T→S): 0.2709 | KL(S→T): 0.2745 | Time: 33.06s
Batch 1000/1327 | T_Loss: 4.9443 | S_Loss: 4.9495 | KL(T→S): 0.2778 | KL(S→T): 0.2806 | Time: 41.32s
Batch 1200/1327 | T_Loss: 4.4575 | S_Loss: 4.4837 | KL(T→S): 0.2931 | KL(S→T): 0.2929 | Time: 49.59s
================================================================================
Epoch 23/40 | Time: 56.28s
Train - Teacher Loss: 5.0295 | Student Loss: 5.0346
Valid - Teacher PPL: 151.01 | Student PPL: 152.19
KL(T→S): 0.2722 | KL(S→T): 0.2722
================================================================================
Batch 200/1327 | T_Loss: 5.1662 | S_Loss: 5.1810 | KL(T→S): 0.2430 | KL(S→T): 0.2402 | Time: 8.27s
Batch 400/1327 | T_Loss: 4.8457 | S_Loss: 4.8659 | KL(T→S): 0.2889 | KL(S→T): 0.2897 | Time: 16.54s
Batch 600/1327 | T_Loss: 5.1460 | S_Loss: 5.1814 | KL(T→S): 0.2639 | KL(S→T): 0.2612 | Time: 24.80s
Batch 800/1327 | T_Loss: 4.9240 | S_Loss: 4.9466 | KL(T→S): 0.2631 | KL(S→T): 0.2654 | Time: 33.06s
Batch 1000/1327 | T_Loss: 4.8974 | S_Loss: 4.9554 | KL(T→S): 0.2815 | KL(S→T): 0.2830 | Time: 41.32s
Batch 1200/1327 | T_Loss: 4.4467 | S_Loss: 4.4742 | KL(T→S): 0.3024 | KL(S→T): 0.3072 | Time: 49.59s
================================================================================
Epoch 24/40 | Time: 56.28s
Train - Teacher Loss: 5.0305 | Student Loss: 5.0343
Valid - Teacher PPL: 151.01 | Student PPL: 152.19
KL(T→S): 0.2726 | KL(S→T): 0.2727
================================================================================
Batch 200/1327 | T_Loss: 5.1786 | S_Loss: 5.1902 | KL(T→S): 0.2345 | KL(S→T): 0.2374 | Time: 8.27s
Batch 400/1327 | T_Loss: 4.8626 | S_Loss: 4.8414 | KL(T→S): 0.3053 | KL(S→T): 0.3049 | Time: 16.52s
Batch 600/1327 | T_Loss: 5.1525 | S_Loss: 5.1921 | KL(T→S): 0.2560 | KL(S→T): 0.2530 | Time: 24.78s
Batch 800/1327 | T_Loss: 4.9166 | S_Loss: 4.9238 | KL(T→S): 0.2693 | KL(S→T): 0.2677 | Time: 33.04s
Batch 1000/1327 | T_Loss: 4.9640 | S_Loss: 4.9370 | KL(T→S): 0.2876 | KL(S→T): 0.2839 | Time: 41.31s
Batch 1200/1327 | T_Loss: 4.5093 | S_Loss: 4.4981 | KL(T→S): 0.3102 | KL(S→T): 0.3062 | Time: 49.56s
================================================================================
Epoch 25/40 | Time: 56.25s
Train - Teacher Loss: 5.0301 | Student Loss: 5.0352
Valid - Teacher PPL: 151.01 | Student PPL: 152.19
KL(T→S): 0.2723 | KL(S→T): 0.2724
================================================================================
Batch 200/1327 | T_Loss: 5.1774 | S_Loss: 5.1752 | KL(T→S): 0.2337 | KL(S→T): 0.2354 | Time: 8.27s
Batch 400/1327 | T_Loss: 4.8529 | S_Loss: 4.8375 | KL(T→S): 0.2988 | KL(S→T): 0.2949 | Time: 16.54s
Batch 600/1327 | T_Loss: 5.1573 | S_Loss: 5.1392 | KL(T→S): 0.2534 | KL(S→T): 0.2530 | Time: 24.81s
Batch 800/1327 | T_Loss: 4.9230 | S_Loss: 4.9239 | KL(T→S): 0.2604 | KL(S→T): 0.2607 | Time: 33.07s
Batch 1000/1327 | T_Loss: 4.9463 | S_Loss: 4.9205 | KL(T→S): 0.2710 | KL(S→T): 0.2703 | Time: 41.32s
Batch 1200/1327 | T_Loss: 4.4609 | S_Loss: 4.4843 | KL(T→S): 0.2906 | KL(S→T): 0.2906 | Time: 49.58s
================================================================================
Epoch 26/40 | Time: 56.29s
Train - Teacher Loss: 5.0289 | Student Loss: 5.0346
Valid - Teacher PPL: 151.01 | Student PPL: 152.19
KL(T→S): 0.2722 | KL(S→T): 0.2723
================================================================================
Batch 200/1327 | T_Loss: 5.1590 | S_Loss: 5.1905 | KL(T→S): 0.2384 | KL(S→T): 0.2364 | Time: 8.27s
Batch 400/1327 | T_Loss: 4.8471 | S_Loss: 4.8643 | KL(T→S): 0.2899 | KL(S→T): 0.2904 | Time: 16.53s
Batch 600/1327 | T_Loss: 5.1288 | S_Loss: 5.1377 | KL(T→S): 0.2450 | KL(S→T): 0.2409 | Time: 24.79s
Batch 800/1327 | T_Loss: 4.9128 | S_Loss: 4.9245 | KL(T→S): 0.2700 | KL(S→T): 0.2710 | Time: 33.05s
Batch 1000/1327 | T_Loss: 4.9366 | S_Loss: 4.9260 | KL(T→S): 0.2755 | KL(S→T): 0.2748 | Time: 41.31s
Batch 1200/1327 | T_Loss: 4.4782 | S_Loss: 4.4775 | KL(T→S): 0.2985 | KL(S→T): 0.2977 | Time: 49.58s
================================================================================
Epoch 27/40 | Time: 56.28s
Train - Teacher Loss: 5.0291 | Student Loss: 5.0350
Valid - Teacher PPL: 151.01 | Student PPL: 152.19
KL(T→S): 0.2721 | KL(S→T): 0.2723
================================================================================
Batch 200/1327 | T_Loss: 5.1587 | S_Loss: 5.1813 | KL(T→S): 0.2346 | KL(S→T): 0.2349 | Time: 8.27s
Batch 400/1327 | T_Loss: 4.8178 | S_Loss: 4.8180 | KL(T→S): 0.2967 | KL(S→T): 0.2948 | Time: 16.53s
Batch 600/1327 | T_Loss: 5.1368 | S_Loss: 5.1332 | KL(T→S): 0.2516 | KL(S→T): 0.2499 | Time: 24.80s
Batch 800/1327 | T_Loss: 4.9024 | S_Loss: 4.9621 | KL(T→S): 0.2600 | KL(S→T): 0.2606 | Time: 33.06s
Batch 1000/1327 | T_Loss: 4.9043 | S_Loss: 4.9423 | KL(T→S): 0.2697 | KL(S→T): 0.2681 | Time: 41.32s
Batch 1200/1327 | T_Loss: 4.4803 | S_Loss: 4.4670 | KL(T→S): 0.2955 | KL(S→T): 0.2954 | Time: 49.58s
================================================================================
Epoch 28/40 | Time: 56.27s
Train - Teacher Loss: 5.0289 | Student Loss: 5.0351
Valid - Teacher PPL: 151.01 | Student PPL: 152.19
KL(T→S): 0.2723 | KL(S→T): 0.2724
================================================================================
Batch 200/1327 | T_Loss: 5.1672 | S_Loss: 5.1703 | KL(T→S): 0.2365 | KL(S→T): 0.2382 | Time: 8.26s
Batch 400/1327 | T_Loss: 4.8416 | S_Loss: 4.8480 | KL(T→S): 0.2924 | KL(S→T): 0.2894 | Time: 16.53s
Batch 600/1327 | T_Loss: 5.1610 | S_Loss: 5.1594 | KL(T→S): 0.2546 | KL(S→T): 0.2500 | Time: 24.79s
Batch 800/1327 | T_Loss: 4.9211 | S_Loss: 4.9435 | KL(T→S): 0.2517 | KL(S→T): 0.2518 | Time: 33.05s
Batch 1000/1327 | T_Loss: 4.9125 | S_Loss: 4.9477 | KL(T→S): 0.2813 | KL(S→T): 0.2770 | Time: 41.31s
Batch 1200/1327 | T_Loss: 4.5000 | S_Loss: 4.4672 | KL(T→S): 0.2940 | KL(S→T): 0.2885 | Time: 49.56s
================================================================================
Epoch 29/40 | Time: 56.25s
Train - Teacher Loss: 5.0287 | Student Loss: 5.0338
Valid - Teacher PPL: 151.01 | Student PPL: 152.19
KL(T→S): 0.2725 | KL(S→T): 0.2725
================================================================================
Batch 200/1327 | T_Loss: 5.1658 | S_Loss: 5.1523 | KL(T→S): 0.2422 | KL(S→T): 0.2419 | Time: 8.27s
Batch 400/1327 | T_Loss: 4.8669 | S_Loss: 4.8294 | KL(T→S): 0.2900 | KL(S→T): 0.2888 | Time: 16.53s
Batch 600/1327 | T_Loss: 5.1419 | S_Loss: 5.1442 | KL(T→S): 0.2517 | KL(S→T): 0.2497 | Time: 24.77s
Batch 800/1327 | T_Loss: 4.9656 | S_Loss: 4.9022 | KL(T→S): 0.2684 | KL(S→T): 0.2672 | Time: 33.03s
Batch 1000/1327 | T_Loss: 4.9329 | S_Loss: 4.9376 | KL(T→S): 0.2873 | KL(S→T): 0.2859 | Time: 41.29s
Batch 1200/1327 | T_Loss: 4.4689 | S_Loss: 4.4612 | KL(T→S): 0.2955 | KL(S→T): 0.2958 | Time: 49.56s
================================================================================
Epoch 30/40 | Time: 56.24s
Train - Teacher Loss: 5.0287 | Student Loss: 5.0346
Valid - Teacher PPL: 151.01 | Student PPL: 152.19
KL(T→S): 0.2723 | KL(S→T): 0.2724
================================================================================
Batch 200/1327 | T_Loss: 5.1243 | S_Loss: 5.1553 | KL(T→S): 0.2324 | KL(S→T): 0.2323 | Time: 8.27s
Batch 400/1327 | T_Loss: 4.8642 | S_Loss: 4.8420 | KL(T→S): 0.2883 | KL(S→T): 0.2897 | Time: 16.53s
Batch 600/1327 | T_Loss: 5.1439 | S_Loss: 5.1590 | KL(T→S): 0.2520 | KL(S→T): 0.2506 | Time: 24.80s
Batch 800/1327 | T_Loss: 4.9166 | S_Loss: 4.9366 | KL(T→S): 0.2600 | KL(S→T): 0.2620 | Time: 33.06s
Batch 1000/1327 | T_Loss: 4.9618 | S_Loss: 4.9618 | KL(T→S): 0.2778 | KL(S→T): 0.2781 | Time: 41.33s
Batch 1200/1327 | T_Loss: 4.4710 | S_Loss: 4.4753 | KL(T→S): 0.2877 | KL(S→T): 0.2899 | Time: 49.58s
================================================================================
Epoch 31/40 | Time: 56.27s
Train - Teacher Loss: 5.0298 | Student Loss: 5.0348
Valid - Teacher PPL: 151.01 | Student PPL: 152.19
KL(T→S): 0.2722 | KL(S→T): 0.2724
================================================================================
Batch 200/1327 | T_Loss: 5.1744 | S_Loss: 5.1907 | KL(T→S): 0.2381 | KL(S→T): 0.2412 | Time: 8.26s
Batch 400/1327 | T_Loss: 4.8481 | S_Loss: 4.8785 | KL(T→S): 0.2879 | KL(S→T): 0.2865 | Time: 16.52s
Batch 600/1327 | T_Loss: 5.1632 | S_Loss: 5.1839 | KL(T→S): 0.2499 | KL(S→T): 0.2476 | Time: 24.78s
Batch 800/1327 | T_Loss: 4.9254 | S_Loss: 4.9424 | KL(T→S): 0.2619 | KL(S→T): 0.2618 | Time: 33.04s
Batch 1000/1327 | T_Loss: 4.9330 | S_Loss: 4.9462 | KL(T→S): 0.2777 | KL(S→T): 0.2764 | Time: 41.31s
Batch 1200/1327 | T_Loss: 4.4665 | S_Loss: 4.4549 | KL(T→S): 0.2884 | KL(S→T): 0.2821 | Time: 49.58s
================================================================================
Epoch 32/40 | Time: 56.27s
Train - Teacher Loss: 5.0288 | Student Loss: 5.0345
Valid - Teacher PPL: 151.01 | Student PPL: 152.19
KL(T→S): 0.2726 | KL(S→T): 0.2726
================================================================================
Batch 200/1327 | T_Loss: 5.1815 | S_Loss: 5.1561 | KL(T→S): 0.2431 | KL(S→T): 0.2435 | Time: 8.26s
Batch 400/1327 | T_Loss: 4.8492 | S_Loss: 4.8397 | KL(T→S): 0.2999 | KL(S→T): 0.2991 | Time: 16.52s
Batch 600/1327 | T_Loss: 5.1713 | S_Loss: 5.1335 | KL(T→S): 0.2523 | KL(S→T): 0.2551 | Time: 24.78s
Batch 800/1327 | T_Loss: 4.9363 | S_Loss: 4.9290 | KL(T→S): 0.2661 | KL(S→T): 0.2671 | Time: 33.04s
Batch 1000/1327 | T_Loss: 4.9326 | S_Loss: 4.9253 | KL(T→S): 0.2718 | KL(S→T): 0.2716 | Time: 41.31s
Batch 1200/1327 | T_Loss: 4.4768 | S_Loss: 4.4595 | KL(T→S): 0.2893 | KL(S→T): 0.2919 | Time: 49.57s
================================================================================
Epoch 33/40 | Time: 56.26s
Train - Teacher Loss: 5.0286 | Student Loss: 5.0349
Valid - Teacher PPL: 151.01 | Student PPL: 152.19
KL(T→S): 0.2722 | KL(S→T): 0.2723
================================================================================
Batch 200/1327 | T_Loss: 5.1720 | S_Loss: 5.1618 | KL(T→S): 0.2425 | KL(S→T): 0.2441 | Time: 8.26s
Batch 400/1327 | T_Loss: 4.8890 | S_Loss: 4.8355 | KL(T→S): 0.2946 | KL(S→T): 0.2954 | Time: 16.53s
Batch 600/1327 | T_Loss: 5.1590 | S_Loss: 5.1631 | KL(T→S): 0.2474 | KL(S→T): 0.2472 | Time: 24.79s
Batch 800/1327 | T_Loss: 4.9575 | S_Loss: 4.9560 | KL(T→S): 0.2685 | KL(S→T): 0.2679 | Time: 33.05s
Batch 1000/1327 | T_Loss: 4.9261 | S_Loss: 4.9488 | KL(T→S): 0.2688 | KL(S→T): 0.2714 | Time: 41.32s
Batch 1200/1327 | T_Loss: 4.4856 | S_Loss: 4.5071 | KL(T→S): 0.2954 | KL(S→T): 0.2923 | Time: 49.58s
================================================================================
Epoch 34/40 | Time: 56.28s
Train - Teacher Loss: 5.0294 | Student Loss: 5.0354
Valid - Teacher PPL: 151.01 | Student PPL: 152.19
KL(T→S): 0.2721 | KL(S→T): 0.2722
================================================================================
Batch 200/1327 | T_Loss: 5.1735 | S_Loss: 5.1689 | KL(T→S): 0.2421 | KL(S→T): 0.2440 | Time: 8.26s
Batch 400/1327 | T_Loss: 4.8799 | S_Loss: 4.8157 | KL(T→S): 0.2979 | KL(S→T): 0.2924 | Time: 16.52s
Batch 600/1327 | T_Loss: 5.1890 | S_Loss: 5.1463 | KL(T→S): 0.2469 | KL(S→T): 0.2462 | Time: 24.77s
Batch 800/1327 | T_Loss: 4.9348 | S_Loss: 4.9260 | KL(T→S): 0.2575 | KL(S→T): 0.2580 | Time: 33.03s
Batch 1000/1327 | T_Loss: 4.9509 | S_Loss: 4.9433 | KL(T→S): 0.2777 | KL(S→T): 0.2755 | Time: 41.29s
Batch 1200/1327 | T_Loss: 4.4502 | S_Loss: 4.4671 | KL(T→S): 0.2865 | KL(S→T): 0.2875 | Time: 49.55s
================================================================================
Epoch 35/40 | Time: 56.26s
Train - Teacher Loss: 5.0285 | Student Loss: 5.0339
Valid - Teacher PPL: 151.01 | Student PPL: 152.19
KL(T→S): 0.2723 | KL(S→T): 0.2724
================================================================================
Batch 200/1327 | T_Loss: 5.1709 | S_Loss: 5.1904 | KL(T→S): 0.2350 | KL(S→T): 0.2393 | Time: 8.27s
Batch 400/1327 | T_Loss: 4.8264 | S_Loss: 4.8572 | KL(T→S): 0.2947 | KL(S→T): 0.3005 | Time: 16.53s
Batch 600/1327 | T_Loss: 5.1505 | S_Loss: 5.1577 | KL(T→S): 0.2454 | KL(S→T): 0.2468 | Time: 24.79s
Batch 800/1327 | T_Loss: 4.9008 | S_Loss: 4.9292 | KL(T→S): 0.2582 | KL(S→T): 0.2598 | Time: 33.05s
Batch 1000/1327 | T_Loss: 4.9243 | S_Loss: 4.9000 | KL(T→S): 0.2828 | KL(S→T): 0.2837 | Time: 41.32s
Batch 1200/1327 | T_Loss: 4.4687 | S_Loss: 4.4655 | KL(T→S): 0.2906 | KL(S→T): 0.2949 | Time: 49.59s
================================================================================
Epoch 36/40 | Time: 56.28s
Train - Teacher Loss: 5.0289 | Student Loss: 5.0352
Valid - Teacher PPL: 151.01 | Student PPL: 152.19
KL(T→S): 0.2723 | KL(S→T): 0.2723
================================================================================
Batch 200/1327 | T_Loss: 5.1492 | S_Loss: 5.1902 | KL(T→S): 0.2446 | KL(S→T): 0.2455 | Time: 8.26s
Batch 400/1327 | T_Loss: 4.8443 | S_Loss: 4.8147 | KL(T→S): 0.2850 | KL(S→T): 0.2869 | Time: 16.53s
Batch 600/1327 | T_Loss: 5.1884 | S_Loss: 5.1847 | KL(T→S): 0.2480 | KL(S→T): 0.2464 | Time: 24.79s
Batch 800/1327 | T_Loss: 4.9506 | S_Loss: 4.9112 | KL(T→S): 0.2681 | KL(S→T): 0.2708 | Time: 33.05s
Batch 1000/1327 | T_Loss: 4.9239 | S_Loss: 4.9298 | KL(T→S): 0.2844 | KL(S→T): 0.2840 | Time: 41.31s
Batch 1200/1327 | T_Loss: 4.4709 | S_Loss: 4.4723 | KL(T→S): 0.2969 | KL(S→T): 0.2964 | Time: 49.58s
================================================================================
Epoch 37/40 | Time: 56.27s
Train - Teacher Loss: 5.0294 | Student Loss: 5.0358
Valid - Teacher PPL: 151.01 | Student PPL: 152.19
KL(T→S): 0.2723 | KL(S→T): 0.2723
================================================================================
Batch 200/1327 | T_Loss: 5.1930 | S_Loss: 5.1604 | KL(T→S): 0.2354 | KL(S→T): 0.2366 | Time: 8.27s
Batch 400/1327 | T_Loss: 4.8447 | S_Loss: 4.8388 | KL(T→S): 0.2834 | KL(S→T): 0.2798 | Time: 16.53s
Batch 600/1327 | T_Loss: 5.1266 | S_Loss: 5.1690 | KL(T→S): 0.2526 | KL(S→T): 0.2536 | Time: 24.79s
Batch 800/1327 | T_Loss: 4.9417 | S_Loss: 4.9499 | KL(T→S): 0.2649 | KL(S→T): 0.2701 | Time: 33.05s
Batch 1000/1327 | T_Loss: 4.9357 | S_Loss: 4.9545 | KL(T→S): 0.2851 | KL(S→T): 0.2860 | Time: 41.32s
Batch 1200/1327 | T_Loss: 4.4899 | S_Loss: 4.4733 | KL(T→S): 0.2886 | KL(S→T): 0.2875 | Time: 49.58s
================================================================================
Epoch 38/40 | Time: 56.27s
Train - Teacher Loss: 5.0283 | Student Loss: 5.0353
Valid - Teacher PPL: 151.01 | Student PPL: 152.19
KL(T→S): 0.2722 | KL(S→T): 0.2723
================================================================================
Batch 200/1327 | T_Loss: 5.1783 | S_Loss: 5.1682 | KL(T→S): 0.2345 | KL(S→T): 0.2345 | Time: 8.27s
Batch 400/1327 | T_Loss: 4.8369 | S_Loss: 4.8407 | KL(T→S): 0.2974 | KL(S→T): 0.2940 | Time: 16.53s
Batch 600/1327 | T_Loss: 5.1562 | S_Loss: 5.1257 | KL(T→S): 0.2429 | KL(S→T): 0.2441 | Time: 24.80s
Batch 800/1327 | T_Loss: 4.9470 | S_Loss: 4.9307 | KL(T→S): 0.2719 | KL(S→T): 0.2708 | Time: 33.06s
Batch 1000/1327 | T_Loss: 4.9443 | S_Loss: 4.9133 | KL(T→S): 0.2855 | KL(S→T): 0.2845 | Time: 41.32s
Batch 1200/1327 | T_Loss: 4.4698 | S_Loss: 4.4894 | KL(T→S): 0.2928 | KL(S→T): 0.2961 | Time: 49.58s
================================================================================
Epoch 39/40 | Time: 56.28s
Train - Teacher Loss: 5.0287 | Student Loss: 5.0346
Valid - Teacher PPL: 151.01 | Student PPL: 152.19
KL(T→S): 0.2722 | KL(S→T): 0.2723
================================================================================
Batch 200/1327 | T_Loss: 5.1559 | S_Loss: 5.1713 | KL(T→S): 0.2390 | KL(S→T): 0.2383 | Time: 8.26s
Batch 400/1327 | T_Loss: 4.8275 | S_Loss: 4.8571 | KL(T→S): 0.2919 | KL(S→T): 0.2874 | Time: 16.52s
Batch 600/1327 | T_Loss: 5.1647 | S_Loss: 5.1606 | KL(T→S): 0.2501 | KL(S→T): 0.2498 | Time: 24.78s
Batch 800/1327 | T_Loss: 4.9391 | S_Loss: 4.9295 | KL(T→S): 0.2672 | KL(S→T): 0.2700 | Time: 33.04s
Batch 1000/1327 | T_Loss: 4.9374 | S_Loss: 4.9603 | KL(T→S): 0.2850 | KL(S→T): 0.2845 | Time: 41.30s
Batch 1200/1327 | T_Loss: 4.5071 | S_Loss: 4.4711 | KL(T→S): 0.2951 | KL(S→T): 0.2968 | Time: 49.56s
================================================================================
Epoch 40/40 | Time: 56.26s
Train - Teacher Loss: 5.0292 | Student Loss: 5.0346
Valid - Teacher PPL: 151.01 | Student PPL: 152.19
KL(T→S): 0.2724 | KL(S→T): 0.2725
================================================================================

================================================================================
FINAL TEST EVALUATION
================================================================================
Test - Teacher PPL: 147.09 | Student PPL: 147.97

✓ Training completed!
Results saved to: ckpt/Phase1/negative_alpha0.1_seed0.pt
