â„ą WandB tracking disabled
Producing dataset ptb...
Path being used: data/ptb/train.txt
Current working directory: /home/rajeev-kumar/Desktop/LoT
Path being used: data/ptb/valid.txt
Current working directory: /home/rajeev-kumar/Desktop/LoT
Path being used: data/ptb/test.txt
Current working directory: /home/rajeev-kumar/Desktop/LoT
building vocab with min_freq=0, max_size=None
final vocab size 10000 from 9999 unique tokens
================================================================================
PHASE 1: POSITIVE FEEDBACK VARIANT
================================================================================
{
    "exp_name": "LoT_Phase1",
    "track": false,
    "feedback_type": "positive",
    "alpha": 0.1,
    "models_num": 2,
    "detach": 1,
    "gpu": 0,
    "seed": 0,
    "T": 1.5,
    "data": "ptb",
    "emsize": 650,
    "nhid": 650,
    "nlayers": 2,
    "lr": 20.0,
    "clip": 0.25,
    "epochs": 40,
    "batch_size": 20,
    "batch_chunk": 1,
    "bptt": 35,
    "dropout": 0.5,
    "student_steps_ratio": 4,
    "save": "ckpt/Phase1/positive_alpha0.1_seed0.pt",
    "opt": "SGD",
    "eval_interval": 1000,
    "max_step": 53120
}
================================================================================
Model 0: 19780400 parameters
Model 1: 19780400 parameters

Starting training...
Batch 200/1327 | T_Loss: 6.4990 | S_Loss: 6.6309 | KL(Tâ†’S): 0.0302 | KL(Sâ†’T): 0.0316 | Time: 10.13s
Batch 400/1327 | T_Loss: 6.0441 | S_Loss: 5.9888 | KL(Tâ†’S): 0.0623 | KL(Sâ†’T): 0.0612 | Time: 20.17s
Batch 600/1327 | T_Loss: 5.9520 | S_Loss: 6.0436 | KL(Tâ†’S): 0.1276 | KL(Sâ†’T): 0.0959 | Time: 30.23s
Batch 800/1327 | T_Loss: 5.5690 | S_Loss: 5.5383 | KL(Tâ†’S): 0.1019 | KL(Sâ†’T): 0.1056 | Time: 40.29s
Batch 1000/1327 | T_Loss: 5.6476 | S_Loss: 5.6122 | KL(Tâ†’S): 0.1489 | KL(Sâ†’T): 0.1492 | Time: 50.36s
Batch 1200/1327 | T_Loss: 5.0095 | S_Loss: 5.0112 | KL(Tâ†’S): 0.2074 | KL(Sâ†’T): 0.2163 | Time: 60.44s
================================================================================
Epoch 1/40 | Time: 68.28s
Train - Teacher Loss: 6.0068 | Student Loss: 6.0232
Valid - Teacher PPL: 221.85 | Student PPL: 221.83
KL(Tâ†’S): 0.1132 | KL(Sâ†’T): 0.1120
================================================================================
âś“ Saved best model (PPL: 221.83)
Batch 200/1327 | T_Loss: 5.3419 | S_Loss: 5.3842 | KL(Tâ†’S): 0.1706 | KL(Sâ†’T): 0.1716 | Time: 10.06s
Batch 400/1327 | T_Loss: 5.0777 | S_Loss: 5.1224 | KL(Tâ†’S): 0.2065 | KL(Sâ†’T): 0.2112 | Time: 20.13s
Batch 600/1327 | T_Loss: 5.3092 | S_Loss: 5.3594 | KL(Tâ†’S): 0.1756 | KL(Sâ†’T): 0.1762 | Time: 30.21s
Batch 800/1327 | T_Loss: 5.1007 | S_Loss: 5.1132 | KL(Tâ†’S): 0.2225 | KL(Sâ†’T): 0.2237 | Time: 40.29s
Batch 1000/1327 | T_Loss: 5.1217 | S_Loss: 5.1665 | KL(Tâ†’S): 0.2465 | KL(Sâ†’T): 0.2501 | Time: 50.38s
Batch 1200/1327 | T_Loss: 4.5719 | S_Loss: 4.6061 | KL(Tâ†’S): 0.2899 | KL(Sâ†’T): 0.2894 | Time: 60.46s
================================================================================
Epoch 2/40 | Time: 68.32s
Train - Teacher Loss: 5.2102 | Student Loss: 5.2488
Valid - Teacher PPL: 168.21 | Student PPL: 165.55
KL(Tâ†’S): 0.2203 | KL(Sâ†’T): 0.2200
================================================================================
âś“ Saved best model (PPL: 165.55)
Batch 200/1327 | T_Loss: 5.1876 | S_Loss: 5.2369 | KL(Tâ†’S): 0.2232 | KL(Sâ†’T): 0.2233 | Time: 10.08s
Batch 400/1327 | T_Loss: 4.8962 | S_Loss: 4.9040 | KL(Tâ†’S): 0.2592 | KL(Sâ†’T): 0.2643 | Time: 20.16s
Batch 600/1327 | T_Loss: 5.1681 | S_Loss: 5.1977 | KL(Tâ†’S): 0.2346 | KL(Sâ†’T): 0.2373 | Time: 30.24s
Batch 800/1327 | T_Loss: 4.9333 | S_Loss: 4.9950 | KL(Tâ†’S): 0.2708 | KL(Sâ†’T): 0.2706 | Time: 40.31s
Batch 1000/1327 | T_Loss: 4.9332 | S_Loss: 5.0309 | KL(Tâ†’S): 0.2881 | KL(Sâ†’T): 0.2833 | Time: 50.39s
Batch 1200/1327 | T_Loss: 4.4738 | S_Loss: 4.5006 | KL(Tâ†’S): 0.3058 | KL(Sâ†’T): 0.3165 | Time: 60.47s
================================================================================
Epoch 3/40 | Time: 68.32s
Train - Teacher Loss: 5.0439 | Student Loss: 5.0938
Valid - Teacher PPL: 155.81 | Student PPL: 154.67
KL(Tâ†’S): 0.2727 | KL(Sâ†’T): 0.2725
================================================================================
âś“ Saved best model (PPL: 154.67)
Batch 200/1327 | T_Loss: 5.1563 | S_Loss: 5.1928 | KL(Tâ†’S): 0.2525 | KL(Sâ†’T): 0.2544 | Time: 10.08s
Batch 400/1327 | T_Loss: 4.7807 | S_Loss: 4.8893 | KL(Tâ†’S): 0.3067 | KL(Sâ†’T): 0.3082 | Time: 20.16s
Batch 600/1327 | T_Loss: 5.1383 | S_Loss: 5.1896 | KL(Tâ†’S): 0.2562 | KL(Sâ†’T): 0.2556 | Time: 30.24s
Batch 800/1327 | T_Loss: 4.9430 | S_Loss: 4.9233 | KL(Tâ†’S): 0.2872 | KL(Sâ†’T): 0.2858 | Time: 40.32s
Batch 1000/1327 | T_Loss: 4.8832 | S_Loss: 4.9564 | KL(Tâ†’S): 0.3103 | KL(Sâ†’T): 0.3090 | Time: 50.41s
Batch 1200/1327 | T_Loss: 4.4549 | S_Loss: 4.4816 | KL(Tâ†’S): 0.3374 | KL(Sâ†’T): 0.3468 | Time: 60.49s
================================================================================
Epoch 4/40 | Time: 68.35s
Train - Teacher Loss: 4.9953 | Student Loss: 5.0503
Valid - Teacher PPL: 152.96 | Student PPL: 152.00
KL(Tâ†’S): 0.2924 | KL(Sâ†’T): 0.2921
================================================================================
âś“ Saved best model (PPL: 152.00)
Batch 200/1327 | T_Loss: 5.1092 | S_Loss: 5.2117 | KL(Tâ†’S): 0.2585 | KL(Sâ†’T): 0.2591 | Time: 10.09s
Batch 400/1327 | T_Loss: 4.7935 | S_Loss: 4.8511 | KL(Tâ†’S): 0.3050 | KL(Sâ†’T): 0.2999 | Time: 20.17s
Batch 600/1327 | T_Loss: 5.0813 | S_Loss: 5.1531 | KL(Tâ†’S): 0.2694 | KL(Sâ†’T): 0.2703 | Time: 30.25s
Batch 800/1327 | T_Loss: 4.9269 | S_Loss: 4.9578 | KL(Tâ†’S): 0.2843 | KL(Sâ†’T): 0.2833 | Time: 40.36s
Batch 1000/1327 | T_Loss: 4.8788 | S_Loss: 4.9348 | KL(Tâ†’S): 0.3060 | KL(Sâ†’T): 0.3019 | Time: 50.44s
Batch 1200/1327 | T_Loss: 4.4381 | S_Loss: 4.4463 | KL(Tâ†’S): 0.3085 | KL(Sâ†’T): 0.3074 | Time: 60.54s
================================================================================
Epoch 5/40 | Time: 68.40s
Train - Teacher Loss: 4.9817 | Student Loss: 5.0391
Valid - Teacher PPL: 152.22 | Student PPL: 151.21
KL(Tâ†’S): 0.2989 | KL(Sâ†’T): 0.2988
================================================================================
âś“ Saved best model (PPL: 151.21)
Batch 200/1327 | T_Loss: 5.1518 | S_Loss: 5.1766 | KL(Tâ†’S): 0.2616 | KL(Sâ†’T): 0.2637 | Time: 10.11s
Batch 400/1327 | T_Loss: 4.8268 | S_Loss: 4.8546 | KL(Tâ†’S): 0.3249 | KL(Sâ†’T): 0.3248 | Time: 20.19s
Batch 600/1327 | T_Loss: 5.1155 | S_Loss: 5.1720 | KL(Tâ†’S): 0.2817 | KL(Sâ†’T): 0.2787 | Time: 30.29s
Batch 800/1327 | T_Loss: 4.9363 | S_Loss: 4.9282 | KL(Tâ†’S): 0.2958 | KL(Sâ†’T): 0.2952 | Time: 40.38s
Batch 1000/1327 | T_Loss: 4.8817 | S_Loss: 4.9889 | KL(Tâ†’S): 0.2968 | KL(Sâ†’T): 0.2947 | Time: 50.47s
Batch 1200/1327 | T_Loss: 4.4266 | S_Loss: 4.4492 | KL(Tâ†’S): 0.3329 | KL(Sâ†’T): 0.3335 | Time: 60.56s
================================================================================
Epoch 6/40 | Time: 68.43s
Train - Teacher Loss: 4.9785 | Student Loss: 5.0355
Valid - Teacher PPL: 152.02 | Student PPL: 151.00
KL(Tâ†’S): 0.3010 | KL(Sâ†’T): 0.3009
================================================================================
âś“ Saved best model (PPL: 151.00)
Batch 200/1327 | T_Loss: 5.0866 | S_Loss: 5.1846 | KL(Tâ†’S): 0.2717 | KL(Sâ†’T): 0.2741 | Time: 10.09s
Batch 400/1327 | T_Loss: 4.8055 | S_Loss: 4.8644 | KL(Tâ†’S): 0.3100 | KL(Sâ†’T): 0.3138 | Time: 20.19s
Batch 600/1327 | T_Loss: 5.0974 | S_Loss: 5.1742 | KL(Tâ†’S): 0.2746 | KL(Sâ†’T): 0.2746 | Time: 30.27s
Batch 800/1327 | T_Loss: 4.9109 | S_Loss: 4.8938 | KL(Tâ†’S): 0.2916 | KL(Sâ†’T): 0.2880 | Time: 40.36s
Batch 1000/1327 | T_Loss: 4.8673 | S_Loss: 4.9336 | KL(Tâ†’S): 0.3182 | KL(Sâ†’T): 0.3139 | Time: 50.45s
Batch 1200/1327 | T_Loss: 4.4000 | S_Loss: 4.4513 | KL(Tâ†’S): 0.3209 | KL(Sâ†’T): 0.3188 | Time: 60.54s
================================================================================
Epoch 7/40 | Time: 68.40s
Train - Teacher Loss: 4.9763 | Student Loss: 5.0340
Valid - Teacher PPL: 151.98 | Student PPL: 150.98
KL(Tâ†’S): 0.3015 | KL(Sâ†’T): 0.3014
================================================================================
âś“ Saved best model (PPL: 150.98)
Batch 200/1327 | T_Loss: 5.1352 | S_Loss: 5.1756 | KL(Tâ†’S): 0.2626 | KL(Sâ†’T): 0.2665 | Time: 10.10s
Batch 400/1327 | T_Loss: 4.8203 | S_Loss: 4.8371 | KL(Tâ†’S): 0.3090 | KL(Sâ†’T): 0.3076 | Time: 20.19s
Batch 600/1327 | T_Loss: 5.1134 | S_Loss: 5.1360 | KL(Tâ†’S): 0.2664 | KL(Sâ†’T): 0.2692 | Time: 30.29s
Batch 800/1327 | T_Loss: 4.9035 | S_Loss: 4.9505 | KL(Tâ†’S): 0.2895 | KL(Sâ†’T): 0.2845 | Time: 40.37s
Batch 1000/1327 | T_Loss: 4.8681 | S_Loss: 4.9301 | KL(Tâ†’S): 0.3123 | KL(Sâ†’T): 0.3068 | Time: 50.46s
Batch 1200/1327 | T_Loss: 4.4376 | S_Loss: 4.4491 | KL(Tâ†’S): 0.3195 | KL(Sâ†’T): 0.3151 | Time: 60.54s
================================================================================
Epoch 8/40 | Time: 68.39s
Train - Teacher Loss: 4.9777 | Student Loss: 5.0332
Valid - Teacher PPL: 151.97 | Student PPL: 150.97
KL(Tâ†’S): 0.3016 | KL(Sâ†’T): 0.3016
================================================================================
âś“ Saved best model (PPL: 150.97)
Batch 200/1327 | T_Loss: 5.1208 | S_Loss: 5.1802 | KL(Tâ†’S): 0.2561 | KL(Sâ†’T): 0.2577 | Time: 10.09s
Batch 400/1327 | T_Loss: 4.8172 | S_Loss: 4.8482 | KL(Tâ†’S): 0.3239 | KL(Sâ†’T): 0.3303 | Time: 20.18s
Batch 600/1327 | T_Loss: 5.1313 | S_Loss: 5.1329 | KL(Tâ†’S): 0.2762 | KL(Sâ†’T): 0.2776 | Time: 30.27s
Batch 800/1327 | T_Loss: 4.9342 | S_Loss: 4.9419 | KL(Tâ†’S): 0.2899 | KL(Sâ†’T): 0.2889 | Time: 40.36s
Batch 1000/1327 | T_Loss: 4.8791 | S_Loss: 4.9378 | KL(Tâ†’S): 0.3127 | KL(Sâ†’T): 0.3154 | Time: 50.45s
Batch 1200/1327 | T_Loss: 4.4373 | S_Loss: 4.4486 | KL(Tâ†’S): 0.3128 | KL(Sâ†’T): 0.3164 | Time: 60.54s
================================================================================
Epoch 9/40 | Time: 68.40s
Train - Teacher Loss: 4.9772 | Student Loss: 5.0344
Valid - Teacher PPL: 151.97 | Student PPL: 150.97
KL(Tâ†’S): 0.3018 | KL(Sâ†’T): 0.3017
================================================================================
âś“ Saved best model (PPL: 150.97)
Batch 200/1327 | T_Loss: 5.1232 | S_Loss: 5.1638 | KL(Tâ†’S): 0.2647 | KL(Sâ†’T): 0.2668 | Time: 10.09s
Batch 400/1327 | T_Loss: 4.8078 | S_Loss: 4.8350 | KL(Tâ†’S): 0.3119 | KL(Sâ†’T): 0.3137 | Time: 20.17s
Batch 600/1327 | T_Loss: 5.1329 | S_Loss: 5.1681 | KL(Tâ†’S): 0.2758 | KL(Sâ†’T): 0.2799 | Time: 30.26s
Batch 800/1327 | T_Loss: 4.8929 | S_Loss: 4.9302 | KL(Tâ†’S): 0.2963 | KL(Sâ†’T): 0.2966 | Time: 40.35s
Batch 1000/1327 | T_Loss: 4.9103 | S_Loss: 4.9350 | KL(Tâ†’S): 0.3048 | KL(Sâ†’T): 0.3015 | Time: 50.42s
Batch 1200/1327 | T_Loss: 4.4212 | S_Loss: 4.4743 | KL(Tâ†’S): 0.3205 | KL(Sâ†’T): 0.3249 | Time: 60.51s
================================================================================
Epoch 10/40 | Time: 68.37s
Train - Teacher Loss: 4.9772 | Student Loss: 5.0338
Valid - Teacher PPL: 151.97 | Student PPL: 150.97
KL(Tâ†’S): 0.3014 | KL(Sâ†’T): 0.3013
================================================================================
âś“ Saved best model (PPL: 150.97)
Batch 200/1327 | T_Loss: 5.1136 | S_Loss: 5.1610 | KL(Tâ†’S): 0.2614 | KL(Sâ†’T): 0.2599 | Time: 10.09s
Batch 400/1327 | T_Loss: 4.8196 | S_Loss: 4.8462 | KL(Tâ†’S): 0.3105 | KL(Sâ†’T): 0.3225 | Time: 20.17s
Batch 600/1327 | T_Loss: 5.1134 | S_Loss: 5.1358 | KL(Tâ†’S): 0.2762 | KL(Sâ†’T): 0.2742 | Time: 30.26s
Batch 800/1327 | T_Loss: 4.9101 | S_Loss: 4.9038 | KL(Tâ†’S): 0.3008 | KL(Sâ†’T): 0.3025 | Time: 40.36s
Batch 1000/1327 | T_Loss: 4.8601 | S_Loss: 4.9278 | KL(Tâ†’S): 0.3101 | KL(Sâ†’T): 0.3134 | Time: 50.45s
Batch 1200/1327 | T_Loss: 4.4445 | S_Loss: 4.4730 | KL(Tâ†’S): 0.3162 | KL(Sâ†’T): 0.3180 | Time: 60.54s
================================================================================
Epoch 11/40 | Time: 68.40s
Train - Teacher Loss: 4.9773 | Student Loss: 5.0350
Valid - Teacher PPL: 151.97 | Student PPL: 150.97
KL(Tâ†’S): 0.3019 | KL(Sâ†’T): 0.3018
================================================================================
âś“ Saved best model (PPL: 150.97)
Batch 200/1327 | T_Loss: 5.0993 | S_Loss: 5.1765 | KL(Tâ†’S): 0.2586 | KL(Sâ†’T): 0.2579 | Time: 10.09s
Batch 400/1327 | T_Loss: 4.7995 | S_Loss: 4.8382 | KL(Tâ†’S): 0.3164 | KL(Sâ†’T): 0.3153 | Time: 20.18s
Batch 600/1327 | T_Loss: 5.1335 | S_Loss: 5.1620 | KL(Tâ†’S): 0.2674 | KL(Sâ†’T): 0.2661 | Time: 30.27s
Batch 800/1327 | T_Loss: 4.8969 | S_Loss: 4.9284 | KL(Tâ†’S): 0.3000 | KL(Sâ†’T): 0.3004 | Time: 40.35s
Batch 1000/1327 | T_Loss: 4.8944 | S_Loss: 4.9221 | KL(Tâ†’S): 0.3033 | KL(Sâ†’T): 0.3034 | Time: 50.44s
Batch 1200/1327 | T_Loss: 4.4610 | S_Loss: 4.4395 | KL(Tâ†’S): 0.3201 | KL(Sâ†’T): 0.3198 | Time: 60.53s
================================================================================
Epoch 12/40 | Time: 68.39s
Train - Teacher Loss: 4.9763 | Student Loss: 5.0339
Valid - Teacher PPL: 151.97 | Student PPL: 150.97
KL(Tâ†’S): 0.3014 | KL(Sâ†’T): 0.3014
================================================================================
âś“ Saved best model (PPL: 150.97)
Batch 200/1327 | T_Loss: 5.1436 | S_Loss: 5.1548 | KL(Tâ†’S): 0.2589 | KL(Sâ†’T): 0.2611 | Time: 10.09s
Batch 400/1327 | T_Loss: 4.7866 | S_Loss: 4.8664 | KL(Tâ†’S): 0.3098 | KL(Sâ†’T): 0.3170 | Time: 20.17s
Batch 600/1327 | T_Loss: 5.0907 | S_Loss: 5.1445 | KL(Tâ†’S): 0.2765 | KL(Sâ†’T): 0.2754 | Time: 30.26s
Batch 800/1327 | T_Loss: 4.9401 | S_Loss: 4.9179 | KL(Tâ†’S): 0.2934 | KL(Sâ†’T): 0.2893 | Time: 40.34s
Batch 1000/1327 | T_Loss: 4.9006 | S_Loss: 4.9086 | KL(Tâ†’S): 0.2900 | KL(Sâ†’T): 0.2903 | Time: 50.42s
Batch 1200/1327 | T_Loss: 4.4516 | S_Loss: 4.4238 | KL(Tâ†’S): 0.3331 | KL(Sâ†’T): 0.3328 | Time: 60.49s
================================================================================
Epoch 13/40 | Time: 68.34s
Train - Teacher Loss: 4.9772 | Student Loss: 5.0337
Valid - Teacher PPL: 151.97 | Student PPL: 150.97
KL(Tâ†’S): 0.3015 | KL(Sâ†’T): 0.3014
================================================================================
Batch 200/1327 | T_Loss: 5.1324 | S_Loss: 5.1546 | KL(Tâ†’S): 0.2753 | KL(Sâ†’T): 0.2767 | Time: 10.08s
Batch 400/1327 | T_Loss: 4.7920 | S_Loss: 4.8288 | KL(Tâ†’S): 0.3069 | KL(Sâ†’T): 0.3057 | Time: 20.15s
Batch 600/1327 | T_Loss: 5.1336 | S_Loss: 5.1729 | KL(Tâ†’S): 0.2753 | KL(Sâ†’T): 0.2757 | Time: 30.23s
Batch 800/1327 | T_Loss: 4.8977 | S_Loss: 4.9093 | KL(Tâ†’S): 0.2886 | KL(Sâ†’T): 0.2878 | Time: 40.32s
Batch 1000/1327 | T_Loss: 4.9002 | S_Loss: 4.9482 | KL(Tâ†’S): 0.3145 | KL(Sâ†’T): 0.3079 | Time: 50.42s
Batch 1200/1327 | T_Loss: 4.4174 | S_Loss: 4.4544 | KL(Tâ†’S): 0.3112 | KL(Sâ†’T): 0.3139 | Time: 60.51s
================================================================================
Epoch 14/40 | Time: 68.38s
Train - Teacher Loss: 4.9770 | Student Loss: 5.0350
Valid - Teacher PPL: 151.97 | Student PPL: 150.97
KL(Tâ†’S): 0.3015 | KL(Sâ†’T): 0.3014
================================================================================
Batch 200/1327 | T_Loss: 5.1366 | S_Loss: 5.1678 | KL(Tâ†’S): 0.2656 | KL(Sâ†’T): 0.2654 | Time: 10.09s
Batch 400/1327 | T_Loss: 4.7835 | S_Loss: 4.7985 | KL(Tâ†’S): 0.3054 | KL(Sâ†’T): 0.3051 | Time: 20.19s
Batch 600/1327 | T_Loss: 5.1232 | S_Loss: 5.1589 | KL(Tâ†’S): 0.2658 | KL(Sâ†’T): 0.2637 | Time: 30.28s
Batch 800/1327 | T_Loss: 4.8886 | S_Loss: 4.8957 | KL(Tâ†’S): 0.2893 | KL(Sâ†’T): 0.2921 | Time: 40.38s
Batch 1000/1327 | T_Loss: 4.8382 | S_Loss: 4.9502 | KL(Tâ†’S): 0.3081 | KL(Sâ†’T): 0.3111 | Time: 50.48s
Batch 1200/1327 | T_Loss: 4.3970 | S_Loss: 4.4605 | KL(Tâ†’S): 0.3164 | KL(Sâ†’T): 0.3173 | Time: 60.58s
================================================================================
Epoch 15/40 | Time: 68.45s
Train - Teacher Loss: 4.9780 | Student Loss: 5.0335
Valid - Teacher PPL: 151.97 | Student PPL: 150.97
KL(Tâ†’S): 0.3014 | KL(Sâ†’T): 0.3013
================================================================================
Batch 200/1327 | T_Loss: 5.1140 | S_Loss: 5.1442 | KL(Tâ†’S): 0.2712 | KL(Sâ†’T): 0.2711 | Time: 10.10s
Batch 400/1327 | T_Loss: 4.8112 | S_Loss: 4.8666 | KL(Tâ†’S): 0.3045 | KL(Sâ†’T): 0.3051 | Time: 20.20s
Batch 600/1327 | T_Loss: 5.1214 | S_Loss: 5.1852 | KL(Tâ†’S): 0.2800 | KL(Sâ†’T): 0.2776 | Time: 30.30s
Batch 800/1327 | T_Loss: 4.8925 | S_Loss: 4.8887 | KL(Tâ†’S): 0.2932 | KL(Sâ†’T): 0.2936 | Time: 40.41s
Batch 1000/1327 | T_Loss: 4.8885 | S_Loss: 4.9213 | KL(Tâ†’S): 0.2935 | KL(Sâ†’T): 0.2912 | Time: 50.49s
Batch 1200/1327 | T_Loss: 4.4302 | S_Loss: 4.4617 | KL(Tâ†’S): 0.3336 | KL(Sâ†’T): 0.3360 | Time: 60.57s
================================================================================
Epoch 16/40 | Time: 68.44s
Train - Teacher Loss: 4.9774 | Student Loss: 5.0349
Valid - Teacher PPL: 151.97 | Student PPL: 150.97
KL(Tâ†’S): 0.3017 | KL(Sâ†’T): 0.3017
================================================================================
Batch 200/1327 | T_Loss: 5.1118 | S_Loss: 5.1545 | KL(Tâ†’S): 0.2735 | KL(Sâ†’T): 0.2744 | Time: 10.09s
Batch 400/1327 | T_Loss: 4.8198 | S_Loss: 4.8628 | KL(Tâ†’S): 0.3156 | KL(Sâ†’T): 0.3171 | Time: 20.18s
Batch 600/1327 | T_Loss: 5.0821 | S_Loss: 5.1792 | KL(Tâ†’S): 0.2812 | KL(Sâ†’T): 0.2778 | Time: 30.28s
Batch 800/1327 | T_Loss: 4.9000 | S_Loss: 4.9155 | KL(Tâ†’S): 0.2977 | KL(Sâ†’T): 0.3001 | Time: 40.37s
Batch 1000/1327 | T_Loss: 4.8604 | S_Loss: 4.9418 | KL(Tâ†’S): 0.2992 | KL(Sâ†’T): 0.2975 | Time: 50.46s
Batch 1200/1327 | T_Loss: 4.4319 | S_Loss: 4.4498 | KL(Tâ†’S): 0.3322 | KL(Sâ†’T): 0.3309 | Time: 60.55s
================================================================================
Epoch 17/40 | Time: 68.42s
Train - Teacher Loss: 4.9780 | Student Loss: 5.0342
Valid - Teacher PPL: 151.97 | Student PPL: 150.97
KL(Tâ†’S): 0.3016 | KL(Sâ†’T): 0.3015
================================================================================
Batch 200/1327 | T_Loss: 5.1357 | S_Loss: 5.1665 | KL(Tâ†’S): 0.2623 | KL(Sâ†’T): 0.2634 | Time: 10.08s
Batch 400/1327 | T_Loss: 4.7845 | S_Loss: 4.8327 | KL(Tâ†’S): 0.3179 | KL(Sâ†’T): 0.3256 | Time: 20.17s
Batch 600/1327 | T_Loss: 5.1080 | S_Loss: 5.1364 | KL(Tâ†’S): 0.2745 | KL(Sâ†’T): 0.2728 | Time: 30.26s
Batch 800/1327 | T_Loss: 4.8875 | S_Loss: 4.8940 | KL(Tâ†’S): 0.2990 | KL(Sâ†’T): 0.2964 | Time: 40.35s
Batch 1000/1327 | T_Loss: 4.8854 | S_Loss: 4.9050 | KL(Tâ†’S): 0.3129 | KL(Sâ†’T): 0.3062 | Time: 50.44s
Batch 1200/1327 | T_Loss: 4.3992 | S_Loss: 4.4315 | KL(Tâ†’S): 0.3107 | KL(Sâ†’T): 0.3135 | Time: 60.54s
================================================================================
Epoch 18/40 | Time: 68.40s
Train - Teacher Loss: 4.9765 | Student Loss: 5.0339
Valid - Teacher PPL: 151.97 | Student PPL: 150.97
KL(Tâ†’S): 0.3014 | KL(Sâ†’T): 0.3013
================================================================================
Batch 200/1327 | T_Loss: 5.1335 | S_Loss: 5.1606 | KL(Tâ†’S): 0.2561 | KL(Sâ†’T): 0.2569 | Time: 10.09s
Batch 400/1327 | T_Loss: 4.7901 | S_Loss: 4.8452 | KL(Tâ†’S): 0.3057 | KL(Sâ†’T): 0.3045 | Time: 20.18s
Batch 600/1327 | T_Loss: 5.1198 | S_Loss: 5.1716 | KL(Tâ†’S): 0.2778 | KL(Sâ†’T): 0.2805 | Time: 30.26s
Batch 800/1327 | T_Loss: 4.9083 | S_Loss: 4.9115 | KL(Tâ†’S): 0.2949 | KL(Sâ†’T): 0.2999 | Time: 40.35s
Batch 1000/1327 | T_Loss: 4.8830 | S_Loss: 4.9265 | KL(Tâ†’S): 0.2966 | KL(Sâ†’T): 0.2986 | Time: 50.44s
Batch 1200/1327 | T_Loss: 4.3900 | S_Loss: 4.4551 | KL(Tâ†’S): 0.3124 | KL(Sâ†’T): 0.3160 | Time: 60.53s
================================================================================
Epoch 19/40 | Time: 68.39s
Train - Teacher Loss: 4.9777 | Student Loss: 5.0350
Valid - Teacher PPL: 151.97 | Student PPL: 150.97
KL(Tâ†’S): 0.3011 | KL(Sâ†’T): 0.3011
================================================================================
Batch 200/1327 | T_Loss: 5.1340 | S_Loss: 5.1871 | KL(Tâ†’S): 0.2690 | KL(Sâ†’T): 0.2724 | Time: 10.10s
Batch 400/1327 | T_Loss: 4.8193 | S_Loss: 4.8735 | KL(Tâ†’S): 0.3177 | KL(Sâ†’T): 0.3212 | Time: 20.19s
Batch 600/1327 | T_Loss: 5.1135 | S_Loss: 5.1756 | KL(Tâ†’S): 0.2689 | KL(Sâ†’T): 0.2703 | Time: 30.28s
Batch 800/1327 | T_Loss: 4.9374 | S_Loss: 4.9046 | KL(Tâ†’S): 0.3052 | KL(Sâ†’T): 0.3064 | Time: 40.37s
Batch 1000/1327 | T_Loss: 4.8759 | S_Loss: 4.9682 | KL(Tâ†’S): 0.3033 | KL(Sâ†’T): 0.2993 | Time: 50.45s
Batch 1200/1327 | T_Loss: 4.3952 | S_Loss: 4.4669 | KL(Tâ†’S): 0.3213 | KL(Sâ†’T): 0.3273 | Time: 60.54s
================================================================================
Epoch 20/40 | Time: 68.40s
Train - Teacher Loss: 4.9775 | Student Loss: 5.0332
Valid - Teacher PPL: 151.97 | Student PPL: 150.97
KL(Tâ†’S): 0.3017 | KL(Sâ†’T): 0.3017
================================================================================
Batch 200/1327 | T_Loss: 5.1323 | S_Loss: 5.1664 | KL(Tâ†’S): 0.2646 | KL(Sâ†’T): 0.2662 | Time: 10.11s
Batch 400/1327 | T_Loss: 4.8157 | S_Loss: 4.8633 | KL(Tâ†’S): 0.3094 | KL(Sâ†’T): 0.3178 | Time: 20.20s
Batch 600/1327 | T_Loss: 5.1067 | S_Loss: 5.1359 | KL(Tâ†’S): 0.2786 | KL(Sâ†’T): 0.2797 | Time: 30.29s
Batch 800/1327 | T_Loss: 4.9281 | S_Loss: 4.8993 | KL(Tâ†’S): 0.3054 | KL(Sâ†’T): 0.3018 | Time: 40.37s
Batch 1000/1327 | T_Loss: 4.8633 | S_Loss: 4.9172 | KL(Tâ†’S): 0.3025 | KL(Sâ†’T): 0.2997 | Time: 50.44s
Batch 1200/1327 | T_Loss: 4.4357 | S_Loss: 4.4882 | KL(Tâ†’S): 0.3205 | KL(Sâ†’T): 0.3283 | Time: 60.51s
================================================================================
Epoch 21/40 | Time: 68.36s
Train - Teacher Loss: 4.9773 | Student Loss: 5.0335
Valid - Teacher PPL: 151.97 | Student PPL: 150.97
KL(Tâ†’S): 0.3014 | KL(Sâ†’T): 0.3014
================================================================================
Batch 200/1327 | T_Loss: 5.0976 | S_Loss: 5.1808 | KL(Tâ†’S): 0.2700 | KL(Sâ†’T): 0.2707 | Time: 10.07s
Batch 400/1327 | T_Loss: 4.8132 | S_Loss: 4.8169 | KL(Tâ†’S): 0.3124 | KL(Sâ†’T): 0.3127 | Time: 20.14s
Batch 600/1327 | T_Loss: 5.1111 | S_Loss: 5.1725 | KL(Tâ†’S): 0.2688 | KL(Sâ†’T): 0.2721 | Time: 30.23s
Batch 800/1327 | T_Loss: 4.8788 | S_Loss: 4.9619 | KL(Tâ†’S): 0.2906 | KL(Sâ†’T): 0.2901 | Time: 40.32s
Batch 1000/1327 | T_Loss: 4.8924 | S_Loss: 4.9530 | KL(Tâ†’S): 0.3067 | KL(Sâ†’T): 0.3046 | Time: 50.41s
Batch 1200/1327 | T_Loss: 4.4217 | S_Loss: 4.4685 | KL(Tâ†’S): 0.3255 | KL(Sâ†’T): 0.3290 | Time: 60.51s
================================================================================
Epoch 22/40 | Time: 68.37s
Train - Teacher Loss: 4.9772 | Student Loss: 5.0334
Valid - Teacher PPL: 151.97 | Student PPL: 150.97
KL(Tâ†’S): 0.3015 | KL(Sâ†’T): 0.3015
================================================================================
Batch 200/1327 | T_Loss: 5.1535 | S_Loss: 5.1759 | KL(Tâ†’S): 0.2702 | KL(Sâ†’T): 0.2734 | Time: 10.09s
Batch 400/1327 | T_Loss: 4.8134 | S_Loss: 4.8585 | KL(Tâ†’S): 0.3213 | KL(Sâ†’T): 0.3262 | Time: 20.17s
Batch 600/1327 | T_Loss: 5.0892 | S_Loss: 5.1830 | KL(Tâ†’S): 0.2769 | KL(Sâ†’T): 0.2755 | Time: 30.25s
Batch 800/1327 | T_Loss: 4.8867 | S_Loss: 4.9243 | KL(Tâ†’S): 0.3031 | KL(Sâ†’T): 0.3057 | Time: 40.33s
Batch 1000/1327 | T_Loss: 4.8586 | S_Loss: 4.9883 | KL(Tâ†’S): 0.3162 | KL(Sâ†’T): 0.3177 | Time: 50.42s
Batch 1200/1327 | T_Loss: 4.4121 | S_Loss: 4.4696 | KL(Tâ†’S): 0.3278 | KL(Sâ†’T): 0.3312 | Time: 60.51s
================================================================================
Epoch 23/40 | Time: 68.38s
Train - Teacher Loss: 4.9771 | Student Loss: 5.0351
Valid - Teacher PPL: 151.97 | Student PPL: 150.97
KL(Tâ†’S): 0.3015 | KL(Sâ†’T): 0.3013
================================================================================
Batch 200/1327 | T_Loss: 5.0859 | S_Loss: 5.1724 | KL(Tâ†’S): 0.2737 | KL(Sâ†’T): 0.2743 | Time: 10.09s
Batch 400/1327 | T_Loss: 4.8065 | S_Loss: 4.8638 | KL(Tâ†’S): 0.3272 | KL(Sâ†’T): 0.3241 | Time: 20.18s
Batch 600/1327 | T_Loss: 5.0808 | S_Loss: 5.1513 | KL(Tâ†’S): 0.2830 | KL(Sâ†’T): 0.2820 | Time: 30.26s
Batch 800/1327 | T_Loss: 4.8903 | S_Loss: 4.9831 | KL(Tâ†’S): 0.2985 | KL(Sâ†’T): 0.2973 | Time: 40.35s
Batch 1000/1327 | T_Loss: 4.8716 | S_Loss: 4.9568 | KL(Tâ†’S): 0.3000 | KL(Sâ†’T): 0.3007 | Time: 50.44s
Batch 1200/1327 | T_Loss: 4.3975 | S_Loss: 4.4577 | KL(Tâ†’S): 0.3170 | KL(Sâ†’T): 0.3144 | Time: 60.53s
================================================================================
Epoch 24/40 | Time: 68.39s
Train - Teacher Loss: 4.9766 | Student Loss: 5.0341
Valid - Teacher PPL: 151.97 | Student PPL: 150.97
KL(Tâ†’S): 0.3014 | KL(Sâ†’T): 0.3013
================================================================================
Batch 200/1327 | T_Loss: 5.1134 | S_Loss: 5.1586 | KL(Tâ†’S): 0.2654 | KL(Sâ†’T): 0.2661 | Time: 10.10s
Batch 400/1327 | T_Loss: 4.7834 | S_Loss: 4.8451 | KL(Tâ†’S): 0.3138 | KL(Sâ†’T): 0.3103 | Time: 20.19s
Batch 600/1327 | T_Loss: 5.0821 | S_Loss: 5.2181 | KL(Tâ†’S): 0.2835 | KL(Sâ†’T): 0.2812 | Time: 30.28s
Batch 800/1327 | T_Loss: 4.9091 | S_Loss: 4.9035 | KL(Tâ†’S): 0.2872 | KL(Sâ†’T): 0.2884 | Time: 40.37s
Batch 1000/1327 | T_Loss: 4.9008 | S_Loss: 4.9367 | KL(Tâ†’S): 0.3089 | KL(Sâ†’T): 0.3104 | Time: 50.45s
Batch 1200/1327 | T_Loss: 4.4273 | S_Loss: 4.4512 | KL(Tâ†’S): 0.3088 | KL(Sâ†’T): 0.3078 | Time: 60.56s
================================================================================
Epoch 25/40 | Time: 68.44s
Train - Teacher Loss: 4.9776 | Student Loss: 5.0340
Valid - Teacher PPL: 151.97 | Student PPL: 150.97
KL(Tâ†’S): 0.3015 | KL(Sâ†’T): 0.3014
================================================================================
Batch 200/1327 | T_Loss: 5.1568 | S_Loss: 5.1449 | KL(Tâ†’S): 0.2583 | KL(Sâ†’T): 0.2563 | Time: 10.10s
Batch 400/1327 | T_Loss: 4.7999 | S_Loss: 4.8488 | KL(Tâ†’S): 0.3172 | KL(Sâ†’T): 0.3130 | Time: 20.19s
Batch 600/1327 | T_Loss: 5.1616 | S_Loss: 5.1620 | KL(Tâ†’S): 0.2739 | KL(Sâ†’T): 0.2722 | Time: 30.29s
Batch 800/1327 | T_Loss: 4.9332 | S_Loss: 4.9038 | KL(Tâ†’S): 0.3028 | KL(Sâ†’T): 0.3055 | Time: 40.39s
Batch 1000/1327 | T_Loss: 4.8664 | S_Loss: 4.9465 | KL(Tâ†’S): 0.3116 | KL(Sâ†’T): 0.3125 | Time: 50.49s
Batch 1200/1327 | T_Loss: 4.4135 | S_Loss: 4.4623 | KL(Tâ†’S): 0.3180 | KL(Sâ†’T): 0.3307 | Time: 60.59s
================================================================================
Epoch 26/40 | Time: 68.47s
Train - Teacher Loss: 4.9774 | Student Loss: 5.0343
Valid - Teacher PPL: 151.97 | Student PPL: 150.97
KL(Tâ†’S): 0.3018 | KL(Sâ†’T): 0.3017
================================================================================
Batch 200/1327 | T_Loss: 5.1002 | S_Loss: 5.2103 | KL(Tâ†’S): 0.2671 | KL(Sâ†’T): 0.2672 | Time: 10.10s
Batch 400/1327 | T_Loss: 4.7920 | S_Loss: 4.8542 | KL(Tâ†’S): 0.3173 | KL(Sâ†’T): 0.3190 | Time: 20.21s
Batch 600/1327 | T_Loss: 5.1091 | S_Loss: 5.2023 | KL(Tâ†’S): 0.2781 | KL(Sâ†’T): 0.2755 | Time: 30.31s
Batch 800/1327 | T_Loss: 4.8796 | S_Loss: 4.9419 | KL(Tâ†’S): 0.2976 | KL(Sâ†’T): 0.3003 | Time: 40.41s
Batch 1000/1327 | T_Loss: 4.8875 | S_Loss: 4.9626 | KL(Tâ†’S): 0.2912 | KL(Sâ†’T): 0.2922 | Time: 50.51s
Batch 1200/1327 | T_Loss: 4.4225 | S_Loss: 4.4584 | KL(Tâ†’S): 0.3250 | KL(Sâ†’T): 0.3235 | Time: 60.62s
================================================================================
Epoch 27/40 | Time: 68.49s
Train - Teacher Loss: 4.9780 | Student Loss: 5.0344
Valid - Teacher PPL: 151.97 | Student PPL: 150.97
KL(Tâ†’S): 0.3017 | KL(Sâ†’T): 0.3016
================================================================================
Batch 200/1327 | T_Loss: 5.1007 | S_Loss: 5.1437 | KL(Tâ†’S): 0.2642 | KL(Sâ†’T): 0.2648 | Time: 10.10s
Batch 400/1327 | T_Loss: 4.7807 | S_Loss: 4.8192 | KL(Tâ†’S): 0.3178 | KL(Sâ†’T): 0.3166 | Time: 20.20s
Batch 600/1327 | T_Loss: 5.0977 | S_Loss: 5.1577 | KL(Tâ†’S): 0.2674 | KL(Sâ†’T): 0.2679 | Time: 30.31s
Batch 800/1327 | T_Loss: 4.8897 | S_Loss: 4.9104 | KL(Tâ†’S): 0.2863 | KL(Sâ†’T): 0.2885 | Time: 40.41s
Batch 1000/1327 | T_Loss: 4.8581 | S_Loss: 4.9535 | KL(Tâ†’S): 0.3165 | KL(Sâ†’T): 0.3158 | Time: 50.53s
Batch 1200/1327 | T_Loss: 4.4378 | S_Loss: 4.4454 | KL(Tâ†’S): 0.3185 | KL(Sâ†’T): 0.3122 | Time: 60.64s
================================================================================
Epoch 28/40 | Time: 68.52s
Train - Teacher Loss: 4.9760 | Student Loss: 5.0341
Valid - Teacher PPL: 151.97 | Student PPL: 150.97
KL(Tâ†’S): 0.3015 | KL(Sâ†’T): 0.3014
================================================================================
Batch 200/1327 | T_Loss: 5.1041 | S_Loss: 5.1711 | KL(Tâ†’S): 0.2674 | KL(Sâ†’T): 0.2697 | Time: 10.11s
Batch 400/1327 | T_Loss: 4.7939 | S_Loss: 4.8579 | KL(Tâ†’S): 0.3433 | KL(Sâ†’T): 0.3330 | Time: 20.23s
Batch 600/1327 | T_Loss: 5.1184 | S_Loss: 5.1571 | KL(Tâ†’S): 0.2778 | KL(Sâ†’T): 0.2752 | Time: 30.33s
Batch 800/1327 | T_Loss: 4.9173 | S_Loss: 4.8913 | KL(Tâ†’S): 0.2945 | KL(Sâ†’T): 0.2975 | Time: 40.45s
Batch 1000/1327 | T_Loss: 4.8526 | S_Loss: 4.9575 | KL(Tâ†’S): 0.3030 | KL(Sâ†’T): 0.2982 | Time: 50.56s
Batch 1200/1327 | T_Loss: 4.4362 | S_Loss: 4.4766 | KL(Tâ†’S): 0.3254 | KL(Sâ†’T): 0.3226 | Time: 60.68s
================================================================================
Epoch 29/40 | Time: 68.56s
Train - Teacher Loss: 4.9765 | Student Loss: 5.0338
Valid - Teacher PPL: 151.97 | Student PPL: 150.97
KL(Tâ†’S): 0.3016 | KL(Sâ†’T): 0.3014
================================================================================
Batch 200/1327 | T_Loss: 5.1278 | S_Loss: 5.1715 | KL(Tâ†’S): 0.2735 | KL(Sâ†’T): 0.2742 | Time: 10.11s
Batch 400/1327 | T_Loss: 4.8367 | S_Loss: 4.8637 | KL(Tâ†’S): 0.3147 | KL(Sâ†’T): 0.3185 | Time: 20.22s
Batch 600/1327 | T_Loss: 5.1210 | S_Loss: 5.1834 | KL(Tâ†’S): 0.2800 | KL(Sâ†’T): 0.2786 | Time: 30.34s
Batch 800/1327 | T_Loss: 4.9069 | S_Loss: 4.8923 | KL(Tâ†’S): 0.3091 | KL(Sâ†’T): 0.3113 | Time: 40.45s
Batch 1000/1327 | T_Loss: 4.8989 | S_Loss: 4.8979 | KL(Tâ†’S): 0.3199 | KL(Sâ†’T): 0.3157 | Time: 50.59s
Batch 1200/1327 | T_Loss: 4.4630 | S_Loss: 4.4521 | KL(Tâ†’S): 0.3321 | KL(Sâ†’T): 0.3319 | Time: 60.74s
================================================================================
Epoch 30/40 | Time: 68.63s
Train - Teacher Loss: 4.9783 | Student Loss: 5.0341
Valid - Teacher PPL: 151.97 | Student PPL: 150.97
KL(Tâ†’S): 0.3018 | KL(Sâ†’T): 0.3015
================================================================================
Batch 200/1327 | T_Loss: 5.0869 | S_Loss: 5.1388 | KL(Tâ†’S): 0.2552 | KL(Sâ†’T): 0.2569 | Time: 10.12s
Batch 400/1327 | T_Loss: 4.8233 | S_Loss: 4.8567 | KL(Tâ†’S): 0.3090 | KL(Sâ†’T): 0.3124 | Time: 20.25s
Batch 600/1327 | T_Loss: 5.0833 | S_Loss: 5.1640 | KL(Tâ†’S): 0.2749 | KL(Sâ†’T): 0.2739 | Time: 30.38s
Batch 800/1327 | T_Loss: 4.8916 | S_Loss: 4.9073 | KL(Tâ†’S): 0.2971 | KL(Sâ†’T): 0.2968 | Time: 40.49s
Batch 1000/1327 | T_Loss: 4.8667 | S_Loss: 4.9070 | KL(Tâ†’S): 0.3047 | KL(Sâ†’T): 0.3051 | Time: 50.62s
Batch 1200/1327 | T_Loss: 4.4549 | S_Loss: 4.4496 | KL(Tâ†’S): 0.3227 | KL(Sâ†’T): 0.3282 | Time: 60.75s
================================================================================
Epoch 31/40 | Time: 68.64s
Train - Teacher Loss: 4.9775 | Student Loss: 5.0339
Valid - Teacher PPL: 151.97 | Student PPL: 150.97
KL(Tâ†’S): 0.3018 | KL(Sâ†’T): 0.3017
================================================================================
Batch 200/1327 | T_Loss: 5.1110 | S_Loss: 5.2080 | KL(Tâ†’S): 0.2653 | KL(Sâ†’T): 0.2658 | Time: 10.13s
Batch 400/1327 | T_Loss: 4.7844 | S_Loss: 4.8687 | KL(Tâ†’S): 0.3112 | KL(Sâ†’T): 0.3172 | Time: 20.25s
Batch 600/1327 | T_Loss: 5.1169 | S_Loss: 5.1832 | KL(Tâ†’S): 0.2675 | KL(Sâ†’T): 0.2664 | Time: 30.38s
Batch 800/1327 | T_Loss: 4.9123 | S_Loss: 4.9203 | KL(Tâ†’S): 0.2902 | KL(Sâ†’T): 0.2868 | Time: 40.49s
Batch 1000/1327 | T_Loss: 4.8788 | S_Loss: 4.9739 | KL(Tâ†’S): 0.3009 | KL(Sâ†’T): 0.3010 | Time: 50.60s
Batch 1200/1327 | T_Loss: 4.4239 | S_Loss: 4.4347 | KL(Tâ†’S): 0.3318 | KL(Sâ†’T): 0.3241 | Time: 60.71s
================================================================================
Epoch 32/40 | Time: 68.59s
Train - Teacher Loss: 4.9777 | Student Loss: 5.0342
Valid - Teacher PPL: 151.97 | Student PPL: 150.97
KL(Tâ†’S): 0.3018 | KL(Sâ†’T): 0.3015
================================================================================
Batch 200/1327 | T_Loss: 5.1434 | S_Loss: 5.1539 | KL(Tâ†’S): 0.2569 | KL(Sâ†’T): 0.2586 | Time: 10.11s
Batch 400/1327 | T_Loss: 4.8164 | S_Loss: 4.8290 | KL(Tâ†’S): 0.3121 | KL(Sâ†’T): 0.3084 | Time: 20.23s
Batch 600/1327 | T_Loss: 5.1194 | S_Loss: 5.1596 | KL(Tâ†’S): 0.2725 | KL(Sâ†’T): 0.2732 | Time: 30.36s
Batch 800/1327 | T_Loss: 4.9127 | S_Loss: 4.9226 | KL(Tâ†’S): 0.2851 | KL(Sâ†’T): 0.2876 | Time: 40.48s
Batch 1000/1327 | T_Loss: 4.8844 | S_Loss: 4.9449 | KL(Tâ†’S): 0.3077 | KL(Sâ†’T): 0.3106 | Time: 50.61s
Batch 1200/1327 | T_Loss: 4.4209 | S_Loss: 4.4442 | KL(Tâ†’S): 0.3312 | KL(Sâ†’T): 0.3258 | Time: 60.73s
================================================================================
Epoch 33/40 | Time: 68.62s
Train - Teacher Loss: 4.9774 | Student Loss: 5.0340
Valid - Teacher PPL: 151.97 | Student PPL: 150.97
KL(Tâ†’S): 0.3014 | KL(Sâ†’T): 0.3012
================================================================================
Batch 200/1327 | T_Loss: 5.1509 | S_Loss: 5.1712 | KL(Tâ†’S): 0.2613 | KL(Sâ†’T): 0.2615 | Time: 10.13s
Batch 400/1327 | T_Loss: 4.8262 | S_Loss: 4.8579 | KL(Tâ†’S): 0.3273 | KL(Sâ†’T): 0.3290 | Time: 20.24s
Batch 600/1327 | T_Loss: 5.1225 | S_Loss: 5.1339 | KL(Tâ†’S): 0.2732 | KL(Sâ†’T): 0.2721 | Time: 30.36s
Batch 800/1327 | T_Loss: 4.8839 | S_Loss: 4.8989 | KL(Tâ†’S): 0.2992 | KL(Sâ†’T): 0.2955 | Time: 40.47s
Batch 1000/1327 | T_Loss: 4.9166 | S_Loss: 4.9819 | KL(Tâ†’S): 0.3039 | KL(Sâ†’T): 0.3003 | Time: 50.60s
Batch 1200/1327 | T_Loss: 4.3929 | S_Loss: 4.4773 | KL(Tâ†’S): 0.3206 | KL(Sâ†’T): 0.3242 | Time: 60.71s
================================================================================
Epoch 34/40 | Time: 68.60s
Train - Teacher Loss: 4.9772 | Student Loss: 5.0341
Valid - Teacher PPL: 151.97 | Student PPL: 150.97
KL(Tâ†’S): 0.3014 | KL(Sâ†’T): 0.3014
================================================================================
Batch 200/1327 | T_Loss: 5.1630 | S_Loss: 5.1856 | KL(Tâ†’S): 0.2616 | KL(Sâ†’T): 0.2656 | Time: 10.12s
Batch 400/1327 | T_Loss: 4.8239 | S_Loss: 4.8849 | KL(Tâ†’S): 0.3143 | KL(Sâ†’T): 0.3155 | Time: 20.25s
Batch 600/1327 | T_Loss: 5.1146 | S_Loss: 5.1558 | KL(Tâ†’S): 0.2808 | KL(Sâ†’T): 0.2824 | Time: 30.37s
Batch 800/1327 | T_Loss: 4.8724 | S_Loss: 4.9289 | KL(Tâ†’S): 0.3045 | KL(Sâ†’T): 0.3032 | Time: 40.49s
Batch 1000/1327 | T_Loss: 4.9260 | S_Loss: 4.9477 | KL(Tâ†’S): 0.3012 | KL(Sâ†’T): 0.3050 | Time: 50.61s
Batch 1200/1327 | T_Loss: 4.4284 | S_Loss: 4.4379 | KL(Tâ†’S): 0.3222 | KL(Sâ†’T): 0.3233 | Time: 60.73s
================================================================================
Epoch 35/40 | Time: 68.62s
Train - Teacher Loss: 4.9772 | Student Loss: 5.0335
Valid - Teacher PPL: 151.97 | Student PPL: 150.97
KL(Tâ†’S): 0.3016 | KL(Sâ†’T): 0.3015
================================================================================
Batch 200/1327 | T_Loss: 5.1045 | S_Loss: 5.1496 | KL(Tâ†’S): 0.2629 | KL(Sâ†’T): 0.2652 | Time: 10.12s
Batch 400/1327 | T_Loss: 4.7881 | S_Loss: 4.8491 | KL(Tâ†’S): 0.3129 | KL(Sâ†’T): 0.3144 | Time: 20.24s
Batch 600/1327 | T_Loss: 5.1367 | S_Loss: 5.1720 | KL(Tâ†’S): 0.2704 | KL(Sâ†’T): 0.2732 | Time: 30.36s
Batch 800/1327 | T_Loss: 4.9235 | S_Loss: 4.9129 | KL(Tâ†’S): 0.3028 | KL(Sâ†’T): 0.3080 | Time: 40.49s
Batch 1000/1327 | T_Loss: 4.8685 | S_Loss: 4.9372 | KL(Tâ†’S): 0.3060 | KL(Sâ†’T): 0.3062 | Time: 50.61s
Batch 1200/1327 | T_Loss: 4.3773 | S_Loss: 4.4521 | KL(Tâ†’S): 0.3223 | KL(Sâ†’T): 0.3217 | Time: 60.73s
================================================================================
Epoch 36/40 | Time: 68.62s
Train - Teacher Loss: 4.9767 | Student Loss: 5.0346
Valid - Teacher PPL: 151.97 | Student PPL: 150.97
KL(Tâ†’S): 0.3013 | KL(Sâ†’T): 0.3014
================================================================================
Batch 200/1327 | T_Loss: 5.1125 | S_Loss: 5.1700 | KL(Tâ†’S): 0.2630 | KL(Sâ†’T): 0.2625 | Time: 10.12s
Batch 400/1327 | T_Loss: 4.7692 | S_Loss: 4.8487 | KL(Tâ†’S): 0.3127 | KL(Sâ†’T): 0.3148 | Time: 20.24s
Batch 600/1327 | T_Loss: 5.1095 | S_Loss: 5.1447 | KL(Tâ†’S): 0.2792 | KL(Sâ†’T): 0.2776 | Time: 30.37s
Batch 800/1327 | T_Loss: 4.8956 | S_Loss: 4.8942 | KL(Tâ†’S): 0.2850 | KL(Sâ†’T): 0.2849 | Time: 40.49s
Batch 1000/1327 | T_Loss: 4.8536 | S_Loss: 4.9296 | KL(Tâ†’S): 0.3197 | KL(Sâ†’T): 0.3229 | Time: 50.60s
Batch 1200/1327 | T_Loss: 4.4003 | S_Loss: 4.4674 | KL(Tâ†’S): 0.3156 | KL(Sâ†’T): 0.3180 | Time: 60.72s
================================================================================
Epoch 37/40 | Time: 68.62s
Train - Teacher Loss: 4.9768 | Student Loss: 5.0348
Valid - Teacher PPL: 151.97 | Student PPL: 150.97
KL(Tâ†’S): 0.3019 | KL(Sâ†’T): 0.3016
================================================================================
Batch 200/1327 | T_Loss: 5.1237 | S_Loss: 5.1811 | KL(Tâ†’S): 0.2663 | KL(Sâ†’T): 0.2689 | Time: 10.13s
Batch 400/1327 | T_Loss: 4.7628 | S_Loss: 4.8589 | KL(Tâ†’S): 0.3217 | KL(Sâ†’T): 0.3241 | Time: 20.25s
Batch 600/1327 | T_Loss: 5.1187 | S_Loss: 5.1558 | KL(Tâ†’S): 0.2738 | KL(Sâ†’T): 0.2755 | Time: 30.37s
Batch 800/1327 | T_Loss: 4.8854 | S_Loss: 4.8967 | KL(Tâ†’S): 0.2852 | KL(Sâ†’T): 0.2853 | Time: 40.49s
Batch 1000/1327 | T_Loss: 4.9145 | S_Loss: 4.9299 | KL(Tâ†’S): 0.3161 | KL(Sâ†’T): 0.3053 | Time: 50.61s
Batch 1200/1327 | T_Loss: 4.4187 | S_Loss: 4.4571 | KL(Tâ†’S): 0.3111 | KL(Sâ†’T): 0.3148 | Time: 60.74s
================================================================================
Epoch 38/40 | Time: 68.62s
Train - Teacher Loss: 4.9765 | Student Loss: 5.0347
Valid - Teacher PPL: 151.97 | Student PPL: 150.97
KL(Tâ†’S): 0.3016 | KL(Sâ†’T): 0.3015
================================================================================
Batch 200/1327 | T_Loss: 5.1359 | S_Loss: 5.1606 | KL(Tâ†’S): 0.2632 | KL(Sâ†’T): 0.2630 | Time: 10.12s
Batch 400/1327 | T_Loss: 4.7859 | S_Loss: 4.8840 | KL(Tâ†’S): 0.3329 | KL(Sâ†’T): 0.3337 | Time: 20.24s
Batch 600/1327 | T_Loss: 5.1124 | S_Loss: 5.1852 | KL(Tâ†’S): 0.2730 | KL(Sâ†’T): 0.2734 | Time: 30.36s
Batch 800/1327 | T_Loss: 4.9085 | S_Loss: 4.9304 | KL(Tâ†’S): 0.2960 | KL(Sâ†’T): 0.2958 | Time: 40.48s
Batch 1000/1327 | T_Loss: 4.8897 | S_Loss: 4.9090 | KL(Tâ†’S): 0.3023 | KL(Sâ†’T): 0.3032 | Time: 50.61s
Batch 1200/1327 | T_Loss: 4.4400 | S_Loss: 4.4718 | KL(Tâ†’S): 0.3067 | KL(Sâ†’T): 0.3088 | Time: 60.73s
================================================================================
Epoch 39/40 | Time: 68.62s
Train - Teacher Loss: 4.9766 | Student Loss: 5.0343
Valid - Teacher PPL: 151.97 | Student PPL: 150.97
KL(Tâ†’S): 0.3015 | KL(Sâ†’T): 0.3014
================================================================================
Batch 200/1327 | T_Loss: 5.1106 | S_Loss: 5.1662 | KL(Tâ†’S): 0.2572 | KL(Sâ†’T): 0.2593 | Time: 10.12s
Batch 400/1327 | T_Loss: 4.7654 | S_Loss: 4.8594 | KL(Tâ†’S): 0.3153 | KL(Sâ†’T): 0.3132 | Time: 20.24s
Batch 600/1327 | T_Loss: 5.0906 | S_Loss: 5.1509 | KL(Tâ†’S): 0.2732 | KL(Sâ†’T): 0.2705 | Time: 30.35s
Batch 800/1327 | T_Loss: 4.9368 | S_Loss: 4.9014 | KL(Tâ†’S): 0.2843 | KL(Sâ†’T): 0.2856 | Time: 40.47s
Batch 1000/1327 | T_Loss: 4.9045 | S_Loss: 4.9259 | KL(Tâ†’S): 0.3042 | KL(Sâ†’T): 0.3003 | Time: 50.59s
Batch 1200/1327 | T_Loss: 4.4341 | S_Loss: 4.4392 | KL(Tâ†’S): 0.3350 | KL(Sâ†’T): 0.3380 | Time: 60.71s
================================================================================
Epoch 40/40 | Time: 68.60s
Train - Teacher Loss: 4.9767 | Student Loss: 5.0343
Valid - Teacher PPL: 151.97 | Student PPL: 150.97
KL(Tâ†’S): 0.3016 | KL(Sâ†’T): 0.3016
================================================================================

================================================================================
FINAL TEST EVALUATION
================================================================================
Test - Teacher PPL: 147.57 | Student PPL: 147.33

âś“ Training completed!
Results saved to: ckpt/Phase1/positive_alpha0.1_seed0.pt
