â„ą WandB tracking disabled
Producing dataset ptb...
Path being used: data/ptb/train.txt
Current working directory: /home/rajeev-kumar/Desktop/LoT
Path being used: data/ptb/valid.txt
Current working directory: /home/rajeev-kumar/Desktop/LoT
Path being used: data/ptb/test.txt
Current working directory: /home/rajeev-kumar/Desktop/LoT
building vocab with min_freq=0, max_size=None
final vocab size 10000 from 9999 unique tokens
================================================================================
PHASE 2: TEACHER-STUDENT SIZE RATIO EXPERIMENT
Teacher: LARGE | Student: SMALL
================================================================================
Teacher parameters: 37,283,600 (large)
Student parameters: 10,576,400 (small)
Size ratio (T/S): 3.53x
================================================================================
{
    "exp_name": "LoT_Phase2",
    "track": false,
    "teacher_size": "large",
    "student_size": "small",
    "alpha": 0.1,
    "detach": 1,
    "gpu": 0,
    "seed": 0,
    "T": 1.5,
    "data": "ptb",
    "lr": 20.0,
    "clip": 0.25,
    "epochs": 40,
    "batch_size": 20,
    "batch_chunk": 1,
    "bptt": 35,
    "dropout": 0.5,
    "student_steps_ratio": 4,
    "save": "ckpt/Phase2/Tlarge_Ssmall_alpha0.1_seed0.pt",
    "opt": "SGD",
    "eval_interval": 1000,
    "max_step": 53120
}
================================================================================

Starting training...
Batch 200/1327 | T_Loss: 6.4580 | S_Loss: 6.4128 | KL(Tâ†’S): 0.0880 | KL(Sâ†’T): 0.0811
Batch 400/1327 | T_Loss: 6.0559 | S_Loss: 6.0585 | KL(Tâ†’S): 0.0730 | KL(Sâ†’T): 0.0766
Batch 600/1327 | T_Loss: 5.9519 | S_Loss: 6.0264 | KL(Tâ†’S): 0.1098 | KL(Sâ†’T): 0.1202
Batch 800/1327 | T_Loss: 5.5858 | S_Loss: 5.6227 | KL(Tâ†’S): 0.1250 | KL(Sâ†’T): 0.1240
Batch 1000/1327 | T_Loss: 5.6116 | S_Loss: 5.6658 | KL(Tâ†’S): 0.1682 | KL(Sâ†’T): 0.1654
Batch 1200/1327 | T_Loss: 4.9893 | S_Loss: 5.0792 | KL(Tâ†’S): 0.2349 | KL(Sâ†’T): 0.2347
================================================================================
Epoch 1/40 | Time: 161.40s
Valid - Teacher PPL: 219.46 | Student PPL: 229.22
KL(Tâ†’S): 0.1446 | KL(Sâ†’T): 0.1456
Imitability Ratio: 0.9931
================================================================================
âś“ Saved best model (Student PPL: 229.22)
Batch 200/1327 | T_Loss: 5.3475 | S_Loss: 5.4295 | KL(Tâ†’S): 0.1774 | KL(Sâ†’T): 0.1757
Batch 400/1327 | T_Loss: 5.0393 | S_Loss: 5.1880 | KL(Tâ†’S): 0.2155 | KL(Sâ†’T): 0.2182
Batch 600/1327 | T_Loss: 5.3574 | S_Loss: 5.4637 | KL(Tâ†’S): 0.1938 | KL(Sâ†’T): 0.1967
Batch 800/1327 | T_Loss: 5.0409 | S_Loss: 5.1799 | KL(Tâ†’S): 0.2248 | KL(Sâ†’T): 0.2248
Batch 1000/1327 | T_Loss: 5.0516 | S_Loss: 5.2349 | KL(Tâ†’S): 0.2515 | KL(Sâ†’T): 0.2542
Batch 1200/1327 | T_Loss: 4.5776 | S_Loss: 4.6481 | KL(Tâ†’S): 0.3094 | KL(Sâ†’T): 0.3131
================================================================================
Epoch 2/40 | Time: 161.31s
Valid - Teacher PPL: 162.93 | Student PPL: 175.53
KL(Tâ†’S): 0.2298 | KL(Sâ†’T): 0.2312
Imitability Ratio: 0.9942
================================================================================
âś“ Saved best model (Student PPL: 175.53)
Batch 200/1327 | T_Loss: 5.1773 | S_Loss: 5.3000 | KL(Tâ†’S): 0.2279 | KL(Sâ†’T): 0.2314
Batch 400/1327 | T_Loss: 4.8547 | S_Loss: 5.0155 | KL(Tâ†’S): 0.2802 | KL(Sâ†’T): 0.2834
Batch 600/1327 | T_Loss: 5.1993 | S_Loss: 5.3026 | KL(Tâ†’S): 0.2448 | KL(Sâ†’T): 0.2477
Batch 800/1327 | T_Loss: 4.9291 | S_Loss: 5.0889 | KL(Tâ†’S): 0.2668 | KL(Sâ†’T): 0.2713
Batch 1000/1327 | T_Loss: 4.9361 | S_Loss: 5.1041 | KL(Tâ†’S): 0.2972 | KL(Sâ†’T): 0.3011
Batch 1200/1327 | T_Loss: 4.5075 | S_Loss: 4.5750 | KL(Tâ†’S): 0.3200 | KL(Sâ†’T): 0.3287
================================================================================
Epoch 3/40 | Time: 161.27s
Valid - Teacher PPL: 151.42 | Student PPL: 163.82
KL(Tâ†’S): 0.2799 | KL(Sâ†’T): 0.2830
Imitability Ratio: 0.9890
================================================================================
âś“ Saved best model (Student PPL: 163.82)
Batch 200/1327 | T_Loss: 5.1492 | S_Loss: 5.2524 | KL(Tâ†’S): 0.2554 | KL(Sâ†’T): 0.2614
Batch 400/1327 | T_Loss: 4.7500 | S_Loss: 4.9814 | KL(Tâ†’S): 0.3045 | KL(Sâ†’T): 0.3032
Batch 600/1327 | T_Loss: 5.1383 | S_Loss: 5.2600 | KL(Tâ†’S): 0.2677 | KL(Sâ†’T): 0.2673
Batch 800/1327 | T_Loss: 4.8836 | S_Loss: 5.0179 | KL(Tâ†’S): 0.3056 | KL(Sâ†’T): 0.3063
Batch 1000/1327 | T_Loss: 4.9242 | S_Loss: 5.0846 | KL(Tâ†’S): 0.3032 | KL(Sâ†’T): 0.3068
Batch 1200/1327 | T_Loss: 4.4598 | S_Loss: 4.5365 | KL(Tâ†’S): 0.3281 | KL(Sâ†’T): 0.3417
================================================================================
Epoch 4/40 | Time: 161.31s
Valid - Teacher PPL: 148.79 | Student PPL: 161.06
KL(Tâ†’S): 0.3000 | KL(Sâ†’T): 0.3035
Imitability Ratio: 0.9884
================================================================================
âś“ Saved best model (Student PPL: 161.06)
Batch 200/1327 | T_Loss: 5.1164 | S_Loss: 5.2202 | KL(Tâ†’S): 0.2666 | KL(Sâ†’T): 0.2690
Batch 400/1327 | T_Loss: 4.7610 | S_Loss: 4.9538 | KL(Tâ†’S): 0.3099 | KL(Sâ†’T): 0.3137
Batch 600/1327 | T_Loss: 5.1336 | S_Loss: 5.2489 | KL(Tâ†’S): 0.2740 | KL(Sâ†’T): 0.2759
Batch 800/1327 | T_Loss: 4.8668 | S_Loss: 4.9860 | KL(Tâ†’S): 0.2873 | KL(Sâ†’T): 0.2920
Batch 1000/1327 | T_Loss: 4.8579 | S_Loss: 5.0756 | KL(Tâ†’S): 0.3121 | KL(Sâ†’T): 0.3159
Batch 1200/1327 | T_Loss: 4.4538 | S_Loss: 4.5531 | KL(Tâ†’S): 0.3238 | KL(Sâ†’T): 0.3268
================================================================================
Epoch 5/40 | Time: 161.31s
Valid - Teacher PPL: 147.92 | Student PPL: 160.32
KL(Tâ†’S): 0.3065 | KL(Sâ†’T): 0.3103
Imitability Ratio: 0.9876
================================================================================
âś“ Saved best model (Student PPL: 160.32)
Batch 200/1327 | T_Loss: 5.1155 | S_Loss: 5.2291 | KL(Tâ†’S): 0.2716 | KL(Sâ†’T): 0.2769
Batch 400/1327 | T_Loss: 4.7723 | S_Loss: 4.9806 | KL(Tâ†’S): 0.3165 | KL(Sâ†’T): 0.3208
Batch 600/1327 | T_Loss: 5.1338 | S_Loss: 5.2516 | KL(Tâ†’S): 0.2855 | KL(Sâ†’T): 0.2874
Batch 800/1327 | T_Loss: 4.8890 | S_Loss: 5.0155 | KL(Tâ†’S): 0.3033 | KL(Sâ†’T): 0.3034
Batch 1000/1327 | T_Loss: 4.8584 | S_Loss: 5.0588 | KL(Tâ†’S): 0.3073 | KL(Sâ†’T): 0.3121
Batch 1200/1327 | T_Loss: 4.4462 | S_Loss: 4.5618 | KL(Tâ†’S): 0.3248 | KL(Sâ†’T): 0.3259
================================================================================
Epoch 6/40 | Time: 161.25s
Valid - Teacher PPL: 147.66 | Student PPL: 160.15
KL(Tâ†’S): 0.3089 | KL(Sâ†’T): 0.3129
Imitability Ratio: 0.9875
================================================================================
âś“ Saved best model (Student PPL: 160.15)
Batch 200/1327 | T_Loss: 5.0848 | S_Loss: 5.2689 | KL(Tâ†’S): 0.2717 | KL(Sâ†’T): 0.2755
Batch 400/1327 | T_Loss: 4.7824 | S_Loss: 4.9722 | KL(Tâ†’S): 0.3312 | KL(Sâ†’T): 0.3346
Batch 600/1327 | T_Loss: 5.1222 | S_Loss: 5.2984 | KL(Tâ†’S): 0.2757 | KL(Sâ†’T): 0.2780
Batch 800/1327 | T_Loss: 4.8945 | S_Loss: 5.0389 | KL(Tâ†’S): 0.3009 | KL(Sâ†’T): 0.3043
Batch 1000/1327 | T_Loss: 4.8817 | S_Loss: 5.0513 | KL(Tâ†’S): 0.3043 | KL(Sâ†’T): 0.3084
Batch 1200/1327 | T_Loss: 4.4439 | S_Loss: 4.5678 | KL(Tâ†’S): 0.3256 | KL(Sâ†’T): 0.3323
================================================================================
Epoch 7/40 | Time: 83.81s
Valid - Teacher PPL: 147.62 | Student PPL: 160.12
KL(Tâ†’S): 0.3092 | KL(Sâ†’T): 0.3131
Imitability Ratio: 0.9874
================================================================================
âś“ Saved best model (Student PPL: 160.12)
Batch 200/1327 | T_Loss: 5.1264 | S_Loss: 5.2320 | KL(Tâ†’S): 0.2725 | KL(Sâ†’T): 0.2765
Batch 400/1327 | T_Loss: 4.7763 | S_Loss: 4.9620 | KL(Tâ†’S): 0.3211 | KL(Sâ†’T): 0.3298
Batch 600/1327 | T_Loss: 5.1120 | S_Loss: 5.2489 | KL(Tâ†’S): 0.2771 | KL(Sâ†’T): 0.2808
Batch 800/1327 | T_Loss: 4.9085 | S_Loss: 5.0154 | KL(Tâ†’S): 0.3023 | KL(Sâ†’T): 0.3071
Batch 1000/1327 | T_Loss: 4.8991 | S_Loss: 5.0565 | KL(Tâ†’S): 0.3055 | KL(Sâ†’T): 0.3100
Batch 1200/1327 | T_Loss: 4.4597 | S_Loss: 4.5487 | KL(Tâ†’S): 0.3207 | KL(Sâ†’T): 0.3263
================================================================================
Epoch 8/40 | Time: 74.85s
Valid - Teacher PPL: 147.61 | Student PPL: 160.12
KL(Tâ†’S): 0.3095 | KL(Sâ†’T): 0.3133
Imitability Ratio: 0.9878
================================================================================
âś“ Saved best model (Student PPL: 160.12)
Batch 200/1327 | T_Loss: 5.0991 | S_Loss: 5.2524 | KL(Tâ†’S): 0.2727 | KL(Sâ†’T): 0.2712
Batch 400/1327 | T_Loss: 4.7838 | S_Loss: 4.9376 | KL(Tâ†’S): 0.3264 | KL(Sâ†’T): 0.3314
Batch 600/1327 | T_Loss: 5.1422 | S_Loss: 5.2687 | KL(Tâ†’S): 0.2844 | KL(Sâ†’T): 0.2880
Batch 800/1327 | T_Loss: 4.8697 | S_Loss: 5.0484 | KL(Tâ†’S): 0.3031 | KL(Sâ†’T): 0.3069
Batch 1000/1327 | T_Loss: 4.8893 | S_Loss: 5.0389 | KL(Tâ†’S): 0.3236 | KL(Sâ†’T): 0.3271
Batch 1200/1327 | T_Loss: 4.4637 | S_Loss: 4.5755 | KL(Tâ†’S): 0.3356 | KL(Sâ†’T): 0.3385
================================================================================
Epoch 9/40 | Time: 74.85s
Valid - Teacher PPL: 147.61 | Student PPL: 160.11
KL(Tâ†’S): 0.3094 | KL(Sâ†’T): 0.3133
Imitability Ratio: 0.9874
================================================================================
âś“ Saved best model (Student PPL: 160.11)
Batch 200/1327 | T_Loss: 5.1100 | S_Loss: 5.2410 | KL(Tâ†’S): 0.2671 | KL(Sâ†’T): 0.2727
Batch 400/1327 | T_Loss: 4.7645 | S_Loss: 4.9155 | KL(Tâ†’S): 0.3361 | KL(Sâ†’T): 0.3396
Batch 600/1327 | T_Loss: 5.1205 | S_Loss: 5.2601 | KL(Tâ†’S): 0.2858 | KL(Sâ†’T): 0.2866
Batch 800/1327 | T_Loss: 4.8828 | S_Loss: 5.0053 | KL(Tâ†’S): 0.2974 | KL(Sâ†’T): 0.3007
Batch 1000/1327 | T_Loss: 4.8656 | S_Loss: 5.0464 | KL(Tâ†’S): 0.3146 | KL(Sâ†’T): 0.3181
Batch 1200/1327 | T_Loss: 4.4391 | S_Loss: 4.5544 | KL(Tâ†’S): 0.3304 | KL(Sâ†’T): 0.3388
================================================================================
Epoch 10/40 | Time: 74.85s
Valid - Teacher PPL: 147.60 | Student PPL: 160.11
KL(Tâ†’S): 0.3096 | KL(Sâ†’T): 0.3135
Imitability Ratio: 0.9875
================================================================================
âś“ Saved best model (Student PPL: 160.11)
Batch 200/1327 | T_Loss: 5.1047 | S_Loss: 5.2323 | KL(Tâ†’S): 0.2651 | KL(Sâ†’T): 0.2668
Batch 400/1327 | T_Loss: 4.7811 | S_Loss: 4.9731 | KL(Tâ†’S): 0.3336 | KL(Sâ†’T): 0.3382
Batch 600/1327 | T_Loss: 5.1300 | S_Loss: 5.3042 | KL(Tâ†’S): 0.2838 | KL(Sâ†’T): 0.2887
Batch 800/1327 | T_Loss: 4.8964 | S_Loss: 4.9806 | KL(Tâ†’S): 0.2965 | KL(Sâ†’T): 0.3024
Batch 1000/1327 | T_Loss: 4.8774 | S_Loss: 5.0428 | KL(Tâ†’S): 0.3130 | KL(Sâ†’T): 0.3173
Batch 1200/1327 | T_Loss: 4.4386 | S_Loss: 4.5621 | KL(Tâ†’S): 0.3164 | KL(Sâ†’T): 0.3246
================================================================================
Epoch 11/40 | Time: 74.85s
Valid - Teacher PPL: 147.60 | Student PPL: 160.11
KL(Tâ†’S): 0.3089 | KL(Sâ†’T): 0.3128
Imitability Ratio: 0.9876
================================================================================
âś“ Saved best model (Student PPL: 160.11)
Batch 200/1327 | T_Loss: 5.1317 | S_Loss: 5.2559 | KL(Tâ†’S): 0.2620 | KL(Sâ†’T): 0.2644
Batch 400/1327 | T_Loss: 4.7835 | S_Loss: 4.9669 | KL(Tâ†’S): 0.3290 | KL(Sâ†’T): 0.3326
Batch 600/1327 | T_Loss: 5.1442 | S_Loss: 5.2398 | KL(Tâ†’S): 0.2758 | KL(Sâ†’T): 0.2795
Batch 800/1327 | T_Loss: 4.8801 | S_Loss: 5.0373 | KL(Tâ†’S): 0.3045 | KL(Sâ†’T): 0.3063
Batch 1000/1327 | T_Loss: 4.8853 | S_Loss: 5.0578 | KL(Tâ†’S): 0.3144 | KL(Sâ†’T): 0.3217
Batch 1200/1327 | T_Loss: 4.4377 | S_Loss: 4.5461 | KL(Tâ†’S): 0.3167 | KL(Sâ†’T): 0.3292
================================================================================
Epoch 12/40 | Time: 74.85s
Valid - Teacher PPL: 147.60 | Student PPL: 160.11
KL(Tâ†’S): 0.3092 | KL(Sâ†’T): 0.3131
Imitability Ratio: 0.9875
================================================================================
Batch 200/1327 | T_Loss: 5.1199 | S_Loss: 5.2413 | KL(Tâ†’S): 0.2753 | KL(Sâ†’T): 0.2795
Batch 400/1327 | T_Loss: 4.7738 | S_Loss: 4.9509 | KL(Tâ†’S): 0.3245 | KL(Sâ†’T): 0.3326
Batch 600/1327 | T_Loss: 5.1543 | S_Loss: 5.2429 | KL(Tâ†’S): 0.2782 | KL(Sâ†’T): 0.2812
Batch 800/1327 | T_Loss: 4.8921 | S_Loss: 5.0298 | KL(Tâ†’S): 0.2919 | KL(Sâ†’T): 0.2947
Batch 1000/1327 | T_Loss: 4.8761 | S_Loss: 5.0603 | KL(Tâ†’S): 0.3161 | KL(Sâ†’T): 0.3208
Batch 1200/1327 | T_Loss: 4.4512 | S_Loss: 4.5575 | KL(Tâ†’S): 0.3220 | KL(Sâ†’T): 0.3291
================================================================================
Epoch 13/40 | Time: 74.85s
Valid - Teacher PPL: 147.60 | Student PPL: 160.11
KL(Tâ†’S): 0.3090 | KL(Sâ†’T): 0.3129
Imitability Ratio: 0.9875
================================================================================
âś“ Saved best model (Student PPL: 160.11)
Batch 200/1327 | T_Loss: 5.1274 | S_Loss: 5.2086 | KL(Tâ†’S): 0.2617 | KL(Sâ†’T): 0.2675
Batch 400/1327 | T_Loss: 4.7573 | S_Loss: 4.9577 | KL(Tâ†’S): 0.3407 | KL(Sâ†’T): 0.3441
Batch 600/1327 | T_Loss: 5.1260 | S_Loss: 5.2647 | KL(Tâ†’S): 0.2738 | KL(Sâ†’T): 0.2776
Batch 800/1327 | T_Loss: 4.8676 | S_Loss: 5.0326 | KL(Tâ†’S): 0.3034 | KL(Sâ†’T): 0.3076
Batch 1000/1327 | T_Loss: 4.8776 | S_Loss: 5.0865 | KL(Tâ†’S): 0.3133 | KL(Sâ†’T): 0.3181
Batch 1200/1327 | T_Loss: 4.4147 | S_Loss: 4.5632 | KL(Tâ†’S): 0.3184 | KL(Sâ†’T): 0.3223
================================================================================
Epoch 14/40 | Time: 74.84s
Valid - Teacher PPL: 147.60 | Student PPL: 160.11
KL(Tâ†’S): 0.3094 | KL(Sâ†’T): 0.3132
Imitability Ratio: 0.9879
================================================================================
Batch 200/1327 | T_Loss: 5.1210 | S_Loss: 5.2673 | KL(Tâ†’S): 0.2725 | KL(Sâ†’T): 0.2746
Batch 400/1327 | T_Loss: 4.7601 | S_Loss: 4.9720 | KL(Tâ†’S): 0.3286 | KL(Sâ†’T): 0.3287
Batch 600/1327 | T_Loss: 5.1322 | S_Loss: 5.2758 | KL(Tâ†’S): 0.2877 | KL(Sâ†’T): 0.2913
Batch 800/1327 | T_Loss: 4.8781 | S_Loss: 4.9845 | KL(Tâ†’S): 0.2897 | KL(Sâ†’T): 0.2941
Batch 1000/1327 | T_Loss: 4.9320 | S_Loss: 5.0872 | KL(Tâ†’S): 0.3304 | KL(Sâ†’T): 0.3372
Batch 1200/1327 | T_Loss: 4.4337 | S_Loss: 4.5489 | KL(Tâ†’S): 0.3167 | KL(Sâ†’T): 0.3244
================================================================================
Epoch 15/40 | Time: 74.84s
Valid - Teacher PPL: 147.60 | Student PPL: 160.11
KL(Tâ†’S): 0.3093 | KL(Sâ†’T): 0.3130
Imitability Ratio: 0.9881
================================================================================
Batch 200/1327 | T_Loss: 5.1153 | S_Loss: 5.2167 | KL(Tâ†’S): 0.2682 | KL(Sâ†’T): 0.2713
Batch 400/1327 | T_Loss: 4.7867 | S_Loss: 4.9408 | KL(Tâ†’S): 0.3260 | KL(Sâ†’T): 0.3341
Batch 600/1327 | T_Loss: 5.1270 | S_Loss: 5.2774 | KL(Tâ†’S): 0.2863 | KL(Sâ†’T): 0.2918
Batch 800/1327 | T_Loss: 4.8980 | S_Loss: 4.9960 | KL(Tâ†’S): 0.3022 | KL(Sâ†’T): 0.3003
Batch 1000/1327 | T_Loss: 4.8705 | S_Loss: 5.0649 | KL(Tâ†’S): 0.3106 | KL(Sâ†’T): 0.3175
Batch 1200/1327 | T_Loss: 4.4346 | S_Loss: 4.5585 | KL(Tâ†’S): 0.3290 | KL(Sâ†’T): 0.3402
================================================================================
Epoch 16/40 | Time: 74.84s
Valid - Teacher PPL: 147.60 | Student PPL: 160.11
KL(Tâ†’S): 0.3093 | KL(Sâ†’T): 0.3131
Imitability Ratio: 0.9878
================================================================================
âś“ Saved best model (Student PPL: 160.11)
Batch 200/1327 | T_Loss: 5.1448 | S_Loss: 5.2599 | KL(Tâ†’S): 0.2655 | KL(Sâ†’T): 0.2679
Batch 400/1327 | T_Loss: 4.7797 | S_Loss: 4.9380 | KL(Tâ†’S): 0.3313 | KL(Sâ†’T): 0.3343
Batch 600/1327 | T_Loss: 5.1622 | S_Loss: 5.2655 | KL(Tâ†’S): 0.2776 | KL(Sâ†’T): 0.2827
Batch 800/1327 | T_Loss: 4.8473 | S_Loss: 5.0379 | KL(Tâ†’S): 0.2939 | KL(Sâ†’T): 0.2994
Batch 1000/1327 | T_Loss: 4.8891 | S_Loss: 5.0448 | KL(Tâ†’S): 0.3137 | KL(Sâ†’T): 0.3198
Batch 1200/1327 | T_Loss: 4.4321 | S_Loss: 4.5510 | KL(Tâ†’S): 0.3135 | KL(Sâ†’T): 0.3242
================================================================================
Epoch 17/40 | Time: 74.84s
Valid - Teacher PPL: 147.60 | Student PPL: 160.11
KL(Tâ†’S): 0.3092 | KL(Sâ†’T): 0.3132
Imitability Ratio: 0.9873
================================================================================
Batch 200/1327 | T_Loss: 5.1201 | S_Loss: 5.2270 | KL(Tâ†’S): 0.2706 | KL(Sâ†’T): 0.2729
Batch 400/1327 | T_Loss: 4.7543 | S_Loss: 4.9452 | KL(Tâ†’S): 0.3267 | KL(Sâ†’T): 0.3349
Batch 600/1327 | T_Loss: 5.1342 | S_Loss: 5.2611 | KL(Tâ†’S): 0.2932 | KL(Sâ†’T): 0.2962
Batch 800/1327 | T_Loss: 4.8892 | S_Loss: 5.0449 | KL(Tâ†’S): 0.2918 | KL(Sâ†’T): 0.2955
Batch 1000/1327 | T_Loss: 4.8682 | S_Loss: 5.0430 | KL(Tâ†’S): 0.3037 | KL(Sâ†’T): 0.3048
Batch 1200/1327 | T_Loss: 4.4600 | S_Loss: 4.5298 | KL(Tâ†’S): 0.3165 | KL(Sâ†’T): 0.3241
================================================================================
Epoch 18/40 | Time: 74.85s
Valid - Teacher PPL: 147.60 | Student PPL: 160.11
KL(Tâ†’S): 0.3092 | KL(Sâ†’T): 0.3132
Imitability Ratio: 0.9875
================================================================================
Batch 200/1327 | T_Loss: 5.1071 | S_Loss: 5.2281 | KL(Tâ†’S): 0.2708 | KL(Sâ†’T): 0.2770
Batch 400/1327 | T_Loss: 4.7377 | S_Loss: 4.9352 | KL(Tâ†’S): 0.3122 | KL(Sâ†’T): 0.3174
Batch 600/1327 | T_Loss: 5.1549 | S_Loss: 5.2457 | KL(Tâ†’S): 0.2777 | KL(Sâ†’T): 0.2826
Batch 800/1327 | T_Loss: 4.8389 | S_Loss: 5.0166 | KL(Tâ†’S): 0.2953 | KL(Sâ†’T): 0.2994
Batch 1000/1327 | T_Loss: 4.8935 | S_Loss: 5.0249 | KL(Tâ†’S): 0.3153 | KL(Sâ†’T): 0.3136
Batch 1200/1327 | T_Loss: 4.4452 | S_Loss: 4.5861 | KL(Tâ†’S): 0.3191 | KL(Sâ†’T): 0.3316
================================================================================
Epoch 19/40 | Time: 74.85s
Valid - Teacher PPL: 147.60 | Student PPL: 160.11
KL(Tâ†’S): 0.3093 | KL(Sâ†’T): 0.3131
Imitability Ratio: 0.9879
================================================================================
Batch 200/1327 | T_Loss: 5.0990 | S_Loss: 5.2291 | KL(Tâ†’S): 0.2644 | KL(Sâ†’T): 0.2688
Batch 400/1327 | T_Loss: 4.7367 | S_Loss: 4.9530 | KL(Tâ†’S): 0.3301 | KL(Sâ†’T): 0.3276
Batch 600/1327 | T_Loss: 5.1164 | S_Loss: 5.2616 | KL(Tâ†’S): 0.2933 | KL(Sâ†’T): 0.2952
Batch 800/1327 | T_Loss: 4.8791 | S_Loss: 4.9930 | KL(Tâ†’S): 0.2933 | KL(Sâ†’T): 0.2917
Batch 1000/1327 | T_Loss: 4.8997 | S_Loss: 5.0343 | KL(Tâ†’S): 0.3082 | KL(Sâ†’T): 0.3080
Batch 1200/1327 | T_Loss: 4.4469 | S_Loss: 4.5518 | KL(Tâ†’S): 0.3316 | KL(Sâ†’T): 0.3398
================================================================================
Epoch 20/40 | Time: 74.85s
Valid - Teacher PPL: 147.60 | Student PPL: 160.11
KL(Tâ†’S): 0.3094 | KL(Sâ†’T): 0.3133
Imitability Ratio: 0.9874
================================================================================
Batch 200/1327 | T_Loss: 5.1279 | S_Loss: 5.2455 | KL(Tâ†’S): 0.2647 | KL(Sâ†’T): 0.2683
Batch 400/1327 | T_Loss: 4.7535 | S_Loss: 4.9909 | KL(Tâ†’S): 0.3363 | KL(Sâ†’T): 0.3406
Batch 600/1327 | T_Loss: 5.1400 | S_Loss: 5.2482 | KL(Tâ†’S): 0.2876 | KL(Sâ†’T): 0.2901
Batch 800/1327 | T_Loss: 4.9019 | S_Loss: 5.0253 | KL(Tâ†’S): 0.2922 | KL(Sâ†’T): 0.3001
Batch 1000/1327 | T_Loss: 4.8568 | S_Loss: 5.0866 | KL(Tâ†’S): 0.3155 | KL(Sâ†’T): 0.3179
Batch 1200/1327 | T_Loss: 4.4452 | S_Loss: 4.5502 | KL(Tâ†’S): 0.3235 | KL(Sâ†’T): 0.3289
================================================================================
Epoch 21/40 | Time: 74.84s
Valid - Teacher PPL: 147.60 | Student PPL: 160.11
KL(Tâ†’S): 0.3092 | KL(Sâ†’T): 0.3130
Imitability Ratio: 0.9878
================================================================================
Batch 200/1327 | T_Loss: 5.1471 | S_Loss: 5.2652 | KL(Tâ†’S): 0.2644 | KL(Sâ†’T): 0.2681
Batch 400/1327 | T_Loss: 4.7779 | S_Loss: 4.9611 | KL(Tâ†’S): 0.3297 | KL(Sâ†’T): 0.3313
Batch 600/1327 | T_Loss: 5.1176 | S_Loss: 5.2398 | KL(Tâ†’S): 0.2729 | KL(Sâ†’T): 0.2798
Batch 800/1327 | T_Loss: 4.8822 | S_Loss: 5.0167 | KL(Tâ†’S): 0.3022 | KL(Sâ†’T): 0.3077
Batch 1000/1327 | T_Loss: 4.9283 | S_Loss: 5.0633 | KL(Tâ†’S): 0.3132 | KL(Sâ†’T): 0.3111
Batch 1200/1327 | T_Loss: 4.4582 | S_Loss: 4.5358 | KL(Tâ†’S): 0.3259 | KL(Sâ†’T): 0.3309
================================================================================
Epoch 22/40 | Time: 74.85s
Valid - Teacher PPL: 147.60 | Student PPL: 160.11
KL(Tâ†’S): 0.3096 | KL(Sâ†’T): 0.3136
Imitability Ratio: 0.9873
================================================================================
Batch 200/1327 | T_Loss: 5.0941 | S_Loss: 5.2383 | KL(Tâ†’S): 0.2687 | KL(Sâ†’T): 0.2705
Batch 400/1327 | T_Loss: 4.7685 | S_Loss: 4.9451 | KL(Tâ†’S): 0.3204 | KL(Sâ†’T): 0.3219
Batch 600/1327 | T_Loss: 5.1402 | S_Loss: 5.2608 | KL(Tâ†’S): 0.2816 | KL(Sâ†’T): 0.2852
Batch 800/1327 | T_Loss: 4.8708 | S_Loss: 4.9706 | KL(Tâ†’S): 0.2958 | KL(Sâ†’T): 0.3005
Batch 1000/1327 | T_Loss: 4.9056 | S_Loss: 5.0869 | KL(Tâ†’S): 0.3181 | KL(Sâ†’T): 0.3216
Batch 1200/1327 | T_Loss: 4.4249 | S_Loss: 4.5810 | KL(Tâ†’S): 0.3243 | KL(Sâ†’T): 0.3373
================================================================================
Epoch 23/40 | Time: 74.85s
Valid - Teacher PPL: 147.60 | Student PPL: 160.11
KL(Tâ†’S): 0.3094 | KL(Sâ†’T): 0.3134
Imitability Ratio: 0.9873
================================================================================
Batch 200/1327 | T_Loss: 5.1033 | S_Loss: 5.2377 | KL(Tâ†’S): 0.2775 | KL(Sâ†’T): 0.2819
Batch 400/1327 | T_Loss: 4.7554 | S_Loss: 4.9708 | KL(Tâ†’S): 0.3254 | KL(Sâ†’T): 0.3269
Batch 600/1327 | T_Loss: 5.1090 | S_Loss: 5.2640 | KL(Tâ†’S): 0.2811 | KL(Sâ†’T): 0.2859
Batch 800/1327 | T_Loss: 4.8745 | S_Loss: 5.0656 | KL(Tâ†’S): 0.3005 | KL(Sâ†’T): 0.3042
Batch 1000/1327 | T_Loss: 4.8821 | S_Loss: 5.0616 | KL(Tâ†’S): 0.3143 | KL(Sâ†’T): 0.3145
Batch 1200/1327 | T_Loss: 4.4221 | S_Loss: 4.5558 | KL(Tâ†’S): 0.3241 | KL(Sâ†’T): 0.3281
================================================================================
Epoch 24/40 | Time: 74.84s
Valid - Teacher PPL: 147.60 | Student PPL: 160.11
KL(Tâ†’S): 0.3096 | KL(Sâ†’T): 0.3135
Imitability Ratio: 0.9874
================================================================================
Batch 200/1327 | T_Loss: 5.1210 | S_Loss: 5.2527 | KL(Tâ†’S): 0.2749 | KL(Sâ†’T): 0.2745
Batch 400/1327 | T_Loss: 4.7697 | S_Loss: 4.9462 | KL(Tâ†’S): 0.3298 | KL(Sâ†’T): 0.3309
Batch 600/1327 | T_Loss: 5.1393 | S_Loss: 5.2374 | KL(Tâ†’S): 0.2796 | KL(Sâ†’T): 0.2858
Batch 800/1327 | T_Loss: 4.9070 | S_Loss: 4.9997 | KL(Tâ†’S): 0.3031 | KL(Sâ†’T): 0.3095
Batch 1000/1327 | T_Loss: 4.8766 | S_Loss: 5.0559 | KL(Tâ†’S): 0.3208 | KL(Sâ†’T): 0.3248
Batch 1200/1327 | T_Loss: 4.4254 | S_Loss: 4.5830 | KL(Tâ†’S): 0.3175 | KL(Sâ†’T): 0.3255
================================================================================
Epoch 25/40 | Time: 74.84s
Valid - Teacher PPL: 147.60 | Student PPL: 160.11
KL(Tâ†’S): 0.3096 | KL(Sâ†’T): 0.3134
Imitability Ratio: 0.9877
================================================================================
Batch 200/1327 | T_Loss: 5.1069 | S_Loss: 5.2199 | KL(Tâ†’S): 0.2614 | KL(Sâ†’T): 0.2651
Batch 400/1327 | T_Loss: 4.7838 | S_Loss: 4.9556 | KL(Tâ†’S): 0.3368 | KL(Sâ†’T): 0.3404
Batch 600/1327 | T_Loss: 5.1301 | S_Loss: 5.2716 | KL(Tâ†’S): 0.2855 | KL(Sâ†’T): 0.2855
Batch 800/1327 | T_Loss: 4.8721 | S_Loss: 5.0207 | KL(Tâ†’S): 0.3095 | KL(Sâ†’T): 0.3086
Batch 1000/1327 | T_Loss: 4.8719 | S_Loss: 5.0632 | KL(Tâ†’S): 0.3118 | KL(Sâ†’T): 0.3127
Batch 1200/1327 | T_Loss: 4.4222 | S_Loss: 4.5902 | KL(Tâ†’S): 0.3175 | KL(Sâ†’T): 0.3245
================================================================================
Epoch 26/40 | Time: 74.85s
Valid - Teacher PPL: 147.60 | Student PPL: 160.11
KL(Tâ†’S): 0.3092 | KL(Sâ†’T): 0.3131
Imitability Ratio: 0.9874
================================================================================
Batch 200/1327 | T_Loss: 5.0962 | S_Loss: 5.2435 | KL(Tâ†’S): 0.2718 | KL(Sâ†’T): 0.2745
Batch 400/1327 | T_Loss: 4.7685 | S_Loss: 4.9668 | KL(Tâ†’S): 0.3256 | KL(Sâ†’T): 0.3338
Batch 600/1327 | T_Loss: 5.1468 | S_Loss: 5.2258 | KL(Tâ†’S): 0.2868 | KL(Sâ†’T): 0.2887
Batch 800/1327 | T_Loss: 4.8900 | S_Loss: 5.0172 | KL(Tâ†’S): 0.3028 | KL(Sâ†’T): 0.3057
Batch 1000/1327 | T_Loss: 4.8840 | S_Loss: 5.0742 | KL(Tâ†’S): 0.3251 | KL(Sâ†’T): 0.3345
Batch 1200/1327 | T_Loss: 4.4307 | S_Loss: 4.5582 | KL(Tâ†’S): 0.3267 | KL(Sâ†’T): 0.3312
================================================================================
Epoch 27/40 | Time: 74.84s
Valid - Teacher PPL: 147.60 | Student PPL: 160.11
KL(Tâ†’S): 0.3093 | KL(Sâ†’T): 0.3133
Imitability Ratio: 0.9875
================================================================================
Batch 200/1327 | T_Loss: 5.1366 | S_Loss: 5.2400 | KL(Tâ†’S): 0.2701 | KL(Sâ†’T): 0.2735
Batch 400/1327 | T_Loss: 4.7639 | S_Loss: 4.9671 | KL(Tâ†’S): 0.3401 | KL(Sâ†’T): 0.3406
Batch 600/1327 | T_Loss: 5.1185 | S_Loss: 5.2219 | KL(Tâ†’S): 0.2903 | KL(Sâ†’T): 0.2895
Batch 800/1327 | T_Loss: 4.8626 | S_Loss: 5.0107 | KL(Tâ†’S): 0.3000 | KL(Sâ†’T): 0.3010
Batch 1000/1327 | T_Loss: 4.9003 | S_Loss: 5.0894 | KL(Tâ†’S): 0.3082 | KL(Sâ†’T): 0.3116
Batch 1200/1327 | T_Loss: 4.4411 | S_Loss: 4.5778 | KL(Tâ†’S): 0.3256 | KL(Sâ†’T): 0.3384
================================================================================
Epoch 28/40 | Time: 74.86s
Valid - Teacher PPL: 147.60 | Student PPL: 160.11
KL(Tâ†’S): 0.3094 | KL(Sâ†’T): 0.3133
Imitability Ratio: 0.9875
================================================================================
Batch 200/1327 | T_Loss: 5.0841 | S_Loss: 5.2514 | KL(Tâ†’S): 0.2719 | KL(Sâ†’T): 0.2739
Batch 400/1327 | T_Loss: 4.7480 | S_Loss: 4.9693 | KL(Tâ†’S): 0.3182 | KL(Sâ†’T): 0.3216
Batch 600/1327 | T_Loss: 5.1602 | S_Loss: 5.2699 | KL(Tâ†’S): 0.2824 | KL(Sâ†’T): 0.2863
Batch 800/1327 | T_Loss: 4.8907 | S_Loss: 5.0159 | KL(Tâ†’S): 0.2946 | KL(Sâ†’T): 0.2990
Batch 1000/1327 | T_Loss: 4.8742 | S_Loss: 5.0490 | KL(Tâ†’S): 0.3095 | KL(Sâ†’T): 0.3116
Batch 1200/1327 | T_Loss: 4.4136 | S_Loss: 4.5430 | KL(Tâ†’S): 0.3332 | KL(Sâ†’T): 0.3418
================================================================================
Epoch 29/40 | Time: 74.84s
Valid - Teacher PPL: 147.60 | Student PPL: 160.11
KL(Tâ†’S): 0.3095 | KL(Sâ†’T): 0.3134
Imitability Ratio: 0.9875
================================================================================
Batch 200/1327 | T_Loss: 5.1204 | S_Loss: 5.2609 | KL(Tâ†’S): 0.2678 | KL(Sâ†’T): 0.2722
Batch 400/1327 | T_Loss: 4.7360 | S_Loss: 4.9562 | KL(Tâ†’S): 0.3355 | KL(Sâ†’T): 0.3322
Batch 600/1327 | T_Loss: 5.1274 | S_Loss: 5.2591 | KL(Tâ†’S): 0.2800 | KL(Sâ†’T): 0.2840
Batch 800/1327 | T_Loss: 4.8835 | S_Loss: 5.0533 | KL(Tâ†’S): 0.3165 | KL(Sâ†’T): 0.3223
Batch 1000/1327 | T_Loss: 4.8542 | S_Loss: 5.1011 | KL(Tâ†’S): 0.3112 | KL(Sâ†’T): 0.3171
Batch 1200/1327 | T_Loss: 4.4472 | S_Loss: 4.5549 | KL(Tâ†’S): 0.3196 | KL(Sâ†’T): 0.3210
================================================================================
Epoch 30/40 | Time: 74.84s
Valid - Teacher PPL: 147.60 | Student PPL: 160.11
KL(Tâ†’S): 0.3092 | KL(Sâ†’T): 0.3132
Imitability Ratio: 0.9873
================================================================================
Batch 200/1327 | T_Loss: 5.1071 | S_Loss: 5.2693 | KL(Tâ†’S): 0.2750 | KL(Sâ†’T): 0.2771
Batch 400/1327 | T_Loss: 4.7179 | S_Loss: 4.9356 | KL(Tâ†’S): 0.3241 | KL(Sâ†’T): 0.3273
Batch 600/1327 | T_Loss: 5.1520 | S_Loss: 5.2556 | KL(Tâ†’S): 0.2868 | KL(Sâ†’T): 0.2912
Batch 800/1327 | T_Loss: 4.8763 | S_Loss: 5.0606 | KL(Tâ†’S): 0.3014 | KL(Sâ†’T): 0.3036
Batch 1000/1327 | T_Loss: 4.8699 | S_Loss: 5.0240 | KL(Tâ†’S): 0.3109 | KL(Sâ†’T): 0.3175
Batch 1200/1327 | T_Loss: 4.4334 | S_Loss: 4.5604 | KL(Tâ†’S): 0.3135 | KL(Sâ†’T): 0.3205
================================================================================
Epoch 31/40 | Time: 74.84s
Valid - Teacher PPL: 147.60 | Student PPL: 160.11
KL(Tâ†’S): 0.3094 | KL(Sâ†’T): 0.3133
Imitability Ratio: 0.9875
================================================================================
Batch 200/1327 | T_Loss: 5.1003 | S_Loss: 5.2334 | KL(Tâ†’S): 0.2714 | KL(Sâ†’T): 0.2746
Batch 400/1327 | T_Loss: 4.7856 | S_Loss: 4.9612 | KL(Tâ†’S): 0.3243 | KL(Sâ†’T): 0.3264
Batch 600/1327 | T_Loss: 5.1194 | S_Loss: 5.2599 | KL(Tâ†’S): 0.2798 | KL(Sâ†’T): 0.2821
Batch 800/1327 | T_Loss: 4.8621 | S_Loss: 5.0146 | KL(Tâ†’S): 0.3023 | KL(Sâ†’T): 0.3032
Batch 1000/1327 | T_Loss: 4.8542 | S_Loss: 5.0642 | KL(Tâ†’S): 0.3228 | KL(Sâ†’T): 0.3223
Batch 1200/1327 | T_Loss: 4.4457 | S_Loss: 4.5646 | KL(Tâ†’S): 0.3308 | KL(Sâ†’T): 0.3332
================================================================================
Epoch 32/40 | Time: 74.85s
Valid - Teacher PPL: 147.60 | Student PPL: 160.11
KL(Tâ†’S): 0.3093 | KL(Sâ†’T): 0.3133
Imitability Ratio: 0.9872
================================================================================
Batch 200/1327 | T_Loss: 5.1119 | S_Loss: 5.2540 | KL(Tâ†’S): 0.2728 | KL(Sâ†’T): 0.2745
Batch 400/1327 | T_Loss: 4.7799 | S_Loss: 4.9554 | KL(Tâ†’S): 0.3253 | KL(Sâ†’T): 0.3289
Batch 600/1327 | T_Loss: 5.1636 | S_Loss: 5.2517 | KL(Tâ†’S): 0.2785 | KL(Sâ†’T): 0.2788
Batch 800/1327 | T_Loss: 4.8806 | S_Loss: 5.0089 | KL(Tâ†’S): 0.3024 | KL(Sâ†’T): 0.3049
Batch 1000/1327 | T_Loss: 4.8737 | S_Loss: 5.0865 | KL(Tâ†’S): 0.3128 | KL(Sâ†’T): 0.3181
Batch 1200/1327 | T_Loss: 4.4562 | S_Loss: 4.5540 | KL(Tâ†’S): 0.3281 | KL(Sâ†’T): 0.3319
================================================================================
Epoch 33/40 | Time: 74.84s
Valid - Teacher PPL: 147.60 | Student PPL: 160.11
KL(Tâ†’S): 0.3092 | KL(Sâ†’T): 0.3130
Imitability Ratio: 0.9878
================================================================================
Batch 200/1327 | T_Loss: 5.1031 | S_Loss: 5.2762 | KL(Tâ†’S): 0.2758 | KL(Sâ†’T): 0.2801
Batch 400/1327 | T_Loss: 4.7778 | S_Loss: 4.9720 | KL(Tâ†’S): 0.3393 | KL(Sâ†’T): 0.3444
Batch 600/1327 | T_Loss: 5.1200 | S_Loss: 5.2565 | KL(Tâ†’S): 0.2751 | KL(Sâ†’T): 0.2792
Batch 800/1327 | T_Loss: 4.8797 | S_Loss: 4.9697 | KL(Tâ†’S): 0.3044 | KL(Sâ†’T): 0.3061
Batch 1000/1327 | T_Loss: 4.8842 | S_Loss: 5.0302 | KL(Tâ†’S): 0.3225 | KL(Sâ†’T): 0.3250
Batch 1200/1327 | T_Loss: 4.4273 | S_Loss: 4.5483 | KL(Tâ†’S): 0.3281 | KL(Sâ†’T): 0.3348
================================================================================
Epoch 34/40 | Time: 74.84s
Valid - Teacher PPL: 147.60 | Student PPL: 160.11
KL(Tâ†’S): 0.3095 | KL(Sâ†’T): 0.3135
Imitability Ratio: 0.9874
================================================================================
Batch 200/1327 | T_Loss: 5.1357 | S_Loss: 5.2456 | KL(Tâ†’S): 0.2674 | KL(Sâ†’T): 0.2710
Batch 400/1327 | T_Loss: 4.7711 | S_Loss: 4.9154 | KL(Tâ†’S): 0.3242 | KL(Sâ†’T): 0.3272
Batch 600/1327 | T_Loss: 5.1426 | S_Loss: 5.2679 | KL(Tâ†’S): 0.2919 | KL(Sâ†’T): 0.2927
Batch 800/1327 | T_Loss: 4.8627 | S_Loss: 5.0236 | KL(Tâ†’S): 0.2988 | KL(Sâ†’T): 0.3019
Batch 1000/1327 | T_Loss: 4.8821 | S_Loss: 5.0820 | KL(Tâ†’S): 0.3234 | KL(Sâ†’T): 0.3237
Batch 1200/1327 | T_Loss: 4.4241 | S_Loss: 4.5494 | KL(Tâ†’S): 0.3192 | KL(Sâ†’T): 0.3223
================================================================================
Epoch 35/40 | Time: 74.84s
Valid - Teacher PPL: 147.60 | Student PPL: 160.11
KL(Tâ†’S): 0.3093 | KL(Sâ†’T): 0.3132
Imitability Ratio: 0.9874
================================================================================
Batch 200/1327 | T_Loss: 5.1004 | S_Loss: 5.2221 | KL(Tâ†’S): 0.2726 | KL(Sâ†’T): 0.2729
Batch 400/1327 | T_Loss: 4.7519 | S_Loss: 4.9639 | KL(Tâ†’S): 0.3483 | KL(Sâ†’T): 0.3454
Batch 600/1327 | T_Loss: 5.1440 | S_Loss: 5.2613 | KL(Tâ†’S): 0.2760 | KL(Sâ†’T): 0.2763
Batch 800/1327 | T_Loss: 4.8669 | S_Loss: 5.0813 | KL(Tâ†’S): 0.3056 | KL(Sâ†’T): 0.3139
Batch 1000/1327 | T_Loss: 4.8880 | S_Loss: 5.0321 | KL(Tâ†’S): 0.3140 | KL(Sâ†’T): 0.3194
Batch 1200/1327 | T_Loss: 4.4517 | S_Loss: 4.5466 | KL(Tâ†’S): 0.3171 | KL(Sâ†’T): 0.3255
================================================================================
Epoch 36/40 | Time: 74.85s
Valid - Teacher PPL: 147.60 | Student PPL: 160.11
KL(Tâ†’S): 0.3095 | KL(Sâ†’T): 0.3133
Imitability Ratio: 0.9880
================================================================================
Batch 200/1327 | T_Loss: 5.1329 | S_Loss: 5.2388 | KL(Tâ†’S): 0.2756 | KL(Sâ†’T): 0.2773
Batch 400/1327 | T_Loss: 4.7666 | S_Loss: 4.9337 | KL(Tâ†’S): 0.3209 | KL(Sâ†’T): 0.3244
Batch 600/1327 | T_Loss: 5.1288 | S_Loss: 5.2793 | KL(Tâ†’S): 0.2886 | KL(Sâ†’T): 0.2918
Batch 800/1327 | T_Loss: 4.8750 | S_Loss: 5.0367 | KL(Tâ†’S): 0.3051 | KL(Sâ†’T): 0.3073
Batch 1000/1327 | T_Loss: 4.9120 | S_Loss: 5.0581 | KL(Tâ†’S): 0.3102 | KL(Sâ†’T): 0.3136
Batch 1200/1327 | T_Loss: 4.4226 | S_Loss: 4.5335 | KL(Tâ†’S): 0.3239 | KL(Sâ†’T): 0.3336
================================================================================
Epoch 37/40 | Time: 74.83s
Valid - Teacher PPL: 147.60 | Student PPL: 160.11
KL(Tâ†’S): 0.3095 | KL(Sâ†’T): 0.3135
Imitability Ratio: 0.9873
================================================================================
Batch 200/1327 | T_Loss: 5.0974 | S_Loss: 5.2381 | KL(Tâ†’S): 0.2605 | KL(Sâ†’T): 0.2638
Batch 400/1327 | T_Loss: 4.7746 | S_Loss: 4.9768 | KL(Tâ†’S): 0.3393 | KL(Sâ†’T): 0.3409
Batch 600/1327 | T_Loss: 5.1633 | S_Loss: 5.2627 | KL(Tâ†’S): 0.2727 | KL(Sâ†’T): 0.2776
Batch 800/1327 | T_Loss: 4.8996 | S_Loss: 5.0358 | KL(Tâ†’S): 0.3019 | KL(Sâ†’T): 0.3045
Batch 1000/1327 | T_Loss: 4.8986 | S_Loss: 5.0541 | KL(Tâ†’S): 0.3161 | KL(Sâ†’T): 0.3222
Batch 1200/1327 | T_Loss: 4.4116 | S_Loss: 4.5687 | KL(Tâ†’S): 0.3166 | KL(Sâ†’T): 0.3258
================================================================================
Epoch 38/40 | Time: 74.84s
Valid - Teacher PPL: 147.60 | Student PPL: 160.11
KL(Tâ†’S): 0.3094 | KL(Sâ†’T): 0.3133
Imitability Ratio: 0.9873
================================================================================
Batch 200/1327 | T_Loss: 5.0912 | S_Loss: 5.2633 | KL(Tâ†’S): 0.2613 | KL(Sâ†’T): 0.2643
Batch 400/1327 | T_Loss: 4.7714 | S_Loss: 4.9185 | KL(Tâ†’S): 0.3275 | KL(Sâ†’T): 0.3320
Batch 600/1327 | T_Loss: 5.1430 | S_Loss: 5.2315 | KL(Tâ†’S): 0.2829 | KL(Sâ†’T): 0.2885
Batch 800/1327 | T_Loss: 4.8867 | S_Loss: 5.0087 | KL(Tâ†’S): 0.2946 | KL(Sâ†’T): 0.2949
Batch 1000/1327 | T_Loss: 4.8752 | S_Loss: 5.0033 | KL(Tâ†’S): 0.3120 | KL(Sâ†’T): 0.3107
Batch 1200/1327 | T_Loss: 4.4563 | S_Loss: 4.5804 | KL(Tâ†’S): 0.3261 | KL(Sâ†’T): 0.3385
================================================================================
Epoch 39/40 | Time: 74.83s
Valid - Teacher PPL: 147.60 | Student PPL: 160.11
KL(Tâ†’S): 0.3093 | KL(Sâ†’T): 0.3133
Imitability Ratio: 0.9874
================================================================================
Batch 200/1327 | T_Loss: 5.1121 | S_Loss: 5.2634 | KL(Tâ†’S): 0.2818 | KL(Sâ†’T): 0.2793
Batch 400/1327 | T_Loss: 4.7426 | S_Loss: 4.9307 | KL(Tâ†’S): 0.3239 | KL(Sâ†’T): 0.3278
Batch 600/1327 | T_Loss: 5.1733 | S_Loss: 5.2826 | KL(Tâ†’S): 0.2825 | KL(Sâ†’T): 0.2845
Batch 800/1327 | T_Loss: 4.8457 | S_Loss: 5.0029 | KL(Tâ†’S): 0.2956 | KL(Sâ†’T): 0.2989
Batch 1000/1327 | T_Loss: 4.8792 | S_Loss: 5.0533 | KL(Tâ†’S): 0.3208 | KL(Sâ†’T): 0.3281
Batch 1200/1327 | T_Loss: 4.4446 | S_Loss: 4.5473 | KL(Tâ†’S): 0.3227 | KL(Sâ†’T): 0.3254
================================================================================
Epoch 40/40 | Time: 74.84s
Valid - Teacher PPL: 147.60 | Student PPL: 160.11
KL(Tâ†’S): 0.3092 | KL(Sâ†’T): 0.3130
Imitability Ratio: 0.9877
================================================================================

================================================================================
FINAL TEST EVALUATION
================================================================================
Test - Teacher PPL: 143.68 | Student PPL: 155.02
Generalization Gap: 11.34

âś“ Training completed!
Results saved to: ckpt/Phase2/Tlarge_Ssmall_alpha0.1_seed0.pt
