â„ą WandB tracking disabled
Producing dataset ptb...
Path being used: data/ptb/train.txt
Current working directory: /home/rajeev-kumar/Desktop/LoT
Path being used: data/ptb/valid.txt
Current working directory: /home/rajeev-kumar/Desktop/LoT
Path being used: data/ptb/test.txt
Current working directory: /home/rajeev-kumar/Desktop/LoT
building vocab with min_freq=0, max_size=None
final vocab size 10000 from 9999 unique tokens
================================================================================
PHASE 2: TEACHER-STUDENT SIZE RATIO EXPERIMENT
Teacher: MEDIUM | Student: SMALL
================================================================================
Teacher parameters: 19,780,400 (medium)
Student parameters: 10,576,400 (small)
Size ratio (T/S): 1.87x
================================================================================
{
    "exp_name": "LoT_Phase2",
    "track": false,
    "teacher_size": "medium",
    "student_size": "small",
    "alpha": 0.1,
    "detach": 1,
    "gpu": 0,
    "seed": 0,
    "T": 1.5,
    "data": "ptb",
    "lr": 20.0,
    "clip": 0.25,
    "epochs": 40,
    "batch_size": 20,
    "batch_chunk": 1,
    "bptt": 35,
    "dropout": 0.5,
    "student_steps_ratio": 4,
    "save": "ckpt/Phase2/Tmedium_Ssmall_alpha0.1_seed0.pt",
    "opt": "SGD",
    "eval_interval": 1000,
    "max_step": 53120
}
================================================================================

Starting training...
Batch 200/1327 | T_Loss: 6.4567 | S_Loss: 6.4891 | KL(Tâ†’S): 0.0565 | KL(Sâ†’T): 0.0701
Batch 400/1327 | T_Loss: 6.0158 | S_Loss: 6.1439 | KL(Tâ†’S): 0.0737 | KL(Sâ†’T): 0.0768
Batch 600/1327 | T_Loss: 6.0463 | S_Loss: 6.0535 | KL(Tâ†’S): 0.0821 | KL(Sâ†’T): 0.0849
Batch 800/1327 | T_Loss: 5.5465 | S_Loss: 5.6194 | KL(Tâ†’S): 0.1189 | KL(Sâ†’T): 0.1147
Batch 1000/1327 | T_Loss: 5.5941 | S_Loss: 5.6710 | KL(Tâ†’S): 0.1519 | KL(Sâ†’T): 0.1507
Batch 1200/1327 | T_Loss: 5.0330 | S_Loss: 5.0991 | KL(Tâ†’S): 0.2108 | KL(Sâ†’T): 0.2006
================================================================================
Epoch 1/40 | Time: 52.52s
Valid - Teacher PPL: 223.65 | Student PPL: 228.17
KL(Tâ†’S): 0.1257 | KL(Sâ†’T): 0.1247
Imitability Ratio: 1.0082
================================================================================
âś“ Saved best model (Student PPL: 228.17)
Batch 200/1327 | T_Loss: 5.3591 | S_Loss: 5.4348 | KL(Tâ†’S): 0.1746 | KL(Sâ†’T): 0.1761
Batch 400/1327 | T_Loss: 5.1111 | S_Loss: 5.1797 | KL(Tâ†’S): 0.2112 | KL(Sâ†’T): 0.2094
Batch 600/1327 | T_Loss: 5.4045 | S_Loss: 5.4713 | KL(Tâ†’S): 0.1862 | KL(Sâ†’T): 0.1880
Batch 800/1327 | T_Loss: 5.1186 | S_Loss: 5.1458 | KL(Tâ†’S): 0.2356 | KL(Sâ†’T): 0.2296
Batch 1000/1327 | T_Loss: 5.1454 | S_Loss: 5.2029 | KL(Tâ†’S): 0.2433 | KL(Sâ†’T): 0.2467
Batch 1200/1327 | T_Loss: 4.6492 | S_Loss: 4.7353 | KL(Tâ†’S): 0.2895 | KL(Sâ†’T): 0.2882
================================================================================
Epoch 2/40 | Time: 52.45s
Valid - Teacher PPL: 167.85 | Student PPL: 175.44
KL(Tâ†’S): 0.2224 | KL(Sâ†’T): 0.2234
Imitability Ratio: 0.9955
================================================================================
âś“ Saved best model (Student PPL: 175.44)
Batch 200/1327 | T_Loss: 5.2301 | S_Loss: 5.2877 | KL(Tâ†’S): 0.2317 | KL(Sâ†’T): 0.2310
Batch 400/1327 | T_Loss: 4.9202 | S_Loss: 5.0000 | KL(Tâ†’S): 0.2636 | KL(Sâ†’T): 0.2631
Batch 600/1327 | T_Loss: 5.2665 | S_Loss: 5.3272 | KL(Tâ†’S): 0.2292 | KL(Sâ†’T): 0.2304
Batch 800/1327 | T_Loss: 4.9992 | S_Loss: 5.1054 | KL(Tâ†’S): 0.2552 | KL(Sâ†’T): 0.2558
Batch 1000/1327 | T_Loss: 4.9860 | S_Loss: 5.0996 | KL(Tâ†’S): 0.2859 | KL(Sâ†’T): 0.2869
Batch 1200/1327 | T_Loss: 4.5153 | S_Loss: 4.6137 | KL(Tâ†’S): 0.3047 | KL(Sâ†’T): 0.3120
================================================================================
Epoch 3/40 | Time: 52.44s
Valid - Teacher PPL: 156.77 | Student PPL: 163.81
KL(Tâ†’S): 0.2688 | KL(Sâ†’T): 0.2705
Imitability Ratio: 0.9938
================================================================================
âś“ Saved best model (Student PPL: 163.81)
Batch 200/1327 | T_Loss: 5.2083 | S_Loss: 5.2451 | KL(Tâ†’S): 0.2545 | KL(Sâ†’T): 0.2585
Batch 400/1327 | T_Loss: 4.8571 | S_Loss: 4.9795 | KL(Tâ†’S): 0.2954 | KL(Sâ†’T): 0.2906
Batch 600/1327 | T_Loss: 5.2092 | S_Loss: 5.3151 | KL(Tâ†’S): 0.2606 | KL(Sâ†’T): 0.2631
Batch 800/1327 | T_Loss: 4.9400 | S_Loss: 5.0026 | KL(Tâ†’S): 0.2854 | KL(Sâ†’T): 0.2908
Batch 1000/1327 | T_Loss: 4.9826 | S_Loss: 5.0599 | KL(Tâ†’S): 0.2874 | KL(Sâ†’T): 0.2885
Batch 1200/1327 | T_Loss: 4.5034 | S_Loss: 4.5984 | KL(Tâ†’S): 0.3235 | KL(Sâ†’T): 0.3282
================================================================================
Epoch 4/40 | Time: 52.44s
Valid - Teacher PPL: 153.93 | Student PPL: 160.86
KL(Tâ†’S): 0.2857 | KL(Sâ†’T): 0.2878
Imitability Ratio: 0.9929
================================================================================
âś“ Saved best model (Student PPL: 160.86)
Batch 200/1327 | T_Loss: 5.1483 | S_Loss: 5.2332 | KL(Tâ†’S): 0.2506 | KL(Sâ†’T): 0.2507
Batch 400/1327 | T_Loss: 4.8553 | S_Loss: 4.9645 | KL(Tâ†’S): 0.3035 | KL(Sâ†’T): 0.3050
Batch 600/1327 | T_Loss: 5.1574 | S_Loss: 5.2717 | KL(Tâ†’S): 0.2650 | KL(Sâ†’T): 0.2691
Batch 800/1327 | T_Loss: 4.9437 | S_Loss: 5.0531 | KL(Tâ†’S): 0.2874 | KL(Sâ†’T): 0.2900
Batch 1000/1327 | T_Loss: 4.9602 | S_Loss: 5.0391 | KL(Tâ†’S): 0.2853 | KL(Sâ†’T): 0.2869
Batch 1200/1327 | T_Loss: 4.4833 | S_Loss: 4.5746 | KL(Tâ†’S): 0.3057 | KL(Sâ†’T): 0.3146
================================================================================
Epoch 5/40 | Time: 52.44s
Valid - Teacher PPL: 153.14 | Student PPL: 160.16
KL(Tâ†’S): 0.2921 | KL(Sâ†’T): 0.2942
Imitability Ratio: 0.9929
================================================================================
âś“ Saved best model (Student PPL: 160.16)
Batch 200/1327 | T_Loss: 5.1724 | S_Loss: 5.2352 | KL(Tâ†’S): 0.2497 | KL(Sâ†’T): 0.2512
Batch 400/1327 | T_Loss: 4.8474 | S_Loss: 4.9642 | KL(Tâ†’S): 0.3221 | KL(Sâ†’T): 0.3199
Batch 600/1327 | T_Loss: 5.1874 | S_Loss: 5.2619 | KL(Tâ†’S): 0.2678 | KL(Sâ†’T): 0.2692
Batch 800/1327 | T_Loss: 4.9485 | S_Loss: 5.0258 | KL(Tâ†’S): 0.2899 | KL(Sâ†’T): 0.2896
Batch 1000/1327 | T_Loss: 4.9444 | S_Loss: 5.0519 | KL(Tâ†’S): 0.3038 | KL(Sâ†’T): 0.3075
Batch 1200/1327 | T_Loss: 4.4861 | S_Loss: 4.5607 | KL(Tâ†’S): 0.3113 | KL(Sâ†’T): 0.3126
================================================================================
Epoch 6/40 | Time: 52.45s
Valid - Teacher PPL: 152.97 | Student PPL: 160.00
KL(Tâ†’S): 0.2932 | KL(Sâ†’T): 0.2954
Imitability Ratio: 0.9925
================================================================================
âś“ Saved best model (Student PPL: 160.00)
Batch 200/1327 | T_Loss: 5.1873 | S_Loss: 5.2606 | KL(Tâ†’S): 0.2485 | KL(Sâ†’T): 0.2470
Batch 400/1327 | T_Loss: 4.8723 | S_Loss: 4.9636 | KL(Tâ†’S): 0.3113 | KL(Sâ†’T): 0.3100
Batch 600/1327 | T_Loss: 5.1816 | S_Loss: 5.2946 | KL(Tâ†’S): 0.2619 | KL(Sâ†’T): 0.2610
Batch 800/1327 | T_Loss: 4.9483 | S_Loss: 5.0319 | KL(Tâ†’S): 0.2993 | KL(Sâ†’T): 0.2994
Batch 1000/1327 | T_Loss: 4.9143 | S_Loss: 5.0207 | KL(Tâ†’S): 0.2980 | KL(Sâ†’T): 0.3004
Batch 1200/1327 | T_Loss: 4.4776 | S_Loss: 4.5677 | KL(Tâ†’S): 0.3166 | KL(Sâ†’T): 0.3182
================================================================================
Epoch 7/40 | Time: 52.45s
Valid - Teacher PPL: 152.94 | Student PPL: 159.97
KL(Tâ†’S): 0.2938 | KL(Sâ†’T): 0.2959
Imitability Ratio: 0.9927
================================================================================
âś“ Saved best model (Student PPL: 159.97)
Batch 200/1327 | T_Loss: 5.1856 | S_Loss: 5.2442 | KL(Tâ†’S): 0.2564 | KL(Sâ†’T): 0.2592
Batch 400/1327 | T_Loss: 4.8479 | S_Loss: 4.9710 | KL(Tâ†’S): 0.3190 | KL(Sâ†’T): 0.3221
Batch 600/1327 | T_Loss: 5.1936 | S_Loss: 5.3124 | KL(Tâ†’S): 0.2659 | KL(Sâ†’T): 0.2693
Batch 800/1327 | T_Loss: 4.9387 | S_Loss: 5.0193 | KL(Tâ†’S): 0.2973 | KL(Sâ†’T): 0.3015
Batch 1000/1327 | T_Loss: 4.9585 | S_Loss: 5.0511 | KL(Tâ†’S): 0.2888 | KL(Sâ†’T): 0.2954
Batch 1200/1327 | T_Loss: 4.4858 | S_Loss: 4.5684 | KL(Tâ†’S): 0.3192 | KL(Sâ†’T): 0.3278
================================================================================
Epoch 8/40 | Time: 52.45s
Valid - Teacher PPL: 152.94 | Student PPL: 159.96
KL(Tâ†’S): 0.2938 | KL(Sâ†’T): 0.2960
Imitability Ratio: 0.9926
================================================================================
âś“ Saved best model (Student PPL: 159.96)
Batch 200/1327 | T_Loss: 5.1858 | S_Loss: 5.2392 | KL(Tâ†’S): 0.2547 | KL(Sâ†’T): 0.2553
Batch 400/1327 | T_Loss: 4.8551 | S_Loss: 4.9562 | KL(Tâ†’S): 0.3129 | KL(Sâ†’T): 0.3108
Batch 600/1327 | T_Loss: 5.1763 | S_Loss: 5.2635 | KL(Tâ†’S): 0.2753 | KL(Sâ†’T): 0.2738
Batch 800/1327 | T_Loss: 4.9213 | S_Loss: 5.0462 | KL(Tâ†’S): 0.2939 | KL(Sâ†’T): 0.2982
Batch 1000/1327 | T_Loss: 4.9231 | S_Loss: 5.0309 | KL(Tâ†’S): 0.3047 | KL(Sâ†’T): 0.3056
Batch 1200/1327 | T_Loss: 4.4779 | S_Loss: 4.5696 | KL(Tâ†’S): 0.3070 | KL(Sâ†’T): 0.3099
================================================================================
Epoch 9/40 | Time: 52.45s
Valid - Teacher PPL: 152.94 | Student PPL: 159.96
KL(Tâ†’S): 0.2938 | KL(Sâ†’T): 0.2960
Imitability Ratio: 0.9925
================================================================================
âś“ Saved best model (Student PPL: 159.96)
Batch 200/1327 | T_Loss: 5.1817 | S_Loss: 5.2329 | KL(Tâ†’S): 0.2633 | KL(Sâ†’T): 0.2648
Batch 400/1327 | T_Loss: 4.8486 | S_Loss: 4.9532 | KL(Tâ†’S): 0.3251 | KL(Sâ†’T): 0.3271
Batch 600/1327 | T_Loss: 5.1939 | S_Loss: 5.2596 | KL(Tâ†’S): 0.2691 | KL(Sâ†’T): 0.2686
Batch 800/1327 | T_Loss: 4.9551 | S_Loss: 5.0018 | KL(Tâ†’S): 0.2837 | KL(Sâ†’T): 0.2862
Batch 1000/1327 | T_Loss: 4.9417 | S_Loss: 5.0894 | KL(Tâ†’S): 0.2996 | KL(Sâ†’T): 0.2993
Batch 1200/1327 | T_Loss: 4.4934 | S_Loss: 4.5806 | KL(Tâ†’S): 0.3108 | KL(Sâ†’T): 0.3157
================================================================================
Epoch 10/40 | Time: 52.44s
Valid - Teacher PPL: 152.94 | Student PPL: 159.96
KL(Tâ†’S): 0.2939 | KL(Sâ†’T): 0.2962
Imitability Ratio: 0.9923
================================================================================
âś“ Saved best model (Student PPL: 159.96)
Batch 200/1327 | T_Loss: 5.1635 | S_Loss: 5.2625 | KL(Tâ†’S): 0.2503 | KL(Sâ†’T): 0.2505
Batch 400/1327 | T_Loss: 4.8340 | S_Loss: 4.9723 | KL(Tâ†’S): 0.3228 | KL(Sâ†’T): 0.3232
Batch 600/1327 | T_Loss: 5.1815 | S_Loss: 5.2246 | KL(Tâ†’S): 0.2722 | KL(Sâ†’T): 0.2729
Batch 800/1327 | T_Loss: 4.9791 | S_Loss: 5.0261 | KL(Tâ†’S): 0.2915 | KL(Sâ†’T): 0.2958
Batch 1000/1327 | T_Loss: 4.9628 | S_Loss: 5.0268 | KL(Tâ†’S): 0.2922 | KL(Sâ†’T): 0.2954
Batch 1200/1327 | T_Loss: 4.4733 | S_Loss: 4.5689 | KL(Tâ†’S): 0.3064 | KL(Sâ†’T): 0.3074
================================================================================
Epoch 11/40 | Time: 52.44s
Valid - Teacher PPL: 152.94 | Student PPL: 159.96
KL(Tâ†’S): 0.2940 | KL(Sâ†’T): 0.2962
Imitability Ratio: 0.9928
================================================================================
âś“ Saved best model (Student PPL: 159.96)
Batch 200/1327 | T_Loss: 5.1794 | S_Loss: 5.2474 | KL(Tâ†’S): 0.2530 | KL(Sâ†’T): 0.2514
Batch 400/1327 | T_Loss: 4.8823 | S_Loss: 4.9611 | KL(Tâ†’S): 0.3151 | KL(Sâ†’T): 0.3135
Batch 600/1327 | T_Loss: 5.2034 | S_Loss: 5.2726 | KL(Tâ†’S): 0.2638 | KL(Sâ†’T): 0.2654
Batch 800/1327 | T_Loss: 4.9705 | S_Loss: 5.0383 | KL(Tâ†’S): 0.2933 | KL(Sâ†’T): 0.2962
Batch 1000/1327 | T_Loss: 4.9577 | S_Loss: 5.0478 | KL(Tâ†’S): 0.2971 | KL(Sâ†’T): 0.3001
Batch 1200/1327 | T_Loss: 4.4944 | S_Loss: 4.5578 | KL(Tâ†’S): 0.3048 | KL(Sâ†’T): 0.3122
================================================================================
Epoch 12/40 | Time: 52.44s
Valid - Teacher PPL: 152.94 | Student PPL: 159.96
KL(Tâ†’S): 0.2939 | KL(Sâ†’T): 0.2960
Imitability Ratio: 0.9927
================================================================================
Batch 200/1327 | T_Loss: 5.1643 | S_Loss: 5.2729 | KL(Tâ†’S): 0.2553 | KL(Sâ†’T): 0.2542
Batch 400/1327 | T_Loss: 4.8434 | S_Loss: 4.9918 | KL(Tâ†’S): 0.2995 | KL(Sâ†’T): 0.3051
Batch 600/1327 | T_Loss: 5.2205 | S_Loss: 5.2679 | KL(Tâ†’S): 0.2580 | KL(Sâ†’T): 0.2604
Batch 800/1327 | T_Loss: 4.9323 | S_Loss: 4.9901 | KL(Tâ†’S): 0.2887 | KL(Sâ†’T): 0.2877
Batch 1000/1327 | T_Loss: 4.9639 | S_Loss: 5.0580 | KL(Tâ†’S): 0.2790 | KL(Sâ†’T): 0.2846
Batch 1200/1327 | T_Loss: 4.4950 | S_Loss: 4.5577 | KL(Tâ†’S): 0.3168 | KL(Sâ†’T): 0.3159
================================================================================
Epoch 13/40 | Time: 52.44s
Valid - Teacher PPL: 152.94 | Student PPL: 159.96
KL(Tâ†’S): 0.2937 | KL(Sâ†’T): 0.2959
Imitability Ratio: 0.9926
================================================================================
âś“ Saved best model (Student PPL: 159.96)
Batch 200/1327 | T_Loss: 5.1878 | S_Loss: 5.2353 | KL(Tâ†’S): 0.2565 | KL(Sâ†’T): 0.2602
Batch 400/1327 | T_Loss: 4.8196 | S_Loss: 4.9504 | KL(Tâ†’S): 0.3058 | KL(Sâ†’T): 0.3048
Batch 600/1327 | T_Loss: 5.2102 | S_Loss: 5.2973 | KL(Tâ†’S): 0.2674 | KL(Sâ†’T): 0.2680
Batch 800/1327 | T_Loss: 4.9096 | S_Loss: 5.0438 | KL(Tâ†’S): 0.2997 | KL(Sâ†’T): 0.2955
Batch 1000/1327 | T_Loss: 4.9703 | S_Loss: 5.0608 | KL(Tâ†’S): 0.2840 | KL(Sâ†’T): 0.2887
Batch 1200/1327 | T_Loss: 4.4715 | S_Loss: 4.5783 | KL(Tâ†’S): 0.3102 | KL(Sâ†’T): 0.3134
================================================================================
Epoch 14/40 | Time: 52.44s
Valid - Teacher PPL: 152.94 | Student PPL: 159.96
KL(Tâ†’S): 0.2940 | KL(Sâ†’T): 0.2962
Imitability Ratio: 0.9927
================================================================================
Batch 200/1327 | T_Loss: 5.2029 | S_Loss: 5.2642 | KL(Tâ†’S): 0.2580 | KL(Sâ†’T): 0.2598
Batch 400/1327 | T_Loss: 4.8399 | S_Loss: 4.9473 | KL(Tâ†’S): 0.3066 | KL(Sâ†’T): 0.3155
Batch 600/1327 | T_Loss: 5.2018 | S_Loss: 5.2675 | KL(Tâ†’S): 0.2637 | KL(Sâ†’T): 0.2692
Batch 800/1327 | T_Loss: 4.9351 | S_Loss: 5.0251 | KL(Tâ†’S): 0.2837 | KL(Sâ†’T): 0.2857
Batch 1000/1327 | T_Loss: 4.9236 | S_Loss: 5.0453 | KL(Tâ†’S): 0.3023 | KL(Sâ†’T): 0.3057
Batch 1200/1327 | T_Loss: 4.4630 | S_Loss: 4.5706 | KL(Tâ†’S): 0.3022 | KL(Sâ†’T): 0.3044
================================================================================
Epoch 15/40 | Time: 52.44s
Valid - Teacher PPL: 152.94 | Student PPL: 159.96
KL(Tâ†’S): 0.2937 | KL(Sâ†’T): 0.2959
Imitability Ratio: 0.9926
================================================================================
Batch 200/1327 | T_Loss: 5.1564 | S_Loss: 5.2575 | KL(Tâ†’S): 0.2510 | KL(Sâ†’T): 0.2515
Batch 400/1327 | T_Loss: 4.8381 | S_Loss: 4.9878 | KL(Tâ†’S): 0.3109 | KL(Sâ†’T): 0.3121
Batch 600/1327 | T_Loss: 5.1665 | S_Loss: 5.2408 | KL(Tâ†’S): 0.2637 | KL(Sâ†’T): 0.2671
Batch 800/1327 | T_Loss: 4.9693 | S_Loss: 5.0139 | KL(Tâ†’S): 0.2830 | KL(Sâ†’T): 0.2901
Batch 1000/1327 | T_Loss: 4.9365 | S_Loss: 5.0304 | KL(Tâ†’S): 0.2864 | KL(Sâ†’T): 0.2887
Batch 1200/1327 | T_Loss: 4.4895 | S_Loss: 4.5803 | KL(Tâ†’S): 0.3219 | KL(Sâ†’T): 0.3340
================================================================================
Epoch 16/40 | Time: 52.44s
Valid - Teacher PPL: 152.94 | Student PPL: 159.96
KL(Tâ†’S): 0.2938 | KL(Sâ†’T): 0.2961
Imitability Ratio: 0.9923
================================================================================
Batch 200/1327 | T_Loss: 5.1775 | S_Loss: 5.2458 | KL(Tâ†’S): 0.2524 | KL(Sâ†’T): 0.2531
Batch 400/1327 | T_Loss: 4.8818 | S_Loss: 4.9590 | KL(Tâ†’S): 0.3189 | KL(Sâ†’T): 0.3230
Batch 600/1327 | T_Loss: 5.1880 | S_Loss: 5.2939 | KL(Tâ†’S): 0.2646 | KL(Sâ†’T): 0.2677
Batch 800/1327 | T_Loss: 4.9584 | S_Loss: 5.0181 | KL(Tâ†’S): 0.2876 | KL(Sâ†’T): 0.2890
Batch 1000/1327 | T_Loss: 4.9613 | S_Loss: 5.0798 | KL(Tâ†’S): 0.3005 | KL(Sâ†’T): 0.3090
Batch 1200/1327 | T_Loss: 4.4648 | S_Loss: 4.5528 | KL(Tâ†’S): 0.3060 | KL(Sâ†’T): 0.3136
================================================================================
Epoch 17/40 | Time: 52.44s
Valid - Teacher PPL: 152.94 | Student PPL: 159.96
KL(Tâ†’S): 0.2940 | KL(Sâ†’T): 0.2961
Imitability Ratio: 0.9927
================================================================================
Batch 200/1327 | T_Loss: 5.1802 | S_Loss: 5.2333 | KL(Tâ†’S): 0.2597 | KL(Sâ†’T): 0.2610
Batch 400/1327 | T_Loss: 4.8884 | S_Loss: 4.9711 | KL(Tâ†’S): 0.3192 | KL(Sâ†’T): 0.3207
Batch 600/1327 | T_Loss: 5.1838 | S_Loss: 5.2785 | KL(Tâ†’S): 0.2665 | KL(Sâ†’T): 0.2696
Batch 800/1327 | T_Loss: 4.9455 | S_Loss: 5.0063 | KL(Tâ†’S): 0.2802 | KL(Sâ†’T): 0.2860
Batch 1000/1327 | T_Loss: 4.9157 | S_Loss: 5.0679 | KL(Tâ†’S): 0.2876 | KL(Sâ†’T): 0.2877
Batch 1200/1327 | T_Loss: 4.4946 | S_Loss: 4.5820 | KL(Tâ†’S): 0.3004 | KL(Sâ†’T): 0.3075
================================================================================
Epoch 18/40 | Time: 52.45s
Valid - Teacher PPL: 152.94 | Student PPL: 159.96
KL(Tâ†’S): 0.2939 | KL(Sâ†’T): 0.2961
Imitability Ratio: 0.9924
================================================================================
Batch 200/1327 | T_Loss: 5.1541 | S_Loss: 5.2359 | KL(Tâ†’S): 0.2503 | KL(Sâ†’T): 0.2537
Batch 400/1327 | T_Loss: 4.8571 | S_Loss: 4.9474 | KL(Tâ†’S): 0.3065 | KL(Sâ†’T): 0.3108
Batch 600/1327 | T_Loss: 5.2148 | S_Loss: 5.2926 | KL(Tâ†’S): 0.2680 | KL(Sâ†’T): 0.2698
Batch 800/1327 | T_Loss: 4.9613 | S_Loss: 5.0329 | KL(Tâ†’S): 0.2865 | KL(Sâ†’T): 0.2862
Batch 1000/1327 | T_Loss: 4.9484 | S_Loss: 5.0305 | KL(Tâ†’S): 0.2931 | KL(Sâ†’T): 0.3005
Batch 1200/1327 | T_Loss: 4.4802 | S_Loss: 4.5663 | KL(Tâ†’S): 0.3270 | KL(Sâ†’T): 0.3342
================================================================================
Epoch 19/40 | Time: 52.44s
Valid - Teacher PPL: 152.94 | Student PPL: 159.96
KL(Tâ†’S): 0.2937 | KL(Sâ†’T): 0.2961
Imitability Ratio: 0.9921
================================================================================
Batch 200/1327 | T_Loss: 5.1820 | S_Loss: 5.2632 | KL(Tâ†’S): 0.2462 | KL(Sâ†’T): 0.2472
Batch 400/1327 | T_Loss: 4.8608 | S_Loss: 4.9615 | KL(Tâ†’S): 0.3220 | KL(Sâ†’T): 0.3201
Batch 600/1327 | T_Loss: 5.2039 | S_Loss: 5.2837 | KL(Tâ†’S): 0.2638 | KL(Sâ†’T): 0.2649
Batch 800/1327 | T_Loss: 4.9718 | S_Loss: 5.0148 | KL(Tâ†’S): 0.2906 | KL(Sâ†’T): 0.2934
Batch 1000/1327 | T_Loss: 4.9234 | S_Loss: 5.0516 | KL(Tâ†’S): 0.2961 | KL(Sâ†’T): 0.3009
Batch 1200/1327 | T_Loss: 4.4794 | S_Loss: 4.5850 | KL(Tâ†’S): 0.3186 | KL(Sâ†’T): 0.3188
================================================================================
Epoch 20/40 | Time: 52.44s
Valid - Teacher PPL: 152.94 | Student PPL: 159.96
KL(Tâ†’S): 0.2940 | KL(Sâ†’T): 0.2962
Imitability Ratio: 0.9926
================================================================================
Batch 200/1327 | T_Loss: 5.1991 | S_Loss: 5.2260 | KL(Tâ†’S): 0.2574 | KL(Sâ†’T): 0.2567
Batch 400/1327 | T_Loss: 4.8391 | S_Loss: 4.9716 | KL(Tâ†’S): 0.3067 | KL(Sâ†’T): 0.3082
Batch 600/1327 | T_Loss: 5.1739 | S_Loss: 5.2930 | KL(Tâ†’S): 0.2681 | KL(Sâ†’T): 0.2747
Batch 800/1327 | T_Loss: 4.9754 | S_Loss: 5.0227 | KL(Tâ†’S): 0.2929 | KL(Sâ†’T): 0.2881
Batch 1000/1327 | T_Loss: 4.9490 | S_Loss: 5.1066 | KL(Tâ†’S): 0.2920 | KL(Sâ†’T): 0.2950
Batch 1200/1327 | T_Loss: 4.4878 | S_Loss: 4.5866 | KL(Tâ†’S): 0.3062 | KL(Sâ†’T): 0.3133
================================================================================
Epoch 21/40 | Time: 52.45s
Valid - Teacher PPL: 152.94 | Student PPL: 159.96
KL(Tâ†’S): 0.2939 | KL(Sâ†’T): 0.2960
Imitability Ratio: 0.9927
================================================================================
Batch 200/1327 | T_Loss: 5.1911 | S_Loss: 5.2413 | KL(Tâ†’S): 0.2506 | KL(Sâ†’T): 0.2527
Batch 400/1327 | T_Loss: 4.8587 | S_Loss: 4.9824 | KL(Tâ†’S): 0.3142 | KL(Sâ†’T): 0.3189
Batch 600/1327 | T_Loss: 5.1838 | S_Loss: 5.2633 | KL(Tâ†’S): 0.2652 | KL(Sâ†’T): 0.2662
Batch 800/1327 | T_Loss: 4.9386 | S_Loss: 5.0797 | KL(Tâ†’S): 0.2849 | KL(Sâ†’T): 0.2868
Batch 1000/1327 | T_Loss: 4.9591 | S_Loss: 5.0657 | KL(Tâ†’S): 0.2946 | KL(Sâ†’T): 0.3011
Batch 1200/1327 | T_Loss: 4.4978 | S_Loss: 4.5701 | KL(Tâ†’S): 0.3050 | KL(Sâ†’T): 0.3146
================================================================================
Epoch 22/40 | Time: 52.44s
Valid - Teacher PPL: 152.94 | Student PPL: 159.96
KL(Tâ†’S): 0.2939 | KL(Sâ†’T): 0.2961
Imitability Ratio: 0.9926
================================================================================
Batch 200/1327 | T_Loss: 5.1894 | S_Loss: 5.2367 | KL(Tâ†’S): 0.2611 | KL(Sâ†’T): 0.2632
Batch 400/1327 | T_Loss: 4.8412 | S_Loss: 4.9932 | KL(Tâ†’S): 0.3205 | KL(Sâ†’T): 0.3242
Batch 600/1327 | T_Loss: 5.2232 | S_Loss: 5.3085 | KL(Tâ†’S): 0.2648 | KL(Sâ†’T): 0.2663
Batch 800/1327 | T_Loss: 4.9172 | S_Loss: 5.0128 | KL(Tâ†’S): 0.2882 | KL(Sâ†’T): 0.2901
Batch 1000/1327 | T_Loss: 4.9606 | S_Loss: 5.0722 | KL(Tâ†’S): 0.2978 | KL(Sâ†’T): 0.3003
Batch 1200/1327 | T_Loss: 4.4857 | S_Loss: 4.5594 | KL(Tâ†’S): 0.3174 | KL(Sâ†’T): 0.3245
================================================================================
Epoch 23/40 | Time: 52.44s
Valid - Teacher PPL: 152.94 | Student PPL: 159.96
KL(Tâ†’S): 0.2939 | KL(Sâ†’T): 0.2962
Imitability Ratio: 0.9922
================================================================================
Batch 200/1327 | T_Loss: 5.1552 | S_Loss: 5.2454 | KL(Tâ†’S): 0.2630 | KL(Sâ†’T): 0.2652
Batch 400/1327 | T_Loss: 4.8666 | S_Loss: 4.9702 | KL(Tâ†’S): 0.3260 | KL(Sâ†’T): 0.3245
Batch 600/1327 | T_Loss: 5.1813 | S_Loss: 5.2746 | KL(Tâ†’S): 0.2808 | KL(Sâ†’T): 0.2799
Batch 800/1327 | T_Loss: 4.9586 | S_Loss: 4.9973 | KL(Tâ†’S): 0.2854 | KL(Sâ†’T): 0.2895
Batch 1000/1327 | T_Loss: 4.9331 | S_Loss: 5.0479 | KL(Tâ†’S): 0.3072 | KL(Sâ†’T): 0.3034
Batch 1200/1327 | T_Loss: 4.4737 | S_Loss: 4.5551 | KL(Tâ†’S): 0.3205 | KL(Sâ†’T): 0.3313
================================================================================
Epoch 24/40 | Time: 52.45s
Valid - Teacher PPL: 152.94 | Student PPL: 159.96
KL(Tâ†’S): 0.2941 | KL(Sâ†’T): 0.2963
Imitability Ratio: 0.9925
================================================================================
Batch 200/1327 | T_Loss: 5.1880 | S_Loss: 5.2499 | KL(Tâ†’S): 0.2561 | KL(Sâ†’T): 0.2580
Batch 400/1327 | T_Loss: 4.8417 | S_Loss: 4.9513 | KL(Tâ†’S): 0.3092 | KL(Sâ†’T): 0.3137
Batch 600/1327 | T_Loss: 5.1833 | S_Loss: 5.2539 | KL(Tâ†’S): 0.2648 | KL(Sâ†’T): 0.2676
Batch 800/1327 | T_Loss: 4.9523 | S_Loss: 5.0303 | KL(Tâ†’S): 0.2947 | KL(Sâ†’T): 0.2962
Batch 1000/1327 | T_Loss: 4.9657 | S_Loss: 5.0317 | KL(Tâ†’S): 0.3036 | KL(Sâ†’T): 0.3029
Batch 1200/1327 | T_Loss: 4.5139 | S_Loss: 4.5695 | KL(Tâ†’S): 0.3127 | KL(Sâ†’T): 0.3131
================================================================================
Epoch 25/40 | Time: 52.44s
Valid - Teacher PPL: 152.94 | Student PPL: 159.96
KL(Tâ†’S): 0.2940 | KL(Sâ†’T): 0.2962
Imitability Ratio: 0.9925
================================================================================
Batch 200/1327 | T_Loss: 5.1917 | S_Loss: 5.2241 | KL(Tâ†’S): 0.2648 | KL(Sâ†’T): 0.2662
Batch 400/1327 | T_Loss: 4.8677 | S_Loss: 4.9842 | KL(Tâ†’S): 0.3102 | KL(Sâ†’T): 0.3131
Batch 600/1327 | T_Loss: 5.1973 | S_Loss: 5.2413 | KL(Tâ†’S): 0.2686 | KL(Sâ†’T): 0.2705
Batch 800/1327 | T_Loss: 4.9550 | S_Loss: 5.0274 | KL(Tâ†’S): 0.2828 | KL(Sâ†’T): 0.2853
Batch 1000/1327 | T_Loss: 4.9538 | S_Loss: 5.0655 | KL(Tâ†’S): 0.2898 | KL(Sâ†’T): 0.2880
Batch 1200/1327 | T_Loss: 4.5093 | S_Loss: 4.5501 | KL(Tâ†’S): 0.3262 | KL(Sâ†’T): 0.3304
================================================================================
Epoch 26/40 | Time: 52.44s
Valid - Teacher PPL: 152.94 | Student PPL: 159.96
KL(Tâ†’S): 0.2937 | KL(Sâ†’T): 0.2958
Imitability Ratio: 0.9929
================================================================================
Batch 200/1327 | T_Loss: 5.1938 | S_Loss: 5.2581 | KL(Tâ†’S): 0.2578 | KL(Sâ†’T): 0.2593
Batch 400/1327 | T_Loss: 4.8535 | S_Loss: 4.9838 | KL(Tâ†’S): 0.3221 | KL(Sâ†’T): 0.3261
Batch 600/1327 | T_Loss: 5.1297 | S_Loss: 5.2333 | KL(Tâ†’S): 0.2667 | KL(Sâ†’T): 0.2680
Batch 800/1327 | T_Loss: 4.9239 | S_Loss: 5.0159 | KL(Tâ†’S): 0.2693 | KL(Sâ†’T): 0.2709
Batch 1000/1327 | T_Loss: 4.9648 | S_Loss: 5.0672 | KL(Tâ†’S): 0.2941 | KL(Sâ†’T): 0.3002
Batch 1200/1327 | T_Loss: 4.4922 | S_Loss: 4.5868 | KL(Tâ†’S): 0.3279 | KL(Sâ†’T): 0.3318
================================================================================
Epoch 27/40 | Time: 52.44s
Valid - Teacher PPL: 152.94 | Student PPL: 159.96
KL(Tâ†’S): 0.2943 | KL(Sâ†’T): 0.2964
Imitability Ratio: 0.9928
================================================================================
Batch 200/1327 | T_Loss: 5.1372 | S_Loss: 5.1996 | KL(Tâ†’S): 0.2576 | KL(Sâ†’T): 0.2565
Batch 400/1327 | T_Loss: 4.8414 | S_Loss: 4.9725 | KL(Tâ†’S): 0.3082 | KL(Sâ†’T): 0.3153
Batch 600/1327 | T_Loss: 5.2244 | S_Loss: 5.2599 | KL(Tâ†’S): 0.2567 | KL(Sâ†’T): 0.2581
Batch 800/1327 | T_Loss: 4.9756 | S_Loss: 5.0397 | KL(Tâ†’S): 0.2935 | KL(Sâ†’T): 0.2947
Batch 1000/1327 | T_Loss: 4.9025 | S_Loss: 5.0304 | KL(Tâ†’S): 0.2943 | KL(Sâ†’T): 0.2980
Batch 1200/1327 | T_Loss: 4.4574 | S_Loss: 4.5853 | KL(Tâ†’S): 0.3106 | KL(Sâ†’T): 0.3164
================================================================================
Epoch 28/40 | Time: 52.44s
Valid - Teacher PPL: 152.94 | Student PPL: 159.96
KL(Tâ†’S): 0.2941 | KL(Sâ†’T): 0.2963
Imitability Ratio: 0.9923
================================================================================
Batch 200/1327 | T_Loss: 5.1458 | S_Loss: 5.2600 | KL(Tâ†’S): 0.2547 | KL(Sâ†’T): 0.2562
Batch 400/1327 | T_Loss: 4.8512 | S_Loss: 4.9807 | KL(Tâ†’S): 0.3241 | KL(Sâ†’T): 0.3204
Batch 600/1327 | T_Loss: 5.2174 | S_Loss: 5.2760 | KL(Tâ†’S): 0.2659 | KL(Sâ†’T): 0.2667
Batch 800/1327 | T_Loss: 4.9411 | S_Loss: 5.0642 | KL(Tâ†’S): 0.2869 | KL(Sâ†’T): 0.2903
Batch 1000/1327 | T_Loss: 4.9638 | S_Loss: 5.0847 | KL(Tâ†’S): 0.3041 | KL(Sâ†’T): 0.3011
Batch 1200/1327 | T_Loss: 4.5139 | S_Loss: 4.5616 | KL(Tâ†’S): 0.3191 | KL(Sâ†’T): 0.3265
================================================================================
Epoch 29/40 | Time: 52.44s
Valid - Teacher PPL: 152.94 | Student PPL: 159.96
KL(Tâ†’S): 0.2939 | KL(Sâ†’T): 0.2961
Imitability Ratio: 0.9925
================================================================================
Batch 200/1327 | T_Loss: 5.1926 | S_Loss: 5.2555 | KL(Tâ†’S): 0.2497 | KL(Sâ†’T): 0.2512
Batch 400/1327 | T_Loss: 4.8969 | S_Loss: 4.9671 | KL(Tâ†’S): 0.3115 | KL(Sâ†’T): 0.3148
Batch 600/1327 | T_Loss: 5.2121 | S_Loss: 5.2923 | KL(Tâ†’S): 0.2702 | KL(Sâ†’T): 0.2743
Batch 800/1327 | T_Loss: 4.9633 | S_Loss: 5.0120 | KL(Tâ†’S): 0.2957 | KL(Sâ†’T): 0.2960
Batch 1000/1327 | T_Loss: 4.9125 | S_Loss: 5.0346 | KL(Tâ†’S): 0.2979 | KL(Sâ†’T): 0.2995
Batch 1200/1327 | T_Loss: 4.4787 | S_Loss: 4.5834 | KL(Tâ†’S): 0.3162 | KL(Sâ†’T): 0.3286
================================================================================
Epoch 30/40 | Time: 52.44s
Valid - Teacher PPL: 152.94 | Student PPL: 159.96
KL(Tâ†’S): 0.2939 | KL(Sâ†’T): 0.2961
Imitability Ratio: 0.9924
================================================================================
Batch 200/1327 | T_Loss: 5.1367 | S_Loss: 5.2689 | KL(Tâ†’S): 0.2545 | KL(Sâ†’T): 0.2541
Batch 400/1327 | T_Loss: 4.8566 | S_Loss: 4.9236 | KL(Tâ†’S): 0.3195 | KL(Sâ†’T): 0.3175
Batch 600/1327 | T_Loss: 5.2014 | S_Loss: 5.2705 | KL(Tâ†’S): 0.2658 | KL(Sâ†’T): 0.2657
Batch 800/1327 | T_Loss: 4.9281 | S_Loss: 5.0410 | KL(Tâ†’S): 0.2915 | KL(Sâ†’T): 0.2939
Batch 1000/1327 | T_Loss: 4.9636 | S_Loss: 5.0601 | KL(Tâ†’S): 0.3003 | KL(Sâ†’T): 0.3080
Batch 1200/1327 | T_Loss: 4.5064 | S_Loss: 4.5705 | KL(Tâ†’S): 0.3230 | KL(Sâ†’T): 0.3198
================================================================================
Epoch 31/40 | Time: 52.44s
Valid - Teacher PPL: 152.94 | Student PPL: 159.96
KL(Tâ†’S): 0.2938 | KL(Sâ†’T): 0.2960
Imitability Ratio: 0.9927
================================================================================
Batch 200/1327 | T_Loss: 5.1782 | S_Loss: 5.2667 | KL(Tâ†’S): 0.2566 | KL(Sâ†’T): 0.2575
Batch 400/1327 | T_Loss: 4.8437 | S_Loss: 4.9794 | KL(Tâ†’S): 0.3062 | KL(Sâ†’T): 0.3153
Batch 600/1327 | T_Loss: 5.1990 | S_Loss: 5.2751 | KL(Tâ†’S): 0.2625 | KL(Sâ†’T): 0.2660
Batch 800/1327 | T_Loss: 4.9417 | S_Loss: 5.0082 | KL(Tâ†’S): 0.2856 | KL(Sâ†’T): 0.2887
Batch 1000/1327 | T_Loss: 4.9334 | S_Loss: 5.0280 | KL(Tâ†’S): 0.2822 | KL(Sâ†’T): 0.2839
Batch 1200/1327 | T_Loss: 4.4935 | S_Loss: 4.5677 | KL(Tâ†’S): 0.3202 | KL(Sâ†’T): 0.3171
================================================================================
Epoch 32/40 | Time: 52.44s
Valid - Teacher PPL: 152.94 | Student PPL: 159.96
KL(Tâ†’S): 0.2941 | KL(Sâ†’T): 0.2962
Imitability Ratio: 0.9926
================================================================================
Batch 200/1327 | T_Loss: 5.1906 | S_Loss: 5.2471 | KL(Tâ†’S): 0.2522 | KL(Sâ†’T): 0.2565
Batch 400/1327 | T_Loss: 4.8466 | S_Loss: 4.9442 | KL(Tâ†’S): 0.3258 | KL(Sâ†’T): 0.3250
Batch 600/1327 | T_Loss: 5.2034 | S_Loss: 5.2642 | KL(Tâ†’S): 0.2693 | KL(Sâ†’T): 0.2721
Batch 800/1327 | T_Loss: 4.9632 | S_Loss: 5.0339 | KL(Tâ†’S): 0.2841 | KL(Sâ†’T): 0.2870
Batch 1000/1327 | T_Loss: 4.9683 | S_Loss: 5.0732 | KL(Tâ†’S): 0.2913 | KL(Sâ†’T): 0.2925
Batch 1200/1327 | T_Loss: 4.4982 | S_Loss: 4.5386 | KL(Tâ†’S): 0.3069 | KL(Sâ†’T): 0.3125
================================================================================
Epoch 33/40 | Time: 52.44s
Valid - Teacher PPL: 152.94 | Student PPL: 159.96
KL(Tâ†’S): 0.2942 | KL(Sâ†’T): 0.2964
Imitability Ratio: 0.9925
================================================================================
Batch 200/1327 | T_Loss: 5.1742 | S_Loss: 5.2290 | KL(Tâ†’S): 0.2614 | KL(Sâ†’T): 0.2619
Batch 400/1327 | T_Loss: 4.8365 | S_Loss: 4.9602 | KL(Tâ†’S): 0.3183 | KL(Sâ†’T): 0.3224
Batch 600/1327 | T_Loss: 5.1893 | S_Loss: 5.2607 | KL(Tâ†’S): 0.2688 | KL(Sâ†’T): 0.2710
Batch 800/1327 | T_Loss: 4.9295 | S_Loss: 5.0100 | KL(Tâ†’S): 0.2875 | KL(Sâ†’T): 0.2909
Batch 1000/1327 | T_Loss: 4.9057 | S_Loss: 5.0203 | KL(Tâ†’S): 0.2930 | KL(Sâ†’T): 0.2966
Batch 1200/1327 | T_Loss: 4.4583 | S_Loss: 4.5641 | KL(Tâ†’S): 0.3102 | KL(Sâ†’T): 0.3146
================================================================================
Epoch 34/40 | Time: 52.44s
Valid - Teacher PPL: 152.94 | Student PPL: 159.96
KL(Tâ†’S): 0.2939 | KL(Sâ†’T): 0.2961
Imitability Ratio: 0.9925
================================================================================
Batch 200/1327 | T_Loss: 5.1677 | S_Loss: 5.2469 | KL(Tâ†’S): 0.2609 | KL(Sâ†’T): 0.2617
Batch 400/1327 | T_Loss: 4.8707 | S_Loss: 4.9796 | KL(Tâ†’S): 0.3196 | KL(Sâ†’T): 0.3287
Batch 600/1327 | T_Loss: 5.2108 | S_Loss: 5.2952 | KL(Tâ†’S): 0.2676 | KL(Sâ†’T): 0.2719
Batch 800/1327 | T_Loss: 4.9310 | S_Loss: 5.0173 | KL(Tâ†’S): 0.2854 | KL(Sâ†’T): 0.2896
Batch 1000/1327 | T_Loss: 4.9460 | S_Loss: 5.0390 | KL(Tâ†’S): 0.2882 | KL(Sâ†’T): 0.2947
Batch 1200/1327 | T_Loss: 4.4621 | S_Loss: 4.5751 | KL(Tâ†’S): 0.3184 | KL(Sâ†’T): 0.3322
================================================================================
Epoch 35/40 | Time: 52.43s
Valid - Teacher PPL: 152.94 | Student PPL: 159.96
KL(Tâ†’S): 0.2941 | KL(Sâ†’T): 0.2963
Imitability Ratio: 0.9928
================================================================================
Batch 200/1327 | T_Loss: 5.1884 | S_Loss: 5.2320 | KL(Tâ†’S): 0.2515 | KL(Sâ†’T): 0.2534
Batch 400/1327 | T_Loss: 4.8626 | S_Loss: 4.9459 | KL(Tâ†’S): 0.3057 | KL(Sâ†’T): 0.3093
Batch 600/1327 | T_Loss: 5.2050 | S_Loss: 5.2747 | KL(Tâ†’S): 0.2749 | KL(Sâ†’T): 0.2745
Batch 800/1327 | T_Loss: 4.9020 | S_Loss: 5.0010 | KL(Tâ†’S): 0.3048 | KL(Sâ†’T): 0.3059
Batch 1000/1327 | T_Loss: 4.9170 | S_Loss: 5.0781 | KL(Tâ†’S): 0.2980 | KL(Sâ†’T): 0.3002
Batch 1200/1327 | T_Loss: 4.4819 | S_Loss: 4.5475 | KL(Tâ†’S): 0.3098 | KL(Sâ†’T): 0.3158
================================================================================
Epoch 36/40 | Time: 52.44s
Valid - Teacher PPL: 152.94 | Student PPL: 159.96
KL(Tâ†’S): 0.2937 | KL(Sâ†’T): 0.2960
Imitability Ratio: 0.9922
================================================================================
Batch 200/1327 | T_Loss: 5.1644 | S_Loss: 5.2426 | KL(Tâ†’S): 0.2516 | KL(Sâ†’T): 0.2528
Batch 400/1327 | T_Loss: 4.8580 | S_Loss: 4.9732 | KL(Tâ†’S): 0.3059 | KL(Sâ†’T): 0.3048
Batch 600/1327 | T_Loss: 5.2043 | S_Loss: 5.2615 | KL(Tâ†’S): 0.2643 | KL(Sâ†’T): 0.2657
Batch 800/1327 | T_Loss: 4.9499 | S_Loss: 5.0081 | KL(Tâ†’S): 0.2871 | KL(Sâ†’T): 0.2922
Batch 1000/1327 | T_Loss: 4.9597 | S_Loss: 5.0754 | KL(Tâ†’S): 0.3026 | KL(Sâ†’T): 0.3051
Batch 1200/1327 | T_Loss: 4.4784 | S_Loss: 4.5409 | KL(Tâ†’S): 0.3215 | KL(Sâ†’T): 0.3281
================================================================================
Epoch 37/40 | Time: 52.45s
Valid - Teacher PPL: 152.94 | Student PPL: 159.96
KL(Tâ†’S): 0.2940 | KL(Sâ†’T): 0.2962
Imitability Ratio: 0.9925
================================================================================
Batch 200/1327 | T_Loss: 5.1893 | S_Loss: 5.2665 | KL(Tâ†’S): 0.2607 | KL(Sâ†’T): 0.2611
Batch 400/1327 | T_Loss: 4.8932 | S_Loss: 4.9823 | KL(Tâ†’S): 0.3121 | KL(Sâ†’T): 0.3146
Batch 600/1327 | T_Loss: 5.1880 | S_Loss: 5.2446 | KL(Tâ†’S): 0.2674 | KL(Sâ†’T): 0.2684
Batch 800/1327 | T_Loss: 4.9548 | S_Loss: 4.9706 | KL(Tâ†’S): 0.2800 | KL(Sâ†’T): 0.2824
Batch 1000/1327 | T_Loss: 4.9338 | S_Loss: 5.0691 | KL(Tâ†’S): 0.3003 | KL(Sâ†’T): 0.3031
Batch 1200/1327 | T_Loss: 4.4947 | S_Loss: 4.5732 | KL(Tâ†’S): 0.3296 | KL(Sâ†’T): 0.3325
================================================================================
Epoch 38/40 | Time: 52.44s
Valid - Teacher PPL: 152.94 | Student PPL: 159.96
KL(Tâ†’S): 0.2937 | KL(Sâ†’T): 0.2959
Imitability Ratio: 0.9926
================================================================================
Batch 200/1327 | T_Loss: 5.1622 | S_Loss: 5.2198 | KL(Tâ†’S): 0.2620 | KL(Sâ†’T): 0.2661
Batch 400/1327 | T_Loss: 4.8508 | S_Loss: 4.9610 | KL(Tâ†’S): 0.3074 | KL(Sâ†’T): 0.3043
Batch 600/1327 | T_Loss: 5.1674 | S_Loss: 5.2651 | KL(Tâ†’S): 0.2626 | KL(Sâ†’T): 0.2642
Batch 800/1327 | T_Loss: 4.9332 | S_Loss: 5.0228 | KL(Tâ†’S): 0.2982 | KL(Sâ†’T): 0.3018
Batch 1000/1327 | T_Loss: 4.9710 | S_Loss: 5.0545 | KL(Tâ†’S): 0.3051 | KL(Sâ†’T): 0.3049
Batch 1200/1327 | T_Loss: 4.4938 | S_Loss: 4.5498 | KL(Tâ†’S): 0.3224 | KL(Sâ†’T): 0.3264
================================================================================
Epoch 39/40 | Time: 52.44s
Valid - Teacher PPL: 152.94 | Student PPL: 159.96
KL(Tâ†’S): 0.2937 | KL(Sâ†’T): 0.2960
Imitability Ratio: 0.9924
================================================================================
Batch 200/1327 | T_Loss: 5.2156 | S_Loss: 5.2310 | KL(Tâ†’S): 0.2574 | KL(Sâ†’T): 0.2557
Batch 400/1327 | T_Loss: 4.8413 | S_Loss: 4.9752 | KL(Tâ†’S): 0.3140 | KL(Sâ†’T): 0.3193
Batch 600/1327 | T_Loss: 5.2040 | S_Loss: 5.2563 | KL(Tâ†’S): 0.2560 | KL(Sâ†’T): 0.2565
Batch 800/1327 | T_Loss: 4.9408 | S_Loss: 5.0457 | KL(Tâ†’S): 0.2854 | KL(Sâ†’T): 0.2846
Batch 1000/1327 | T_Loss: 4.9153 | S_Loss: 5.0617 | KL(Tâ†’S): 0.2924 | KL(Sâ†’T): 0.2952
Batch 1200/1327 | T_Loss: 4.4897 | S_Loss: 4.5796 | KL(Tâ†’S): 0.3175 | KL(Sâ†’T): 0.3167
================================================================================
Epoch 40/40 | Time: 52.45s
Valid - Teacher PPL: 152.94 | Student PPL: 159.96
KL(Tâ†’S): 0.2940 | KL(Sâ†’T): 0.2961
Imitability Ratio: 0.9927
================================================================================

================================================================================
FINAL TEST EVALUATION
================================================================================
Test - Teacher PPL: 148.62 | Student PPL: 155.35
Generalization Gap: 6.73

âś“ Training completed!
Results saved to: ckpt/Phase2/Tmedium_Ssmall_alpha0.1_seed0.pt
