â„ą WandB tracking disabled
Producing dataset ptb...
Path being used: data/ptb/train.txt
Current working directory: /home/rajeev-kumar/Desktop/LoT
Path being used: data/ptb/valid.txt
Current working directory: /home/rajeev-kumar/Desktop/LoT
Path being used: data/ptb/test.txt
Current working directory: /home/rajeev-kumar/Desktop/LoT
building vocab with min_freq=0, max_size=None
final vocab size 10000 from 9999 unique tokens
================================================================================
PHASE 2: TEACHER-STUDENT SIZE RATIO EXPERIMENT
Teacher: SMALL | Student: SMALL
================================================================================
Teacher parameters: 10,576,400 (small)
Student parameters: 10,576,400 (small)
Size ratio (T/S): 1.00x
================================================================================
{
    "exp_name": "LoT_Phase2",
    "track": false,
    "teacher_size": "small",
    "student_size": "small",
    "alpha": 0.1,
    "detach": 1,
    "gpu": 0,
    "seed": 0,
    "T": 1.5,
    "data": "ptb",
    "lr": 20.0,
    "clip": 0.25,
    "epochs": 40,
    "batch_size": 20,
    "batch_chunk": 1,
    "bptt": 35,
    "dropout": 0.5,
    "student_steps_ratio": 4,
    "save": "ckpt/Phase2/Tsmall_Ssmall_alpha0.1_seed0.pt",
    "opt": "SGD",
    "eval_interval": 1000,
    "max_step": 53120
}
================================================================================

Starting training...
Batch 200/1327 | T_Loss: 6.4733 | S_Loss: 6.4953 | KL(Tâ†’S): 0.0424 | KL(Sâ†’T): 0.0410
Batch 400/1327 | T_Loss: 6.0558 | S_Loss: 6.0252 | KL(Tâ†’S): 0.0790 | KL(Sâ†’T): 0.0951
Batch 600/1327 | T_Loss: 5.9933 | S_Loss: 6.0505 | KL(Tâ†’S): 0.0799 | KL(Sâ†’T): 0.0815
Batch 800/1327 | T_Loss: 5.5997 | S_Loss: 5.6283 | KL(Tâ†’S): 0.1222 | KL(Sâ†’T): 0.1214
Batch 1000/1327 | T_Loss: 5.6589 | S_Loss: 5.6768 | KL(Tâ†’S): 0.1624 | KL(Sâ†’T): 0.1735
Batch 1200/1327 | T_Loss: 5.0713 | S_Loss: 5.0787 | KL(Tâ†’S): 0.2070 | KL(Sâ†’T): 0.1998
================================================================================
Epoch 1/40 | Time: 41.87s
Valid - Teacher PPL: 230.46 | Student PPL: 230.10
KL(Tâ†’S): 0.1207 | KL(Sâ†’T): 0.1215
Imitability Ratio: 0.9934
================================================================================
âś“ Saved best model (Student PPL: 230.10)
Batch 200/1327 | T_Loss: 5.4289 | S_Loss: 5.4622 | KL(Tâ†’S): 0.1776 | KL(Sâ†’T): 0.1763
Batch 400/1327 | T_Loss: 5.1989 | S_Loss: 5.1948 | KL(Tâ†’S): 0.2282 | KL(Sâ†’T): 0.2307
Batch 600/1327 | T_Loss: 5.4486 | S_Loss: 5.4544 | KL(Tâ†’S): 0.1970 | KL(Sâ†’T): 0.1964
Batch 800/1327 | T_Loss: 5.2038 | S_Loss: 5.1311 | KL(Tâ†’S): 0.2274 | KL(Sâ†’T): 0.2312
Batch 1000/1327 | T_Loss: 5.2369 | S_Loss: 5.2217 | KL(Tâ†’S): 0.2520 | KL(Sâ†’T): 0.2509
Batch 1200/1327 | T_Loss: 4.6731 | S_Loss: 4.7151 | KL(Tâ†’S): 0.3136 | KL(Sâ†’T): 0.3036
================================================================================
Epoch 2/40 | Time: 41.81s
Valid - Teacher PPL: 175.10 | Student PPL: 175.55
KL(Tâ†’S): 0.2296 | KL(Sâ†’T): 0.2295
Imitability Ratio: 1.0008
================================================================================
âś“ Saved best model (Student PPL: 175.55)
Batch 200/1327 | T_Loss: 5.2700 | S_Loss: 5.2994 | KL(Tâ†’S): 0.2282 | KL(Sâ†’T): 0.2278
Batch 400/1327 | T_Loss: 5.0420 | S_Loss: 4.9987 | KL(Tâ†’S): 0.2929 | KL(Sâ†’T): 0.2938
Batch 600/1327 | T_Loss: 5.2743 | S_Loss: 5.3330 | KL(Tâ†’S): 0.2414 | KL(Sâ†’T): 0.2399
Batch 800/1327 | T_Loss: 5.0784 | S_Loss: 5.0429 | KL(Tâ†’S): 0.2773 | KL(Sâ†’T): 0.2791
Batch 1000/1327 | T_Loss: 5.0742 | S_Loss: 5.1000 | KL(Tâ†’S): 0.2878 | KL(Sâ†’T): 0.2866
Batch 1200/1327 | T_Loss: 4.5894 | S_Loss: 4.5952 | KL(Tâ†’S): 0.3318 | KL(Sâ†’T): 0.3329
================================================================================
Epoch 3/40 | Time: 41.81s
Valid - Teacher PPL: 163.57 | Student PPL: 163.86
KL(Tâ†’S): 0.2762 | KL(Sâ†’T): 0.2759
Imitability Ratio: 1.0009
================================================================================
âś“ Saved best model (Student PPL: 163.86)
Batch 200/1327 | T_Loss: 5.2490 | S_Loss: 5.2559 | KL(Tâ†’S): 0.2557 | KL(Sâ†’T): 0.2546
Batch 400/1327 | T_Loss: 4.9913 | S_Loss: 4.9767 | KL(Tâ†’S): 0.2999 | KL(Sâ†’T): 0.3010
Batch 600/1327 | T_Loss: 5.2368 | S_Loss: 5.2606 | KL(Tâ†’S): 0.2517 | KL(Sâ†’T): 0.2486
Batch 800/1327 | T_Loss: 5.0285 | S_Loss: 5.0280 | KL(Tâ†’S): 0.2810 | KL(Sâ†’T): 0.2810
Batch 1000/1327 | T_Loss: 5.0252 | S_Loss: 5.0982 | KL(Tâ†’S): 0.2916 | KL(Sâ†’T): 0.2886
Batch 1200/1327 | T_Loss: 4.5765 | S_Loss: 4.5502 | KL(Tâ†’S): 0.3268 | KL(Sâ†’T): 0.3217
================================================================================
Epoch 4/40 | Time: 41.84s
Valid - Teacher PPL: 160.70 | Student PPL: 160.96
KL(Tâ†’S): 0.2923 | KL(Sâ†’T): 0.2919
Imitability Ratio: 1.0014
================================================================================
âś“ Saved best model (Student PPL: 160.96)
Batch 200/1327 | T_Loss: 5.2577 | S_Loss: 5.2342 | KL(Tâ†’S): 0.2661 | KL(Sâ†’T): 0.2686
Batch 400/1327 | T_Loss: 4.9524 | S_Loss: 4.9370 | KL(Tâ†’S): 0.3111 | KL(Sâ†’T): 0.3136
Batch 600/1327 | T_Loss: 5.2206 | S_Loss: 5.2756 | KL(Tâ†’S): 0.2718 | KL(Sâ†’T): 0.2742
Batch 800/1327 | T_Loss: 5.0243 | S_Loss: 5.0174 | KL(Tâ†’S): 0.2964 | KL(Sâ†’T): 0.2971
Batch 1000/1327 | T_Loss: 5.0464 | S_Loss: 5.0636 | KL(Tâ†’S): 0.3031 | KL(Sâ†’T): 0.2989
Batch 1200/1327 | T_Loss: 4.5494 | S_Loss: 4.5542 | KL(Tâ†’S): 0.3254 | KL(Sâ†’T): 0.3248
================================================================================
Epoch 5/40 | Time: 41.83s
Valid - Teacher PPL: 160.10 | Student PPL: 160.28
KL(Tâ†’S): 0.2978 | KL(Sâ†’T): 0.2975
Imitability Ratio: 1.0009
================================================================================
âś“ Saved best model (Student PPL: 160.28)
Batch 200/1327 | T_Loss: 5.2209 | S_Loss: 5.2509 | KL(Tâ†’S): 0.2683 | KL(Sâ†’T): 0.2680
Batch 400/1327 | T_Loss: 4.9682 | S_Loss: 4.9690 | KL(Tâ†’S): 0.3255 | KL(Sâ†’T): 0.3332
Batch 600/1327 | T_Loss: 5.2563 | S_Loss: 5.2573 | KL(Tâ†’S): 0.2738 | KL(Sâ†’T): 0.2732
Batch 800/1327 | T_Loss: 5.0368 | S_Loss: 5.0032 | KL(Tâ†’S): 0.2839 | KL(Sâ†’T): 0.2842
Batch 1000/1327 | T_Loss: 5.0355 | S_Loss: 5.0542 | KL(Tâ†’S): 0.2886 | KL(Sâ†’T): 0.2863
Batch 1200/1327 | T_Loss: 4.5298 | S_Loss: 4.5630 | KL(Tâ†’S): 0.3269 | KL(Sâ†’T): 0.3232
================================================================================
Epoch 6/40 | Time: 41.84s
Valid - Teacher PPL: 159.92 | Student PPL: 160.13
KL(Tâ†’S): 0.2994 | KL(Sâ†’T): 0.2990
Imitability Ratio: 1.0014
================================================================================
âś“ Saved best model (Student PPL: 160.13)
Batch 200/1327 | T_Loss: 5.2616 | S_Loss: 5.2477 | KL(Tâ†’S): 0.2692 | KL(Sâ†’T): 0.2655
Batch 400/1327 | T_Loss: 4.9703 | S_Loss: 4.9391 | KL(Tâ†’S): 0.3267 | KL(Sâ†’T): 0.3185
Batch 600/1327 | T_Loss: 5.2669 | S_Loss: 5.2623 | KL(Tâ†’S): 0.2787 | KL(Sâ†’T): 0.2780
Batch 800/1327 | T_Loss: 4.9920 | S_Loss: 4.9947 | KL(Tâ†’S): 0.2985 | KL(Sâ†’T): 0.2959
Batch 1000/1327 | T_Loss: 5.0090 | S_Loss: 5.0420 | KL(Tâ†’S): 0.2997 | KL(Sâ†’T): 0.2982
Batch 1200/1327 | T_Loss: 4.5509 | S_Loss: 4.5320 | KL(Tâ†’S): 0.3267 | KL(Sâ†’T): 0.3271
================================================================================
Epoch 7/40 | Time: 41.83s
Valid - Teacher PPL: 159.88 | Student PPL: 160.09
KL(Tâ†’S): 0.2997 | KL(Sâ†’T): 0.2994
Imitability Ratio: 1.0013
================================================================================
âś“ Saved best model (Student PPL: 160.09)
Batch 200/1327 | T_Loss: 5.2633 | S_Loss: 5.2392 | KL(Tâ†’S): 0.2583 | KL(Sâ†’T): 0.2594
Batch 400/1327 | T_Loss: 4.9544 | S_Loss: 4.9747 | KL(Tâ†’S): 0.3203 | KL(Sâ†’T): 0.3221
Batch 600/1327 | T_Loss: 5.2591 | S_Loss: 5.2581 | KL(Tâ†’S): 0.2699 | KL(Sâ†’T): 0.2690
Batch 800/1327 | T_Loss: 4.9973 | S_Loss: 4.9801 | KL(Tâ†’S): 0.2874 | KL(Sâ†’T): 0.2882
Batch 1000/1327 | T_Loss: 5.0355 | S_Loss: 5.0638 | KL(Tâ†’S): 0.3052 | KL(Sâ†’T): 0.3070
Batch 1200/1327 | T_Loss: 4.5818 | S_Loss: 4.5447 | KL(Tâ†’S): 0.3150 | KL(Sâ†’T): 0.3186
================================================================================
Epoch 8/40 | Time: 41.82s
Valid - Teacher PPL: 159.88 | Student PPL: 160.09
KL(Tâ†’S): 0.2998 | KL(Sâ†’T): 0.2994
Imitability Ratio: 1.0015
================================================================================
âś“ Saved best model (Student PPL: 160.09)
Batch 200/1327 | T_Loss: 5.2030 | S_Loss: 5.2089 | KL(Tâ†’S): 0.2718 | KL(Sâ†’T): 0.2703
Batch 400/1327 | T_Loss: 4.9234 | S_Loss: 4.9817 | KL(Tâ†’S): 0.3075 | KL(Sâ†’T): 0.3060
Batch 600/1327 | T_Loss: 5.2234 | S_Loss: 5.2446 | KL(Tâ†’S): 0.2735 | KL(Sâ†’T): 0.2719
Batch 800/1327 | T_Loss: 5.0127 | S_Loss: 4.9813 | KL(Tâ†’S): 0.2896 | KL(Sâ†’T): 0.2868
Batch 1000/1327 | T_Loss: 5.0407 | S_Loss: 5.0516 | KL(Tâ†’S): 0.3000 | KL(Sâ†’T): 0.2958
Batch 1200/1327 | T_Loss: 4.5682 | S_Loss: 4.5421 | KL(Tâ†’S): 0.3319 | KL(Sâ†’T): 0.3267
================================================================================
Epoch 9/40 | Time: 41.85s
Valid - Teacher PPL: 159.88 | Student PPL: 160.08
KL(Tâ†’S): 0.3000 | KL(Sâ†’T): 0.2995
Imitability Ratio: 1.0017
================================================================================
âś“ Saved best model (Student PPL: 160.08)
Batch 200/1327 | T_Loss: 5.2355 | S_Loss: 5.2373 | KL(Tâ†’S): 0.2643 | KL(Sâ†’T): 0.2639
Batch 400/1327 | T_Loss: 4.9952 | S_Loss: 4.9438 | KL(Tâ†’S): 0.3147 | KL(Sâ†’T): 0.3146
Batch 600/1327 | T_Loss: 5.2345 | S_Loss: 5.2625 | KL(Tâ†’S): 0.2691 | KL(Sâ†’T): 0.2699
Batch 800/1327 | T_Loss: 5.0517 | S_Loss: 4.9855 | KL(Tâ†’S): 0.2758 | KL(Sâ†’T): 0.2759
Batch 1000/1327 | T_Loss: 5.0364 | S_Loss: 5.0655 | KL(Tâ†’S): 0.3025 | KL(Sâ†’T): 0.3035
Batch 1200/1327 | T_Loss: 4.5519 | S_Loss: 4.5742 | KL(Tâ†’S): 0.3341 | KL(Sâ†’T): 0.3357
================================================================================
Epoch 10/40 | Time: 41.84s
Valid - Teacher PPL: 159.88 | Student PPL: 160.08
KL(Tâ†’S): 0.3002 | KL(Sâ†’T): 0.2998
Imitability Ratio: 1.0013
================================================================================
âś“ Saved best model (Student PPL: 160.08)
Batch 200/1327 | T_Loss: 5.2268 | S_Loss: 5.2453 | KL(Tâ†’S): 0.2597 | KL(Sâ†’T): 0.2606
Batch 400/1327 | T_Loss: 4.9857 | S_Loss: 4.9699 | KL(Tâ†’S): 0.3273 | KL(Sâ†’T): 0.3279
Batch 600/1327 | T_Loss: 5.1954 | S_Loss: 5.2596 | KL(Tâ†’S): 0.2814 | KL(Sâ†’T): 0.2818
Batch 800/1327 | T_Loss: 5.0373 | S_Loss: 4.9920 | KL(Tâ†’S): 0.3016 | KL(Sâ†’T): 0.2968
Batch 1000/1327 | T_Loss: 5.0420 | S_Loss: 5.0251 | KL(Tâ†’S): 0.2943 | KL(Sâ†’T): 0.2982
Batch 1200/1327 | T_Loss: 4.5508 | S_Loss: 4.5542 | KL(Tâ†’S): 0.3312 | KL(Sâ†’T): 0.3309
================================================================================
Epoch 11/40 | Time: 41.82s
Valid - Teacher PPL: 159.88 | Student PPL: 160.08
KL(Tâ†’S): 0.2999 | KL(Sâ†’T): 0.2995
Imitability Ratio: 1.0013
================================================================================
âś“ Saved best model (Student PPL: 160.08)
Batch 200/1327 | T_Loss: 5.2314 | S_Loss: 5.2258 | KL(Tâ†’S): 0.2654 | KL(Sâ†’T): 0.2613
Batch 400/1327 | T_Loss: 4.9320 | S_Loss: 4.9675 | KL(Tâ†’S): 0.3094 | KL(Sâ†’T): 0.3088
Batch 600/1327 | T_Loss: 5.2600 | S_Loss: 5.2494 | KL(Tâ†’S): 0.2730 | KL(Sâ†’T): 0.2733
Batch 800/1327 | T_Loss: 5.0513 | S_Loss: 4.9870 | KL(Tâ†’S): 0.2975 | KL(Sâ†’T): 0.2956
Batch 1000/1327 | T_Loss: 5.0250 | S_Loss: 5.0493 | KL(Tâ†’S): 0.3154 | KL(Sâ†’T): 0.3162
Batch 1200/1327 | T_Loss: 4.5698 | S_Loss: 4.5857 | KL(Tâ†’S): 0.3264 | KL(Sâ†’T): 0.3234
================================================================================
Epoch 12/40 | Time: 41.79s
Valid - Teacher PPL: 159.88 | Student PPL: 160.08
KL(Tâ†’S): 0.2998 | KL(Sâ†’T): 0.2994
Imitability Ratio: 1.0011
================================================================================
Batch 200/1327 | T_Loss: 5.2181 | S_Loss: 5.2176 | KL(Tâ†’S): 0.2649 | KL(Sâ†’T): 0.2660
Batch 400/1327 | T_Loss: 4.9866 | S_Loss: 4.9647 | KL(Tâ†’S): 0.3237 | KL(Sâ†’T): 0.3230
Batch 600/1327 | T_Loss: 5.2460 | S_Loss: 5.2769 | KL(Tâ†’S): 0.2686 | KL(Sâ†’T): 0.2703
Batch 800/1327 | T_Loss: 4.9848 | S_Loss: 5.0552 | KL(Tâ†’S): 0.2857 | KL(Sâ†’T): 0.2859
Batch 1000/1327 | T_Loss: 5.0489 | S_Loss: 5.0888 | KL(Tâ†’S): 0.2888 | KL(Sâ†’T): 0.2938
Batch 1200/1327 | T_Loss: 4.5663 | S_Loss: 4.5725 | KL(Tâ†’S): 0.3277 | KL(Sâ†’T): 0.3247
================================================================================
Epoch 13/40 | Time: 41.83s
Valid - Teacher PPL: 159.88 | Student PPL: 160.08
KL(Tâ†’S): 0.2998 | KL(Sâ†’T): 0.2996
Imitability Ratio: 1.0008
================================================================================
Batch 200/1327 | T_Loss: 5.2478 | S_Loss: 5.2200 | KL(Tâ†’S): 0.2568 | KL(Sâ†’T): 0.2591
Batch 400/1327 | T_Loss: 4.9581 | S_Loss: 4.9829 | KL(Tâ†’S): 0.3201 | KL(Sâ†’T): 0.3158
Batch 600/1327 | T_Loss: 5.2400 | S_Loss: 5.2772 | KL(Tâ†’S): 0.2799 | KL(Sâ†’T): 0.2815
Batch 800/1327 | T_Loss: 5.0053 | S_Loss: 5.0184 | KL(Tâ†’S): 0.3030 | KL(Sâ†’T): 0.3081
Batch 1000/1327 | T_Loss: 5.0473 | S_Loss: 5.0369 | KL(Tâ†’S): 0.3013 | KL(Sâ†’T): 0.3019
Batch 1200/1327 | T_Loss: 4.5499 | S_Loss: 4.5677 | KL(Tâ†’S): 0.3325 | KL(Sâ†’T): 0.3315
================================================================================
Epoch 14/40 | Time: 41.82s
Valid - Teacher PPL: 159.88 | Student PPL: 160.08
KL(Tâ†’S): 0.3000 | KL(Sâ†’T): 0.2997
Imitability Ratio: 1.0013
================================================================================
Batch 200/1327 | T_Loss: 5.2447 | S_Loss: 5.2354 | KL(Tâ†’S): 0.2660 | KL(Sâ†’T): 0.2648
Batch 400/1327 | T_Loss: 4.9409 | S_Loss: 4.9299 | KL(Tâ†’S): 0.3313 | KL(Sâ†’T): 0.3283
Batch 600/1327 | T_Loss: 5.2209 | S_Loss: 5.2754 | KL(Tâ†’S): 0.2814 | KL(Sâ†’T): 0.2807
Batch 800/1327 | T_Loss: 4.9987 | S_Loss: 4.9903 | KL(Tâ†’S): 0.2866 | KL(Sâ†’T): 0.2876
Batch 1000/1327 | T_Loss: 5.0255 | S_Loss: 5.0523 | KL(Tâ†’S): 0.3086 | KL(Sâ†’T): 0.3070
Batch 1200/1327 | T_Loss: 4.5721 | S_Loss: 4.5600 | KL(Tâ†’S): 0.3205 | KL(Sâ†’T): 0.3129
================================================================================
Epoch 15/40 | Time: 41.82s
Valid - Teacher PPL: 159.88 | Student PPL: 160.08
KL(Tâ†’S): 0.3000 | KL(Sâ†’T): 0.2995
Imitability Ratio: 1.0017
================================================================================
Batch 200/1327 | T_Loss: 5.2156 | S_Loss: 5.2400 | KL(Tâ†’S): 0.2661 | KL(Sâ†’T): 0.2652
Batch 400/1327 | T_Loss: 4.9579 | S_Loss: 4.9574 | KL(Tâ†’S): 0.3177 | KL(Sâ†’T): 0.3180
Batch 600/1327 | T_Loss: 5.2504 | S_Loss: 5.2430 | KL(Tâ†’S): 0.2752 | KL(Sâ†’T): 0.2767
Batch 800/1327 | T_Loss: 5.0149 | S_Loss: 4.9996 | KL(Tâ†’S): 0.2929 | KL(Sâ†’T): 0.2952
Batch 1000/1327 | T_Loss: 5.0437 | S_Loss: 5.0708 | KL(Tâ†’S): 0.2987 | KL(Sâ†’T): 0.2971
Batch 1200/1327 | T_Loss: 4.5576 | S_Loss: 4.6013 | KL(Tâ†’S): 0.3338 | KL(Sâ†’T): 0.3249
================================================================================
Epoch 16/40 | Time: 41.82s
Valid - Teacher PPL: 159.88 | Student PPL: 160.08
KL(Tâ†’S): 0.2998 | KL(Sâ†’T): 0.2994
Imitability Ratio: 1.0012
================================================================================
Batch 200/1327 | T_Loss: 5.2241 | S_Loss: 5.2396 | KL(Tâ†’S): 0.2586 | KL(Sâ†’T): 0.2560
Batch 400/1327 | T_Loss: 4.9681 | S_Loss: 4.9603 | KL(Tâ†’S): 0.3074 | KL(Sâ†’T): 0.3094
Batch 600/1327 | T_Loss: 5.2366 | S_Loss: 5.2647 | KL(Tâ†’S): 0.2640 | KL(Sâ†’T): 0.2640
Batch 800/1327 | T_Loss: 4.9848 | S_Loss: 5.0219 | KL(Tâ†’S): 0.2842 | KL(Sâ†’T): 0.2871
Batch 1000/1327 | T_Loss: 5.0491 | S_Loss: 5.0818 | KL(Tâ†’S): 0.2963 | KL(Sâ†’T): 0.2961
Batch 1200/1327 | T_Loss: 4.5452 | S_Loss: 4.5105 | KL(Tâ†’S): 0.3226 | KL(Sâ†’T): 0.3204
================================================================================
Epoch 17/40 | Time: 41.84s
Valid - Teacher PPL: 159.88 | Student PPL: 160.08
KL(Tâ†’S): 0.3002 | KL(Sâ†’T): 0.2997
Imitability Ratio: 1.0018
================================================================================
Batch 200/1327 | T_Loss: 5.1961 | S_Loss: 5.2175 | KL(Tâ†’S): 0.2537 | KL(Sâ†’T): 0.2524
Batch 400/1327 | T_Loss: 4.9628 | S_Loss: 4.9993 | KL(Tâ†’S): 0.3165 | KL(Sâ†’T): 0.3169
Batch 600/1327 | T_Loss: 5.2370 | S_Loss: 5.2559 | KL(Tâ†’S): 0.2741 | KL(Sâ†’T): 0.2760
Batch 800/1327 | T_Loss: 5.0071 | S_Loss: 4.9528 | KL(Tâ†’S): 0.2856 | KL(Sâ†’T): 0.2873
Batch 1000/1327 | T_Loss: 5.0440 | S_Loss: 5.0747 | KL(Tâ†’S): 0.3082 | KL(Sâ†’T): 0.3050
Batch 1200/1327 | T_Loss: 4.5669 | S_Loss: 4.5521 | KL(Tâ†’S): 0.3188 | KL(Sâ†’T): 0.3232
================================================================================
Epoch 18/40 | Time: 41.82s
Valid - Teacher PPL: 159.88 | Student PPL: 160.08
KL(Tâ†’S): 0.2999 | KL(Sâ†’T): 0.2996
Imitability Ratio: 1.0010
================================================================================
Batch 200/1327 | T_Loss: 5.2427 | S_Loss: 5.2320 | KL(Tâ†’S): 0.2663 | KL(Sâ†’T): 0.2677
Batch 400/1327 | T_Loss: 4.9814 | S_Loss: 4.9523 | KL(Tâ†’S): 0.3207 | KL(Sâ†’T): 0.3241
Batch 600/1327 | T_Loss: 5.2395 | S_Loss: 5.2786 | KL(Tâ†’S): 0.2718 | KL(Sâ†’T): 0.2676
Batch 800/1327 | T_Loss: 4.9974 | S_Loss: 5.0025 | KL(Tâ†’S): 0.2874 | KL(Sâ†’T): 0.2873
Batch 1000/1327 | T_Loss: 5.0236 | S_Loss: 5.0412 | KL(Tâ†’S): 0.3060 | KL(Sâ†’T): 0.3031
Batch 1200/1327 | T_Loss: 4.5354 | S_Loss: 4.5607 | KL(Tâ†’S): 0.3193 | KL(Sâ†’T): 0.3139
================================================================================
Epoch 19/40 | Time: 41.82s
Valid - Teacher PPL: 159.88 | Student PPL: 160.08
KL(Tâ†’S): 0.2998 | KL(Sâ†’T): 0.2993
Imitability Ratio: 1.0017
================================================================================
Batch 200/1327 | T_Loss: 5.2194 | S_Loss: 5.2598 | KL(Tâ†’S): 0.2656 | KL(Sâ†’T): 0.2667
Batch 400/1327 | T_Loss: 4.9909 | S_Loss: 4.9507 | KL(Tâ†’S): 0.3230 | KL(Sâ†’T): 0.3217
Batch 600/1327 | T_Loss: 5.2286 | S_Loss: 5.3110 | KL(Tâ†’S): 0.2700 | KL(Sâ†’T): 0.2672
Batch 800/1327 | T_Loss: 5.0163 | S_Loss: 4.9952 | KL(Tâ†’S): 0.2897 | KL(Sâ†’T): 0.2903
Batch 1000/1327 | T_Loss: 5.0434 | S_Loss: 5.0551 | KL(Tâ†’S): 0.3007 | KL(Sâ†’T): 0.3000
Batch 1200/1327 | T_Loss: 4.5984 | S_Loss: 4.5584 | KL(Tâ†’S): 0.3356 | KL(Sâ†’T): 0.3403
================================================================================
Epoch 20/40 | Time: 41.83s
Valid - Teacher PPL: 159.88 | Student PPL: 160.08
KL(Tâ†’S): 0.2998 | KL(Sâ†’T): 0.2995
Imitability Ratio: 1.0012
================================================================================
Batch 200/1327 | T_Loss: 5.2815 | S_Loss: 5.2382 | KL(Tâ†’S): 0.2621 | KL(Sâ†’T): 0.2610
Batch 400/1327 | T_Loss: 4.9860 | S_Loss: 4.9502 | KL(Tâ†’S): 0.3141 | KL(Sâ†’T): 0.3202
Batch 600/1327 | T_Loss: 5.2096 | S_Loss: 5.2320 | KL(Tâ†’S): 0.2724 | KL(Sâ†’T): 0.2747
Batch 800/1327 | T_Loss: 5.0364 | S_Loss: 4.9858 | KL(Tâ†’S): 0.2962 | KL(Sâ†’T): 0.2944
Batch 1000/1327 | T_Loss: 5.0446 | S_Loss: 5.0522 | KL(Tâ†’S): 0.2933 | KL(Sâ†’T): 0.2941
Batch 1200/1327 | T_Loss: 4.5596 | S_Loss: 4.5781 | KL(Tâ†’S): 0.3430 | KL(Sâ†’T): 0.3425
================================================================================
Epoch 21/40 | Time: 41.82s
Valid - Teacher PPL: 159.88 | Student PPL: 160.08
KL(Tâ†’S): 0.3000 | KL(Sâ†’T): 0.2996
Imitability Ratio: 1.0013
================================================================================
Batch 200/1327 | T_Loss: 5.2348 | S_Loss: 5.2485 | KL(Tâ†’S): 0.2596 | KL(Sâ†’T): 0.2599
Batch 400/1327 | T_Loss: 4.9591 | S_Loss: 4.9294 | KL(Tâ†’S): 0.3160 | KL(Sâ†’T): 0.3143
Batch 600/1327 | T_Loss: 5.2502 | S_Loss: 5.2789 | KL(Tâ†’S): 0.2787 | KL(Sâ†’T): 0.2808
Batch 800/1327 | T_Loss: 4.9899 | S_Loss: 4.9732 | KL(Tâ†’S): 0.2887 | KL(Sâ†’T): 0.2907
Batch 1000/1327 | T_Loss: 5.0420 | S_Loss: 5.0460 | KL(Tâ†’S): 0.3070 | KL(Sâ†’T): 0.3060
Batch 1200/1327 | T_Loss: 4.5782 | S_Loss: 4.5134 | KL(Tâ†’S): 0.3269 | KL(Sâ†’T): 0.3219
================================================================================
Epoch 22/40 | Time: 41.82s
Valid - Teacher PPL: 159.88 | Student PPL: 160.08
KL(Tâ†’S): 0.3002 | KL(Sâ†’T): 0.2997
Imitability Ratio: 1.0015
================================================================================
Batch 200/1327 | T_Loss: 5.2563 | S_Loss: 5.2197 | KL(Tâ†’S): 0.2645 | KL(Sâ†’T): 0.2610
Batch 400/1327 | T_Loss: 4.9280 | S_Loss: 4.9599 | KL(Tâ†’S): 0.3028 | KL(Sâ†’T): 0.3045
Batch 600/1327 | T_Loss: 5.3157 | S_Loss: 5.2584 | KL(Tâ†’S): 0.2793 | KL(Sâ†’T): 0.2802
Batch 800/1327 | T_Loss: 5.0326 | S_Loss: 4.9870 | KL(Tâ†’S): 0.3022 | KL(Sâ†’T): 0.3013
Batch 1000/1327 | T_Loss: 5.0563 | S_Loss: 5.0723 | KL(Tâ†’S): 0.3042 | KL(Sâ†’T): 0.3022
Batch 1200/1327 | T_Loss: 4.5889 | S_Loss: 4.5403 | KL(Tâ†’S): 0.3226 | KL(Sâ†’T): 0.3178
================================================================================
Epoch 23/40 | Time: 41.83s
Valid - Teacher PPL: 159.88 | Student PPL: 160.08
KL(Tâ†’S): 0.3001 | KL(Sâ†’T): 0.2997
Imitability Ratio: 1.0014
================================================================================
Batch 200/1327 | T_Loss: 5.2147 | S_Loss: 5.2492 | KL(Tâ†’S): 0.2576 | KL(Sâ†’T): 0.2585
Batch 400/1327 | T_Loss: 4.9756 | S_Loss: 4.9403 | KL(Tâ†’S): 0.3300 | KL(Sâ†’T): 0.3267
Batch 600/1327 | T_Loss: 5.2792 | S_Loss: 5.3023 | KL(Tâ†’S): 0.2671 | KL(Sâ†’T): 0.2662
Batch 800/1327 | T_Loss: 4.9722 | S_Loss: 5.0135 | KL(Tâ†’S): 0.2877 | KL(Sâ†’T): 0.2902
Batch 1000/1327 | T_Loss: 5.0556 | S_Loss: 5.0370 | KL(Tâ†’S): 0.2992 | KL(Sâ†’T): 0.2988
Batch 1200/1327 | T_Loss: 4.5584 | S_Loss: 4.5179 | KL(Tâ†’S): 0.3292 | KL(Sâ†’T): 0.3205
================================================================================
Epoch 24/40 | Time: 41.84s
Valid - Teacher PPL: 159.88 | Student PPL: 160.08
KL(Tâ†’S): 0.3002 | KL(Sâ†’T): 0.2999
Imitability Ratio: 1.0013
================================================================================
Batch 200/1327 | T_Loss: 5.2154 | S_Loss: 5.2214 | KL(Tâ†’S): 0.2633 | KL(Sâ†’T): 0.2638
Batch 400/1327 | T_Loss: 4.9539 | S_Loss: 4.9805 | KL(Tâ†’S): 0.3311 | KL(Sâ†’T): 0.3244
Batch 600/1327 | T_Loss: 5.2387 | S_Loss: 5.2960 | KL(Tâ†’S): 0.2684 | KL(Sâ†’T): 0.2657
Batch 800/1327 | T_Loss: 5.0367 | S_Loss: 5.0038 | KL(Tâ†’S): 0.2904 | KL(Sâ†’T): 0.2887
Batch 1000/1327 | T_Loss: 5.0367 | S_Loss: 5.0353 | KL(Tâ†’S): 0.3017 | KL(Sâ†’T): 0.3037
Batch 1200/1327 | T_Loss: 4.5638 | S_Loss: 4.5849 | KL(Tâ†’S): 0.3254 | KL(Sâ†’T): 0.3188
================================================================================
Epoch 25/40 | Time: 41.84s
Valid - Teacher PPL: 159.88 | Student PPL: 160.08
KL(Tâ†’S): 0.2999 | KL(Sâ†’T): 0.2994
Imitability Ratio: 1.0017
================================================================================
Batch 200/1327 | T_Loss: 5.2387 | S_Loss: 5.2603 | KL(Tâ†’S): 0.2659 | KL(Sâ†’T): 0.2643
Batch 400/1327 | T_Loss: 4.9939 | S_Loss: 4.9491 | KL(Tâ†’S): 0.3083 | KL(Sâ†’T): 0.3124
Batch 600/1327 | T_Loss: 5.2567 | S_Loss: 5.2345 | KL(Tâ†’S): 0.2816 | KL(Sâ†’T): 0.2768
Batch 800/1327 | T_Loss: 5.0111 | S_Loss: 4.9912 | KL(Tâ†’S): 0.2928 | KL(Sâ†’T): 0.2951
Batch 1000/1327 | T_Loss: 5.0333 | S_Loss: 5.0510 | KL(Tâ†’S): 0.3017 | KL(Sâ†’T): 0.2976
Batch 1200/1327 | T_Loss: 4.5752 | S_Loss: 4.5601 | KL(Tâ†’S): 0.3206 | KL(Sâ†’T): 0.3200
================================================================================
Epoch 26/40 | Time: 41.84s
Valid - Teacher PPL: 159.88 | Student PPL: 160.08
KL(Tâ†’S): 0.2999 | KL(Sâ†’T): 0.2994
Imitability Ratio: 1.0015
================================================================================
Batch 200/1327 | T_Loss: 5.2256 | S_Loss: 5.2403 | KL(Tâ†’S): 0.2549 | KL(Sâ†’T): 0.2536
Batch 400/1327 | T_Loss: 4.9362 | S_Loss: 4.9558 | KL(Tâ†’S): 0.3114 | KL(Sâ†’T): 0.3190
Batch 600/1327 | T_Loss: 5.2404 | S_Loss: 5.2703 | KL(Tâ†’S): 0.2716 | KL(Sâ†’T): 0.2745
Batch 800/1327 | T_Loss: 5.0232 | S_Loss: 4.9706 | KL(Tâ†’S): 0.2870 | KL(Sâ†’T): 0.2888
Batch 1000/1327 | T_Loss: 5.0592 | S_Loss: 5.0448 | KL(Tâ†’S): 0.2994 | KL(Sâ†’T): 0.3021
Batch 1200/1327 | T_Loss: 4.5618 | S_Loss: 4.5912 | KL(Tâ†’S): 0.3132 | KL(Sâ†’T): 0.3143
================================================================================
Epoch 27/40 | Time: 41.83s
Valid - Teacher PPL: 159.88 | Student PPL: 160.08
KL(Tâ†’S): 0.2998 | KL(Sâ†’T): 0.2994
Imitability Ratio: 1.0013
================================================================================
Batch 200/1327 | T_Loss: 5.2532 | S_Loss: 5.2237 | KL(Tâ†’S): 0.2636 | KL(Sâ†’T): 0.2617
Batch 400/1327 | T_Loss: 4.9619 | S_Loss: 4.9400 | KL(Tâ†’S): 0.3354 | KL(Sâ†’T): 0.3319
Batch 600/1327 | T_Loss: 5.2507 | S_Loss: 5.2687 | KL(Tâ†’S): 0.2715 | KL(Sâ†’T): 0.2720
Batch 800/1327 | T_Loss: 5.0198 | S_Loss: 5.0057 | KL(Tâ†’S): 0.3004 | KL(Sâ†’T): 0.3034
Batch 1000/1327 | T_Loss: 5.0495 | S_Loss: 5.0136 | KL(Tâ†’S): 0.3040 | KL(Sâ†’T): 0.3018
Batch 1200/1327 | T_Loss: 4.5681 | S_Loss: 4.5495 | KL(Tâ†’S): 0.3452 | KL(Sâ†’T): 0.3371
================================================================================
Epoch 28/40 | Time: 41.84s
Valid - Teacher PPL: 159.88 | Student PPL: 160.08
KL(Tâ†’S): 0.3000 | KL(Sâ†’T): 0.2996
Imitability Ratio: 1.0011
================================================================================
Batch 200/1327 | T_Loss: 5.2190 | S_Loss: 5.2290 | KL(Tâ†’S): 0.2619 | KL(Sâ†’T): 0.2603
Batch 400/1327 | T_Loss: 4.9823 | S_Loss: 4.9699 | KL(Tâ†’S): 0.3173 | KL(Sâ†’T): 0.3183
Batch 600/1327 | T_Loss: 5.2040 | S_Loss: 5.2932 | KL(Tâ†’S): 0.2763 | KL(Sâ†’T): 0.2742
Batch 800/1327 | T_Loss: 4.9886 | S_Loss: 5.0049 | KL(Tâ†’S): 0.2831 | KL(Sâ†’T): 0.2847
Batch 1000/1327 | T_Loss: 5.0306 | S_Loss: 5.0241 | KL(Tâ†’S): 0.2966 | KL(Sâ†’T): 0.2967
Batch 1200/1327 | T_Loss: 4.5397 | S_Loss: 4.5390 | KL(Tâ†’S): 0.3139 | KL(Sâ†’T): 0.3070
================================================================================
Epoch 29/40 | Time: 41.84s
Valid - Teacher PPL: 159.88 | Student PPL: 160.08
KL(Tâ†’S): 0.2999 | KL(Sâ†’T): 0.2994
Imitability Ratio: 1.0019
================================================================================
Batch 200/1327 | T_Loss: 5.2551 | S_Loss: 5.2170 | KL(Tâ†’S): 0.2661 | KL(Sâ†’T): 0.2662
Batch 400/1327 | T_Loss: 4.9789 | S_Loss: 4.9380 | KL(Tâ†’S): 0.3211 | KL(Sâ†’T): 0.3283
Batch 600/1327 | T_Loss: 5.2672 | S_Loss: 5.2533 | KL(Tâ†’S): 0.2700 | KL(Sâ†’T): 0.2690
Batch 800/1327 | T_Loss: 4.9981 | S_Loss: 4.9870 | KL(Tâ†’S): 0.2815 | KL(Sâ†’T): 0.2824
Batch 1000/1327 | T_Loss: 5.0289 | S_Loss: 5.0949 | KL(Tâ†’S): 0.2958 | KL(Sâ†’T): 0.2952
Batch 1200/1327 | T_Loss: 4.5873 | S_Loss: 4.5544 | KL(Tâ†’S): 0.3339 | KL(Sâ†’T): 0.3357
================================================================================
Epoch 30/40 | Time: 41.83s
Valid - Teacher PPL: 159.88 | Student PPL: 160.08
KL(Tâ†’S): 0.3003 | KL(Sâ†’T): 0.2998
Imitability Ratio: 1.0018
================================================================================
Batch 200/1327 | T_Loss: 5.2172 | S_Loss: 5.2058 | KL(Tâ†’S): 0.2592 | KL(Sâ†’T): 0.2584
Batch 400/1327 | T_Loss: 4.9417 | S_Loss: 4.9536 | KL(Tâ†’S): 0.2985 | KL(Sâ†’T): 0.3008
Batch 600/1327 | T_Loss: 5.2362 | S_Loss: 5.2545 | KL(Tâ†’S): 0.2705 | KL(Sâ†’T): 0.2708
Batch 800/1327 | T_Loss: 5.0377 | S_Loss: 5.0054 | KL(Tâ†’S): 0.2952 | KL(Sâ†’T): 0.2945
Batch 1000/1327 | T_Loss: 5.0446 | S_Loss: 5.0626 | KL(Tâ†’S): 0.3080 | KL(Sâ†’T): 0.3068
Batch 1200/1327 | T_Loss: 4.5622 | S_Loss: 4.5469 | KL(Tâ†’S): 0.3292 | KL(Sâ†’T): 0.3231
================================================================================
Epoch 31/40 | Time: 41.83s
Valid - Teacher PPL: 159.88 | Student PPL: 160.08
KL(Tâ†’S): 0.2999 | KL(Sâ†’T): 0.2995
Imitability Ratio: 1.0014
================================================================================
Batch 200/1327 | T_Loss: 5.2419 | S_Loss: 5.2553 | KL(Tâ†’S): 0.2586 | KL(Sâ†’T): 0.2570
Batch 400/1327 | T_Loss: 4.9819 | S_Loss: 4.9488 | KL(Tâ†’S): 0.3226 | KL(Sâ†’T): 0.3258
Batch 600/1327 | T_Loss: 5.2704 | S_Loss: 5.2556 | KL(Tâ†’S): 0.2792 | KL(Sâ†’T): 0.2802
Batch 800/1327 | T_Loss: 5.0175 | S_Loss: 4.9888 | KL(Tâ†’S): 0.2881 | KL(Sâ†’T): 0.2887
Batch 1000/1327 | T_Loss: 5.0693 | S_Loss: 5.0382 | KL(Tâ†’S): 0.3033 | KL(Sâ†’T): 0.3030
Batch 1200/1327 | T_Loss: 4.5647 | S_Loss: 4.5746 | KL(Tâ†’S): 0.3212 | KL(Sâ†’T): 0.3194
================================================================================
Epoch 32/40 | Time: 41.83s
Valid - Teacher PPL: 159.88 | Student PPL: 160.08
KL(Tâ†’S): 0.3000 | KL(Sâ†’T): 0.2997
Imitability Ratio: 1.0012
================================================================================
Batch 200/1327 | T_Loss: 5.2347 | S_Loss: 5.2049 | KL(Tâ†’S): 0.2612 | KL(Sâ†’T): 0.2581
Batch 400/1327 | T_Loss: 4.9606 | S_Loss: 4.9355 | KL(Tâ†’S): 0.3092 | KL(Sâ†’T): 0.3143
Batch 600/1327 | T_Loss: 5.2191 | S_Loss: 5.2713 | KL(Tâ†’S): 0.2777 | KL(Sâ†’T): 0.2788
Batch 800/1327 | T_Loss: 4.9805 | S_Loss: 4.9847 | KL(Tâ†’S): 0.2837 | KL(Sâ†’T): 0.2845
Batch 1000/1327 | T_Loss: 5.0556 | S_Loss: 5.0641 | KL(Tâ†’S): 0.2996 | KL(Sâ†’T): 0.2995
Batch 1200/1327 | T_Loss: 4.5883 | S_Loss: 4.5715 | KL(Tâ†’S): 0.3405 | KL(Sâ†’T): 0.3376
================================================================================
Epoch 33/40 | Time: 41.82s
Valid - Teacher PPL: 159.88 | Student PPL: 160.08
KL(Tâ†’S): 0.2999 | KL(Sâ†’T): 0.2995
Imitability Ratio: 1.0014
================================================================================
Batch 200/1327 | T_Loss: 5.2219 | S_Loss: 5.2477 | KL(Tâ†’S): 0.2559 | KL(Sâ†’T): 0.2565
Batch 400/1327 | T_Loss: 4.9523 | S_Loss: 4.9338 | KL(Tâ†’S): 0.3301 | KL(Sâ†’T): 0.3385
Batch 600/1327 | T_Loss: 5.2566 | S_Loss: 5.2737 | KL(Tâ†’S): 0.2671 | KL(Sâ†’T): 0.2667
Batch 800/1327 | T_Loss: 4.9969 | S_Loss: 4.9876 | KL(Tâ†’S): 0.2874 | KL(Sâ†’T): 0.2924
Batch 1000/1327 | T_Loss: 5.0700 | S_Loss: 5.0676 | KL(Tâ†’S): 0.3133 | KL(Sâ†’T): 0.3090
Batch 1200/1327 | T_Loss: 4.5126 | S_Loss: 4.5676 | KL(Tâ†’S): 0.3104 | KL(Sâ†’T): 0.3119
================================================================================
Epoch 34/40 | Time: 41.82s
Valid - Teacher PPL: 159.88 | Student PPL: 160.08
KL(Tâ†’S): 0.3002 | KL(Sâ†’T): 0.2997
Imitability Ratio: 1.0015
================================================================================
Batch 200/1327 | T_Loss: 5.2560 | S_Loss: 5.2124 | KL(Tâ†’S): 0.2527 | KL(Sâ†’T): 0.2537
Batch 400/1327 | T_Loss: 4.9368 | S_Loss: 4.9689 | KL(Tâ†’S): 0.3172 | KL(Sâ†’T): 0.3172
Batch 600/1327 | T_Loss: 5.2584 | S_Loss: 5.2647 | KL(Tâ†’S): 0.2733 | KL(Sâ†’T): 0.2725
Batch 800/1327 | T_Loss: 5.0236 | S_Loss: 4.9934 | KL(Tâ†’S): 0.3042 | KL(Sâ†’T): 0.3039
Batch 1000/1327 | T_Loss: 5.0504 | S_Loss: 5.0584 | KL(Tâ†’S): 0.3022 | KL(Sâ†’T): 0.3022
Batch 1200/1327 | T_Loss: 4.5751 | S_Loss: 4.5466 | KL(Tâ†’S): 0.3222 | KL(Sâ†’T): 0.3164
================================================================================
Epoch 35/40 | Time: 41.82s
Valid - Teacher PPL: 159.88 | Student PPL: 160.08
KL(Tâ†’S): 0.3000 | KL(Sâ†’T): 0.2996
Imitability Ratio: 1.0012
================================================================================
Batch 200/1327 | T_Loss: 5.2175 | S_Loss: 5.2257 | KL(Tâ†’S): 0.2620 | KL(Sâ†’T): 0.2599
Batch 400/1327 | T_Loss: 4.9758 | S_Loss: 4.9680 | KL(Tâ†’S): 0.3183 | KL(Sâ†’T): 0.3205
Batch 600/1327 | T_Loss: 5.2455 | S_Loss: 5.2751 | KL(Tâ†’S): 0.2751 | KL(Sâ†’T): 0.2729
Batch 800/1327 | T_Loss: 5.0113 | S_Loss: 4.9695 | KL(Tâ†’S): 0.2981 | KL(Sâ†’T): 0.3040
Batch 1000/1327 | T_Loss: 5.0197 | S_Loss: 5.0330 | KL(Tâ†’S): 0.3067 | KL(Sâ†’T): 0.3028
Batch 1200/1327 | T_Loss: 4.5865 | S_Loss: 4.5641 | KL(Tâ†’S): 0.3281 | KL(Sâ†’T): 0.3309
================================================================================
Epoch 36/40 | Time: 41.83s
Valid - Teacher PPL: 159.88 | Student PPL: 160.08
KL(Tâ†’S): 0.3001 | KL(Sâ†’T): 0.2999
Imitability Ratio: 1.0009
================================================================================
Batch 200/1327 | T_Loss: 5.2137 | S_Loss: 5.2656 | KL(Tâ†’S): 0.2641 | KL(Sâ†’T): 0.2634
Batch 400/1327 | T_Loss: 4.9652 | S_Loss: 4.9582 | KL(Tâ†’S): 0.3108 | KL(Sâ†’T): 0.3167
Batch 600/1327 | T_Loss: 5.2313 | S_Loss: 5.2539 | KL(Tâ†’S): 0.2666 | KL(Sâ†’T): 0.2674
Batch 800/1327 | T_Loss: 4.9902 | S_Loss: 4.9677 | KL(Tâ†’S): 0.2846 | KL(Sâ†’T): 0.2858
Batch 1000/1327 | T_Loss: 5.0743 | S_Loss: 5.0486 | KL(Tâ†’S): 0.2976 | KL(Sâ†’T): 0.2975
Batch 1200/1327 | T_Loss: 4.5437 | S_Loss: 4.5715 | KL(Tâ†’S): 0.3252 | KL(Sâ†’T): 0.3236
================================================================================
Epoch 37/40 | Time: 41.85s
Valid - Teacher PPL: 159.88 | Student PPL: 160.08
KL(Tâ†’S): 0.3000 | KL(Sâ†’T): 0.2995
Imitability Ratio: 1.0017
================================================================================
Batch 200/1327 | T_Loss: 5.2320 | S_Loss: 5.2316 | KL(Tâ†’S): 0.2606 | KL(Sâ†’T): 0.2594
Batch 400/1327 | T_Loss: 4.9988 | S_Loss: 4.9520 | KL(Tâ†’S): 0.3228 | KL(Sâ†’T): 0.3282
Batch 600/1327 | T_Loss: 5.2207 | S_Loss: 5.2741 | KL(Tâ†’S): 0.2691 | KL(Sâ†’T): 0.2685
Batch 800/1327 | T_Loss: 4.9738 | S_Loss: 4.9942 | KL(Tâ†’S): 0.3019 | KL(Sâ†’T): 0.2997
Batch 1000/1327 | T_Loss: 5.0442 | S_Loss: 5.0754 | KL(Tâ†’S): 0.3105 | KL(Sâ†’T): 0.3106
Batch 1200/1327 | T_Loss: 4.5782 | S_Loss: 4.5469 | KL(Tâ†’S): 0.3206 | KL(Sâ†’T): 0.3177
================================================================================
Epoch 38/40 | Time: 41.85s
Valid - Teacher PPL: 159.88 | Student PPL: 160.08
KL(Tâ†’S): 0.2999 | KL(Sâ†’T): 0.2996
Imitability Ratio: 1.0011
================================================================================
Batch 200/1327 | T_Loss: 5.2365 | S_Loss: 5.2425 | KL(Tâ†’S): 0.2646 | KL(Sâ†’T): 0.2647
Batch 400/1327 | T_Loss: 4.9535 | S_Loss: 4.9612 | KL(Tâ†’S): 0.3209 | KL(Sâ†’T): 0.3236
Batch 600/1327 | T_Loss: 5.2447 | S_Loss: 5.2492 | KL(Tâ†’S): 0.2697 | KL(Sâ†’T): 0.2716
Batch 800/1327 | T_Loss: 5.0351 | S_Loss: 5.0308 | KL(Tâ†’S): 0.2946 | KL(Sâ†’T): 0.2908
Batch 1000/1327 | T_Loss: 5.0602 | S_Loss: 5.0489 | KL(Tâ†’S): 0.3097 | KL(Sâ†’T): 0.3054
Batch 1200/1327 | T_Loss: 4.5579 | S_Loss: 4.5343 | KL(Tâ†’S): 0.3211 | KL(Sâ†’T): 0.3190
================================================================================
Epoch 39/40 | Time: 41.84s
Valid - Teacher PPL: 159.88 | Student PPL: 160.08
KL(Tâ†’S): 0.2997 | KL(Sâ†’T): 0.2994
Imitability Ratio: 1.0012
================================================================================
Batch 200/1327 | T_Loss: 5.2324 | S_Loss: 5.2294 | KL(Tâ†’S): 0.2603 | KL(Sâ†’T): 0.2574
Batch 400/1327 | T_Loss: 4.9519 | S_Loss: 4.9555 | KL(Tâ†’S): 0.3189 | KL(Sâ†’T): 0.3176
Batch 600/1327 | T_Loss: 5.1903 | S_Loss: 5.2693 | KL(Tâ†’S): 0.2663 | KL(Sâ†’T): 0.2650
Batch 800/1327 | T_Loss: 5.0373 | S_Loss: 4.9990 | KL(Tâ†’S): 0.2883 | KL(Sâ†’T): 0.2856
Batch 1000/1327 | T_Loss: 5.0193 | S_Loss: 5.0233 | KL(Tâ†’S): 0.2905 | KL(Sâ†’T): 0.2919
Batch 1200/1327 | T_Loss: 4.5497 | S_Loss: 4.5326 | KL(Tâ†’S): 0.3205 | KL(Sâ†’T): 0.3250
================================================================================
Epoch 40/40 | Time: 41.84s
Valid - Teacher PPL: 159.88 | Student PPL: 160.08
KL(Tâ†’S): 0.3002 | KL(Sâ†’T): 0.2998
Imitability Ratio: 1.0011
================================================================================

================================================================================
FINAL TEST EVALUATION
================================================================================
Test - Teacher PPL: 155.32 | Student PPL: 155.44
Generalization Gap: 0.12

âś“ Training completed!
Results saved to: ckpt/Phase2/Tsmall_Ssmall_alpha0.1_seed0.pt
